-101 or(and(or(and(!$CTNNA1 !$SLC6A8) !$SLCO4A1) or($PSMD5 !$TDP1 !$ING2)) and(or(!$DDN !$DLX6) $GALNT8) and(not(0<($tumor_size_cm_preTrt_preSurgery)) $SLC6A8 !$BTG1) $taxane) 
-100 or(and(or(and($F2R !$TDP1) $PSMD5 !$ING2) or(and(!$CTNNA1 !$SLC6A8) !$SLCO4A1)) and(or(!$DDN !$DLX6) $GALNT8) and(not(0<($tumor_size_cm_preTrt_preSurgery)) $SLC6A8 !$BTG1) $taxane) 
-99 or(and(or(and($F2R !$TDP1) $PSMD5 !$ING2) or(and(!$CTNNA1 !$SLC6A8) !$SLCO4A1)) and(or(!$DDN !$DLX6) $GALNT8) and(or($OSBP2 $SLC6A8) not(0<($tumor_size_cm_preTrt_preSurgery)) !$BTG1) $taxane) 
-103 or(and(or(and(!$CTNNA1 !$SLC6A8) !$SLCO4A1) or($PSMD5 !$TDP1 !$ING2)) and(not(0<($tumor_size_cm_preTrt_preSurgery)) $SLC6A8 !$BTG1) and(!$DLX6 $GALNT8) $taxane) 
-102 or(and(or(and(!$CTNNA1 !$SLC6A8) !$SLCO4A1) or($PSMD5 !$TDP1 !$ING2)) and(or(!$DDN !$DLX6) $GALNT8) and($SLC6A8 !$BTG1 !$hormone_therapyClass) $taxane) 
-102 or(and(or(and($F2R !$TDP1) $PSMD5 !$CCNE2 !$ING2) or(and(!$CTNNA1 !$SLC6A8) !$SLCO4A1)) and(not(0<($tumor_size_cm_preTrt_preSurgery)) !$BTG1) and(!$DLX6 $GALNT8) $taxane) 
-102 or(and(or(and(!$CTNNA1 !$SLC6A8) !$SLCO4A1) or($PSMD5 !$TDP1 !$ING2)) and(or(!$KCNH4 !$DLX6) $GALNT8) and(not(0<($tumor_size_cm_preTrt_preSurgery)) $SLC6A8 !$BTG1) $taxane) 
-102 or(and(or(and(!$CTNNA1 !$SLC6A8) !$SLCO4A1) or($PSMD5 !$TDP1 !$ING2)) and(or($SLC6A8 $RAD50) not(0<($tumor_size_cm_preTrt_preSurgery)) !$BTG1) and(!$DLX6 $GALNT8) $taxane) 
-101 or(and(or(and(!$CTNNA1 !$SLC6A8) !$SLCO4A1) or($PSMD5 !$TDP1 !$ING2 $FOS)) and(or(!$DDN !$DLX6) $GALNT8) and($SLC6A8 !$BTG1 !$hormone_therapyClass) $taxane) 
-101 or(and(or(and($F2R !$TDP1) $PSMD5 !$ING2) or(and(!$CTNNA1 !$SLC6A8) !$SLCO4A1)) and(or(!$DDN !$DLX6) $GALNT8) and($SLC6A8 !$BTG1 !$hormone_therapyClass) $taxane) 
-101 or(and(or(and(!$CTNNA1 !$SLC6A8) !$SLCO4A1) or($PSMD5 !$TDP1 !$ING2)) and(or(!$DDN !$DLX6) $GALNT8) and(not(0<($tumor_size_cm_preTrt_preSurgery)) !$KEL $SLC6A8 !$BTG1) $taxane) 
-101 or(and(or(and(!$CTNNA1 !$SLC6A8) !$SLCO4A1) or($PSMD5 !$TDP1 !$ING2)) and(or(!$DDN !$DLX6) $GALNT8 !$docetaxel) and(not(0<($tumor_size_cm_preTrt_preSurgery)) $SLC6A8 !$BTG1) $taxane) 
-101 or(and(or(and(!$CTNNA1 !$SLC6A8) !$SLCO4A1) or($PSMD5 !$TDP1 !$ING2) !$fluorouracil) and(or(!$DDN !$DLX6) $GALNT8) and(not(0<($tumor_size_cm_preTrt_preSurgery)) $SLC6A8 !$BTG1) $taxane) 
-101 or(and(or(and(!$DDN $POU3F2) !$DLX6) $GALNT8) and(or(and(!$CTNNA1 !$SLC6A8) !$SLCO4A1) or($PSMD5 !$TDP1 !$ING2)) and(not(0<($tumor_size_cm_preTrt_preSurgery)) $CBX8 !$BTG1) $taxane) 
-101 or(and(or(and(!$DDN $POU3F2) !$DLX6) $GALNT8) and(or(and(!$CTNNA1 !$SLC6A8) !$SLCO4A1) or($PSMD5 !$TDP1 !$ING2)) and(not(0<($tumor_size_cm_preTrt_preSurgery)) $SLC6A8 !$BTG1) $taxane) 
-101 or(and(or(and(!$DDN !$GPI) !$DLX6) $GALNT8) and(or(and(!$CTNNA1 !$SLC6A8) !$SLCO4A1) or($PSMD5 !$TDP1 !$ING2)) and(not(0<($tumor_size_cm_preTrt_preSurgery)) $SLC6A8 !$BTG1) $taxane) 
-101 or(and(or(and(!$DDN !$C16orf58) !$DLX6) $GALNT8) and(or(and(!$CTNNA1 !$SLC6A8) !$SLCO4A1) or($PSMD5 !$TDP1 !$ING2)) and(not(0<($tumor_size_cm_preTrt_preSurgery)) $SLC6A8 !$BTG1) $taxane) 
-101 or(and(or(and(!$KCNH4 $POU3F2) !$DLX6) $GALNT8) and(or(and(!$CTNNA1 !$SLC6A8) !$SLCO4A1) or($PSMD5 !$TDP1 !$ING2)) and(not(0<($tumor_size_cm_preTrt_preSurgery)) $SLC6A8 !$BTG1) $taxane) 
-101 or(and(or(and($F2R !$TDP1) and(!$ING2 $SLC6A8) $PSMD5 !$CCNE2) or(and(!$CTNNA1 !$SLC6A8) !$SLCO4A1)) and(not(0<($tumor_size_cm_preTrt_preSurgery)) !$BTG1) and(!$DLX6 $GALNT8) $taxane) 
-101 or(and(or(and($F2R !$TDP1) and(!$ING2 $RAD50) $PSMD5 !$CCNE2) or(and(!$CTNNA1 !$SLC6A8) !$SLCO4A1)) and(not(0<($tumor_size_cm_preTrt_preSurgery)) !$BTG1) and(!$DLX6 $GALNT8) $taxane) 
-101 or(and(or(and($F2R !$TDP1) $PSMD5 !$ING2) or(and(!$CTNNA1 !$SLC6A8) !$SLCO4A1)) and(or($OSBP2 $SLC6A8) not(0<($tumor_size_cm_preTrt_preSurgery)) !$BTG1) and(!$DLX6 $GALNT8) $taxane) 
-101 or(and(or(and(!$CTNNA1 !$SLC6A8) !$SLCO4A1) or($PSMD5 !$TDP1 !$ING2)) and(or(not(0<($hist_grade)) !$hormone_therapyClass) $SLC6A8 !$BTG1) and(or(!$DDN !$DLX6) $GALNT8) $taxane) 
-101 or(and(or(and(!$CTNNA1 !$SLC6A8) !$SLCO4A1) or($PSMD5 !$TDP1 !$ING2)) and(or(!$DDN !$DLX6) $GALNT8) and(or(!$KCNH4 $SLC6A8) not(0<($tumor_size_cm_preTrt_preSurgery)) !$BTG1) $taxane) 
-101 or(and(or(and(!$CTNNA1 !$SLC6A8) !$SLCO4A1) or($PSMD5 !$TDP1 !$ING2)) and(or(!$DDN !$DLX6) $GALNT8) and(or(!$MDM1 $SLC6A8) not(0<($tumor_size_cm_preTrt_preSurgery)) !$BTG1) $taxane) 
-101 or(and(or(and(!$CTNNA1 !$SLC6A8) !$SLCO4A1) or($PSMD5 !$TDP1 !$ING2)) and(or(!$DDN !$DLX6) $GALNT8) and(not(0<($tumor_size_cm_preTrt_preSurgery)) not(0<($preTrt_totalLymphNodes)) $SLC6A8 !$BTG1) $taxane) 
-100 or(and(or(and($IGFBP4 !$ING2) $PSMD5 !$TDP1 $FOS) or(and(!$CTNNA1 !$SLC6A8) !$SLCO4A1)) and(or(!$DDN !$DLX6) $GALNT8) and($SLC6A8 !$BTG1 !$hormone_therapyClass) $taxane) 
-100 or(and(or(and(!$ING2 $KRT15) $PSMD5 !$TDP1 $FOS) or(and(!$CTNNA1 !$SLC6A8) !$SLCO4A1)) and(or(!$DDN !$DLX6) $GALNT8) and($SLC6A8 !$BTG1 !$hormone_therapyClass) $taxane) 
-100 or(and(or(and($F2R !$TDP1) and(!$ING2 $PFN2) $PSMD5) or(and(!$CTNNA1 !$SLC6A8) !$SLCO4A1)) and(or(!$DDN !$DLX6) $GALNT8) and($SLC6A8 !$BTG1 !$hormone_therapyClass) $taxane) 
-100 or(and(or(and($F2R !$TDP1) $PSMD5 !$ING2) or(and(!$CTNNA1 !$SLC6A8) !$SLCO4A1)) and(or(!$DDN !$DLX6) $GALNT8) and(or($OSBP2 $SLC6A8) !$BTG1 !$hormone_therapyClass) $taxane) 
-100 or(and(or(and($F2R !$TDP1) $PSMD5 !$ING2) or(and(!$CTNNA1 !$SLC6A8) !$SLCO4A1)) and(or(!$DDN !$DLX6) $GALNT8) and(not(0<($tumor_size_cm_preTrt_preSurgery)) $SLC6A8 !$BTG1) $taxane $fluorouracil) 
-100 or(and(or(and($F2R !$TDP1) $PSMD5 !$ING2) or(and(!$CTNNA1 !$SLC6A8) !$SLCO4A1)) and(or(!$DDN !$DLX6) $GALNT8) and(not(0<($tumor_size_cm_preTrt_preSurgery)) $SLC6A8 !$BTG1 !$fluorouracil) $taxane) 
-100 or(and(or(and($F2R !$TDP1) $PSMD5 !$ING2) or(and(!$CTNNA1 !$SLC6A8) !$SLCO4A1)) and(or(!$DDN !$DLX6 $doxorubicin) $GALNT8) and(not(0<($tumor_size_cm_preTrt_preSurgery)) $SLC6A8 !$BTG1) $taxane) 
-100 or(and(or(and(!$CTNNA1 !$SLC6A8) !$SLCO4A1) or($PSMD5 !$TDP1 !$ING2)) and(or(!$DDN !$DLX6) $GALNT8) and(or($SLC6A8 $FOS) not(0<($tumor_size_cm_preTrt_preSurgery)) !$KEL !$BTG1) $taxane) 
-100 or(and(or(and(!$CTNNA1 !$SLC6A8) !$SLCO4A1) or($PSMD5 !$TDP1 !$ING2) !$fluorouracil) and(or(!$DDN !$DLX6) $GALNT8) and(or($OSBP2 $SLC6A8) not(0<($tumor_size_cm_preTrt_preSurgery)) !$BTG1) $taxane) 
-100 or(and(or(and(!$CTNNA1 !$SLC6A8) !$SLCO4A1) or($PSMD5 !$TDP1 !$ING2 $FOS)) and(or(not(0<($hist_grade)) !$hormone_therapyClass) $SLC6A8 !$BTG1) and(or(!$DDN !$DLX6) $GALNT8) $taxane) 
-100 or(and(or(and(or($GABRQ $F2R) !$TDP1) $PSMD5 !$ING2) or(and(!$CTNNA1 !$SLC6A8) !$SLCO4A1)) and(or(!$DDN !$DLX6) $GALNT8) and(not(0<($tumor_size_cm_preTrt_preSurgery)) $SLC6A8 !$BTG1) $taxane) 
-100 or(and(or(and(or($F2R $PYCARD) !$TDP1) $PSMD5 !$ING2) or(and(!$CTNNA1 !$SLC6A8) !$SLCO4A1)) and(or(!$DDN !$DLX6) $GALNT8) and(not(0<($tumor_size_cm_preTrt_preSurgery)) $SLC6A8 !$BTG1) $taxane) 
-100 or(and(or(and(or($F2R !$DLX6) !$TDP1) $PSMD5 !$ING2) or(and(!$CTNNA1 !$SLC6A8) !$SLCO4A1)) and(or(!$DDN !$DLX6) $GALNT8) and(not(0<($tumor_size_cm_preTrt_preSurgery)) $SLC6A8 !$BTG1) $taxane) 
-100 or(and(or(and(or($F2R !$DAO) !$TDP1) $PSMD5 !$ING2) or(and(!$CTNNA1 !$SLC6A8) !$SLCO4A1)) and(or(!$DDN !$DLX6) $GALNT8) and(not(0<($tumor_size_cm_preTrt_preSurgery)) $SLC6A8 !$BTG1) $taxane) 
-100 or(and(or(and(or($F2R $NHLH2) !$TDP1) $PSMD5 !$ING2) or(and(!$CTNNA1 !$SLC6A8) !$SLCO4A1)) and(or(!$DDN !$DLX6) $GALNT8) and(not(0<($tumor_size_cm_preTrt_preSurgery)) $SLC6A8 !$BTG1) $taxane) 
-100 or(and(or(and(or($F2R $NRGN) !$TDP1) $PSMD5 !$ING2) or(and(!$CTNNA1 !$SLC6A8) !$SLCO4A1)) and(or(!$DDN !$DLX6) $GALNT8) and(not(0<($tumor_size_cm_preTrt_preSurgery)) $SLC6A8 !$BTG1) $taxane) 
-100 or(and(or(and(or($F2R $fluorouracil) !$TDP1) $PSMD5 !$ING2) or(and(!$CTNNA1 !$SLC6A8) !$SLCO4A1)) and(or(!$DDN !$DLX6) $GALNT8) and(not(0<($tumor_size_cm_preTrt_preSurgery)) $SLC6A8 !$BTG1) $taxane) 
-100 or(and(or(and(0<($preTrt_lymph_node_status) !$CTNNA1 !$SLC6A8) !$SLCO4A1) or(and($F2R !$TDP1) $PSMD5 !$ING2)) and(or(!$DDN !$DLX6) $GALNT8) and(not(0<($tumor_size_cm_preTrt_preSurgery)) $SLC6A8 !$BTG1) $taxane) 
-100 or(and(or(and($TSPAN32 !$DDN) !$DLX6) $GALNT8) and(or(and($F2R !$TDP1) $PSMD5 !$ING2) or(and(!$CTNNA1 !$SLC6A8) !$SLCO4A1)) and(not(0<($tumor_size_cm_preTrt_preSurgery)) $SLC6A8 !$BTG1) $taxane) 
-100 or(and(or(and(!$DDN $POU3F2) !$DLX6) $GALNT8) and(or(and($F2R !$TDP1) $PSMD5 !$ING2) or(and(!$CTNNA1 !$SLC6A8) !$SLCO4A1)) and(not(0<($tumor_size_cm_preTrt_preSurgery)) $CBX8 !$BTG1) $taxane) 
-100 or(and(or(and(!$DDN !$MYBPC2) !$DLX6) $GALNT8) and(or(and($F2R !$TDP1) $PSMD5 !$ING2) or(and(!$CTNNA1 !$SLC6A8) !$SLCO4A1)) and(not(0<($tumor_size_cm_preTrt_preSurgery)) $SLC6A8 !$BTG1) $taxane) 
-100 or(and(or(and(!$DDN $PRPSAP2) !$DLX6) $GALNT8) and(or(and($F2R !$TDP1) $PSMD5 !$ING2) or(and(!$CTNNA1 !$SLC6A8) !$SLCO4A1)) and(not(0<($tumor_size_cm_preTrt_preSurgery)) $SLC6A8 !$BTG1) $taxane) 
-100 or(and(or(and(!$DDN !$cyclophosphamide) !$DLX6) $GALNT8) and(or(and($F2R !$TDP1) $PSMD5 !$ING2) or(and(!$CTNNA1 !$SLC6A8) !$SLCO4A1)) and(not(0<($tumor_size_cm_preTrt_preSurgery)) $SLC6A8 !$BTG1) $taxane) 
-100 or(and(or(and($F2R !$TDP1) and($PPEF1 !$ING2) $PSMD5) or(and(!$CTNNA1 !$SLC6A8) !$SLCO4A1)) and(or(!$DDN !$DLX6) $GALNT8) and(not(0<($tumor_size_cm_preTrt_preSurgery)) $SLC6A8 !$BTG1) $taxane) 
-100 or(and(or(and($F2R !$TDP1) $PSMD5 !$ING2) or(and(!$CTNNA1 !$SLC6A8) !$SLCO4A1)) and(or(not(0<($tumor_size_cm_preTrt_preSurgery)) !$hormone_therapyClass) $SLC6A8 !$BTG1) and(or(!$DDN !$DLX6) $GALNT8) $taxane) 
-100 or(and(or(and($F2R !$TDP1) $PSMD5 !$ING2) or(and(!$CTNNA1 !$SLC6A8) !$SLCO4A1)) and(or(!$DDN !$DLX6) $GALNT8) and(or($GZMM $SLC6A8) not(0<($tumor_size_cm_preTrt_preSurgery)) !$BTG1) $taxane) 
-100 or(and(or(and($F2R !$TDP1) $PSMD5 !$ING2) or(and(!$CTNNA1 !$SLC6A8) !$SLCO4A1)) and(or(!$DDN !$DLX6) $GALNT8) and(or($TNNI1 $SLC6A8) not(0<($tumor_size_cm_preTrt_preSurgery)) !$BTG1) $taxane) 
-100 or(and(or(and($F2R !$TDP1) $PSMD5 !$ING2) or(and(!$CTNNA1 !$SLC6A8) !$SLCO4A1)) and(or(!$DDN !$DLX6) $GALNT8) and(or(!$MDM1 $SLC6A8) not(0<($tumor_size_cm_preTrt_preSurgery)) !$BTG1) $taxane) 
-100 or(and(or(and($F2R !$TDP1) $PSMD5 !$ING2) or(and(!$CTNNA1 !$SLC6A8) !$SLCO4A1)) and(or(!$DDN !$DLX6) $GALNT8) and(not(0<(+($tumor_size_cm_preTrt_preSurgery $preTrt_numPosLymphNodes))) $SLC6A8 !$BTG1) $taxane) 
-100 or(and(or(and(!$NHLH2 !$ING2) $PSMD5 !$TDP1) or(and(!$CTNNA1 !$SLC6A8) !$SLCO4A1)) and(or(!$DDN !$DLX6) $GALNT8) and(or($OSBP2 $SLC6A8) not(0<($tumor_size_cm_preTrt_preSurgery)) !$BTG1) $taxane) 
-100 or(and(or(and(!$CTNNA1 !$SLC6A8) !$SLCO4A1) or($PSMD5 !$TDP1 !$ING2)) and(or(!$DDN !$DLX6) $GALNT8) and(or(!$MDM1 $SLC6A8) not(0<($tumor_size_cm_preTrt_preSurgery)) !$BTG1) and(!$DDN $taxane)) 
-100 or(and(or(and(!$ING2 $C16orf58) $PSMD5 !$TDP1) or(and(!$CTNNA1 !$SLC6A8) !$SLCO4A1)) and(or(!$DDN !$DLX6) $GALNT8) and(not(0<($tumor_size_cm_preTrt_preSurgery)) not(0<($preTrt_totalLymphNodes)) $SLC6A8 !$BTG1) $taxane) 
-100 or(and(or(and(!$CTNNA1 !$SLC6A8) !$SLCO4A1) or($PSMD5 !$TDP1 !$ING2)) and(or(!$DDN !$DLX6) $GALNT8) and(or($SLC6A8 $RAD50) not(0<($tumor_size_cm_preTrt_preSurgery)) not(0<($preTrt_totalLymphNodes)) !$BTG1) $taxane) 
-99 or(and(or(and($F2R !$TDP1) $PSMD5 !$ING2) or(and(!$CTNNA1 !$SLC6A8) !$SLCO4A1)) and(or($C9 $OSBP2 $SLC6A8) not(0<($tumor_size_cm_preTrt_preSurgery)) !$BTG1) and(or(!$DDN !$DLX6) $GALNT8) $taxane) 
-99 or(and(or(and($F2R !$TDP1) $PSMD5 !$ING2) or(and(!$CTNNA1 !$SLC6A8) !$SLCO4A1)) and(or(!$DDN !$DLX6) $GALNT8) and(or($OSBP2 $SLC6A8) not(0<($tumor_size_cm_preTrt_preSurgery)) !$BTG1) $taxane $doxorubicin) 
-99 or(and(or(and($F2R !$TDP1) $PSMD5 !$ING2) or(and(!$CTNNA1 !$SLC6A8) !$SLCO4A1)) and(or(!$DDN !$DLX6) $GALNT8) and(or($OSBP2 $SLC6A8) not(0<($tumor_size_cm_preTrt_preSurgery)) !$BTG1) $taxane $fluorouracil) 
-99 or(and(or(and($F2R !$TDP1) $PSMD5 !$ING2) or(and(!$CTNNA1 !$SLC6A8) !$SLCO4A1)) and(or(!$DDN !$DLX6) $GALNT8) and(or($OSBP2 $SLC6A8) not(0<($tumor_size_cm_preTrt_preSurgery)) !$BTG1) $taxane $paclitaxel) 
-99 or(and(or(and($F2R !$TDP1) $PSMD5 !$ING2) or(and(!$CTNNA1 !$SLC6A8) !$SLCO4A1)) and(or(!$DDN !$DLX6) $GALNT8) and(or($OSBP2 $SLC6A8 !$chemotherapyClass) not(0<($tumor_size_cm_preTrt_preSurgery)) !$BTG1) $taxane) 
-99 or(and(or(and($F2R !$TDP1) $PSMD5 !$ING2) or(and(!$CTNNA1 !$SLC6A8) !$SLCO4A1)) and(or(!$DDN !$DLX6) $GALNT8) and(or($OSBP2 $SLC6A8 $tamoxifen) not(0<($tumor_size_cm_preTrt_preSurgery)) !$BTG1) $taxane) 
-99 or(and(or(and($F2R !$TDP1) $PSMD5 !$ING2) or(and(!$CTNNA1 !$SLC6A8) !$SLCO4A1)) and(or(!$DDN !$DLX6) $GALNT8) and(or($OSBP2 $SLC6A8 $doxorubicin) not(0<($tumor_size_cm_preTrt_preSurgery)) !$BTG1) $taxane) 
-99 or(and(or(and($F2R !$TDP1) $PSMD5 !$ING2) or(and(!$CTNNA1 !$SLC6A8) !$SLCO4A1)) and(or(!$DDN !$DLX6) $GALNT8) and(or($OSBP2 $SLC6A8 $paclitaxel) not(0<($tumor_size_cm_preTrt_preSurgery)) !$BTG1) $taxane) 
-99 or(and(or(and($F2R !$TDP1) $PSMD5 !$ING2) or(and(!$CTNNA1 !$SLC6A8) !$SLCO4A1)) and(or(!$DDN !$DLX6 $fluorouracil) $GALNT8) and(or($OSBP2 $SLC6A8) not(0<($tumor_size_cm_preTrt_preSurgery)) !$BTG1) $taxane) 
-99 or(and(or(and($F2R !$TDP1 $estrogen_receptor_blocker) $PSMD5 !$ING2) or(and(!$CTNNA1 !$SLC6A8) !$SLCO4A1)) and(or(!$DDN !$DLX6) $GALNT8) and(or($OSBP2 $SLC6A8) not(0<($tumor_size_cm_preTrt_preSurgery)) !$BTG1) $taxane) 
-99 or(and(or(and(!$ING2 $KRT15) $PSMD5 !$TDP1 $FOS) or(and(!$CTNNA1 !$SLC6A8) !$SLCO4A1)) and(or(not(0<($hist_grade)) !$hormone_therapyClass) $SLC6A8 !$BTG1) and(or(!$DDN !$DLX6) $GALNT8) $taxane) 
-99 or(and(or(and(or($F2R $MGAT4A) !$TDP1) $PSMD5 !$ING2) or(and(!$CTNNA1 !$SLC6A8) !$SLCO4A1)) and(or(!$DDN !$DLX6) $GALNT8) and(or($OSBP2 $SLC6A8) not(0<($tumor_size_cm_preTrt_preSurgery)) !$BTG1) $taxane) 
-99 or(and(or(and(or($F2R !$ZNF14) !$TDP1) and($PPEF1 !$ING2) $PSMD5) or(and(!$CTNNA1 !$SLC6A8) !$SLCO4A1)) and(or(!$DDN !$DLX6) $GALNT8) and(not(0<($tumor_size_cm_preTrt_preSurgery)) $SLC6A8 !$BTG1) $taxane) 
-99 or(and(or(and(or($F2R $VPS39) !$TDP1) $PSMD5 !$ING2) or(and(!$CTNNA1 !$SLC6A8) !$SLCO4A1)) and(or(!$DDN !$DLX6) $GALNT8) and(or($OSBP2 $SLC6A8) not(0<($tumor_size_cm_preTrt_preSurgery)) !$BTG1) $taxane) 
-99 or(and(or(and(or($F2R !$hormone_therapyClass) !$TDP1) and($PPEF1 !$ING2) $PSMD5) or(and(!$CTNNA1 !$SLC6A8) !$SLCO4A1)) and(or(!$DDN !$DLX6) $GALNT8) and(not(0<($tumor_size_cm_preTrt_preSurgery)) $SLC6A8 !$BTG1) $taxane) 
-99 or(and(or(and(or(!$TDP1 $FOS) $F2R) $PSMD5 !$ING2) or(and(!$CTNNA1 !$SLC6A8) !$SLCO4A1)) and(or(!$DDN !$DLX6) $GALNT8) and(or($OSBP2 $SLC6A8) not(0<($tumor_size_cm_preTrt_preSurgery)) !$BTG1) $taxane) 
-99 or(and(or(and(or(!$TDP1 $docetaxel) $F2R) $PSMD5 !$ING2) or(and(!$CTNNA1 !$SLC6A8) !$SLCO4A1)) and(or(!$DDN !$DLX6) $GALNT8) and(or($OSBP2 $SLC6A8) not(0<($tumor_size_cm_preTrt_preSurgery)) !$BTG1) $taxane) 
-99 or(and(or(and(or($PLXNA1 !$NHLH2) !$ING2) $PSMD5 !$TDP1) or(and(!$CTNNA1 !$SLC6A8) !$SLCO4A1)) and(or(!$DDN !$DLX6) $GALNT8) and(or($OSBP2 $SLC6A8) not(0<($tumor_size_cm_preTrt_preSurgery)) !$BTG1) $taxane) 
-99 or(and(or(and(0<($preTrt_lymph_node_status) !$CTNNA1 !$SLC6A8) !$SLCO4A1) or(and($F2R !$TDP1) $PSMD5 !$ING2)) and(or(!$DDN !$DLX6) $GALNT8) and(or($OSBP2 $SLC6A8) not(0<($tumor_size_cm_preTrt_preSurgery)) !$BTG1) $taxane) 
-99 or(and(or(and($OR12D3 $OSBP2) $SLC6A8) not(0<($tumor_size_cm_preTrt_preSurgery)) !$BTG1) and(or(and($F2R !$TDP1) $PSMD5 !$ING2) or(and(!$CTNNA1 !$SLC6A8) !$SLCO4A1)) and(or(!$DDN !$DLX6) $GALNT8) $taxane) 
-99 or(and(or(and($OR12D3 $SLC6A8) $OSBP2) not(0<($tumor_size_cm_preTrt_preSurgery)) !$BTG1) and(or(and($F2R !$TDP1) $PSMD5 !$ING2) or(and(!$CTNNA1 !$SLC6A8) !$SLCO4A1)) and(or(!$DDN !$DLX6) $GALNT8) $taxane) 
-99 or(and(or(and(!$DDN $CCR4) !$DLX6) $GALNT8) and(or(and($F2R !$TDP1) $PSMD5 !$ING2) or(and(!$CTNNA1 !$SLC6A8) !$SLCO4A1)) and(or($OSBP2 $SLC6A8) not(0<($tumor_size_cm_preTrt_preSurgery)) !$BTG1) $taxane) 
-99 or(and(or(and(!$DDN !$MYBPC2) !$DLX6) $GALNT8) and(or(and($F2R !$TDP1) and(!$ING2 $NME3) $PSMD5) or(and(!$CTNNA1 !$SLC6A8) !$SLCO4A1)) and(not(0<($tumor_size_cm_preTrt_preSurgery)) $SLC6A8 !$BTG1) $taxane) 
-99 or(and(or(and(!$DDN $PRPSAP2) !$DLX6) $GALNT8) and(or(and($F2R !$TDP1) $PSMD5 !$ING2) or(and(!$CTNNA1 !$SLC6A8) !$SLCO4A1)) and(or($SLC6A8 $RAD50) not(0<($tumor_size_cm_preTrt_preSurgery)) !$BTG1) $taxane) 
-99 or(and(or(and($F2R !$TDP1) and($PPEF1 !$ING2) $PSMD5) or(and(!$CTNNA1 !$SLC6A8) !$SLCO4A1)) and(or(!$DDN !$DLX6) $GALNT8) and(or($OSBP2 $SLC6A8) not(0<($tumor_size_cm_preTrt_preSurgery)) !$BTG1) $taxane) 
-99 or(and(or(and($F2R !$TDP1) and(!$NHLH2 !$ING2) $PSMD5) or(and(!$CTNNA1 !$SLC6A8) !$SLCO4A1)) and(or(!$DDN !$DLX6) $GALNT8) and(or($OSBP2 $SLC6A8) not(0<($tumor_size_cm_preTrt_preSurgery)) !$BTG1) $taxane) 
-99 or(and(or(and($F2R !$TDP1) and(!$ING2 $PFN2) $PSMD5) or(and(!$CTNNA1 !$SLC6A8) !$SLCO4A1)) and(or(not(0<($tumor_size_cm_preTrt_preSurgery)) !$hormone_therapyClass) $SLC6A8 !$BTG1) and(or(!$DDN !$DLX6) $GALNT8) $taxane) 
-99 or(and(or(and($F2R !$TDP1) and(!$ING2 !$paclitaxel) $PSMD5) or(and(!$CTNNA1 !$SLC6A8) !$SLCO4A1)) and(or(!$DDN !$DLX6) $GALNT8) and(or($OSBP2 $SLC6A8) not(0<($tumor_size_cm_preTrt_preSurgery)) !$BTG1) $taxane) 
-99 or(and(or(and($F2R !$TDP1) $PSMD5 !$ING2) or(and(!$CTNNA1 !$SLC6A8) and(!$SLCO4A1 !$paclitaxel))) and(or(!$DDN !$DLX6) $GALNT8) and(or($OSBP2 $SLC6A8) not(0<($tumor_size_cm_preTrt_preSurgery)) !$BTG1) $taxane) 
-99 or(and(or(and($F2R !$TDP1) $PSMD5 !$ING2) or(and(!$CTNNA1 !$SLC6A8) !$SLCO4A1)) and(or(and(!$CCNE2 $OSBP2) $SLC6A8) not(0<($tumor_size_cm_preTrt_preSurgery)) !$BTG1) and(or(!$DDN !$DLX6) $GALNT8) $taxane) 
-99 or(and(or(and($F2R !$TDP1) $PSMD5 !$ING2) or(and(!$CTNNA1 !$SLC6A8) !$SLCO4A1)) and(or(and(!$TNNI1 $OSBP2) $SLC6A8) not(0<($tumor_size_cm_preTrt_preSurgery)) !$BTG1) and(or(!$DDN !$DLX6) $GALNT8) $taxane) 
-99 or(and(or(and($F2R !$TDP1) $PSMD5 !$ING2) or(and(!$CTNNA1 !$SLC6A8) !$SLCO4A1)) and(or(and(!$NHLH2 $SLC6A8) $OSBP2) not(0<($tumor_size_cm_preTrt_preSurgery)) !$BTG1) and(or(!$DDN !$DLX6) $GALNT8) $taxane) 
-99 or(and(or(and($F2R !$TDP1) $PSMD5 !$ING2) or(and(!$CTNNA1 !$SLC6A8) !$SLCO4A1)) and(or(and(!$KLRF1 $OSBP2) $SLC6A8) not(0<($tumor_size_cm_preTrt_preSurgery)) !$BTG1) and(or(!$DDN !$DLX6) $GALNT8) $taxane) 
-99 or(and(or(and($F2R !$TDP1) $PSMD5 !$ING2) or(and(!$CTNNA1 !$SLC6A8) !$SLCO4A1)) and(or(not(0<($tumor_size_cm_preTrt_preSurgery)) !$hormone_therapyClass) or($OSBP2 $SLC6A8) !$BTG1) and(or(!$DDN !$DLX6) $GALNT8) $taxane) 
-99 or(and(or(and($F2R !$TDP1) $PSMD5 !$ING2) or(and(!$CTNNA1 !$SLC6A8) !$SLCO4A1)) and(or(!$DDN !$DLX6) $GALNT8) and(or($OSBP2 $SLC6A8) not(0<(+(impulse($BTG1) $tumor_size_cm_preTrt_preSurgery))) !$BTG1) $taxane) 
-99 or(and(or(and(!$ING2 $C16orf58) $PSMD5 !$TDP1) or(and(!$CTNNA1 !$SLC6A8) !$SLCO4A1)) and(or(!$DDN !$DLX6) $GALNT8) and(or($TCFL5 $SLC6A8) not(0<($tumor_size_cm_preTrt_preSurgery)) not(0<($preTrt_totalLymphNodes)) !$BTG1) $taxane) 
-99 or(and(or(and($F2R !$TDP1) $PSMD5 !$ING2) or(and(!$CTNNA1 !$SLC6A8) !$SLCO4A1)) and(or(not(0<($age)) $GALNT8) or(!$DDN !$DLX6)) and(or($OSBP2 $SLC6A8) not(0<($tumor_size_cm_preTrt_preSurgery)) !$BTG1) $taxane) 
-98 or(and(or(and($F2R !$TDP1) $PSMD5 !$ING2) or(and(!$CTNNA1 !$SLC6A8) !$SLCO4A1)) and(or(and($ICT1 $SLC6A8) $OSBP2) not(0<($tumor_size_cm_preTrt_preSurgery)) !$BTG1) and(or(!$DDN !$DLX6) $GALNT8) $taxane $doxorubicin) 
-98 or(and(or(and(or($PPEF1 !$NHLH2) !$ING2) and($F2R !$TDP1) $PSMD5) or(and(!$CTNNA1 !$SLC6A8) !$SLCO4A1)) and(or(!$DDN !$DLX6) $GALNT8) and(or($OSBP2 $SLC6A8) not(0<($tumor_size_cm_preTrt_preSurgery)) !$BTG1) $taxane) 
-105 or(and(or(and(!$CTNNA1 !$SLC6A8) !$SLCO4A1) or($PSMD5 !$TDP1)) and(not(0<($tumor_size_cm_preTrt_preSurgery)) $SLC6A8 !$BTG1) and(!$DLX6 $GALNT8) $taxane) 
-104 or(and(or(and(!$CTNNA1 !$SLC6A8) !$SLCO4A1) or($PSMD5 !$TDP1 !$ING2)) and(!$DLX6 $GALNT8) and($SLC6A8 !$BTG1 !$hormone_therapyClass) $taxane) 
-104 or(and(or(and(!$CTNNA1 !$SLC6A8) !$SLCO4A1) or($PSMD5 !$TDP1 !$ING2)) and(!$DLX6 $GALNT8) and($SLC6A8 !$BTG1 $other) $taxane) 
