-96 or(and(or(and($PPEF1 !$MYO1A) $MYBPC2 $VPS39) or(!$SLCO4A1 !$LY6H)) and(!$GABRQ $MYO1A !$fluorouracil) and($GZMM $CES2) and(!$MAP1S !$SERPINB2) and($PPP1R12A !$CTNNA1 $C7orf10) !$epirubicin) 
-95 or(and(or(and(or($ZNF14 !$MYO1A) $PPEF1) $MYBPC2 $VPS39) or(!$SLCO4A1 !$LY6H)) and(!$GABRQ $MYO1A !$fluorouracil) and($GZMM $CES2) and(!$MAP1S !$SERPINB2) and($PPP1R12A !$CTNNA1 $C7orf10) !$epirubicin) 
-95 or(and(or(and($PPEF1 !$MYO1A) $MYBPC2 $VPS39) or(!$SLCO4A1 !$LY6H)) and(or($PPP1R12A !$KEL) !$CTNNA1 $C7orf10) and(!$GABRQ $MYO1A !$fluorouracil) and($GZMM $CES2) and(!$MAP1S !$SERPINB2) !$epirubicin) 
-95 or(and(or(and($PPEF1 !$MYO1A) $MYBPC2 $VPS39) or(!$SLCO4A1 !$LY6H)) and(or($PPP1R12A !$docetaxel) !$CTNNA1 $C7orf10) and(!$GABRQ $MYO1A !$fluorouracil) and($GZMM $CES2) and(!$MAP1S !$SERPINB2) !$epirubicin) 
-94 or(and(or(and(or($ZNF14 !$MYO1A) $PPEF1) $MYBPC2 $VPS39) or(!$SLCO4A1 !$LY6H)) and(or(!$C9 $PPP1R12A) !$CTNNA1 $C7orf10) and(!$GABRQ $MYO1A !$fluorouracil) and($GZMM $CES2) and(!$MAP1S !$SERPINB2) !$epirubicin) 
-94 or(and(or(and(or($ZNF14 !$MYO1A) $PPEF1) $MYBPC2 $VPS39) or(!$SLCO4A1 !$LY6H)) and(or(!$MAP1S $FBXO7) !$SERPINB2) and(!$GABRQ $MYO1A !$fluorouracil) and($GZMM $CES2) and($PPP1R12A !$CTNNA1 $C7orf10) !$epirubicin) 
-92 or(and(or(and(or($ZNF14 !$MYO1A) $PPEF1) $MYBPC2 $VPS39) or(and($PRPSAP2 !$LY6H) !$SLCO4A1)) and(or(!$MAP1S $FBXO7) !$SERPINB2) and(!$GABRQ $VPS8 $MYO1A !$fluorouracil) and($GZMM $CES2) and($PPP1R12A !$CTNNA1 $C7orf10) !$epirubicin) 
-91 or(and(or(and(or($ZNF14 !$MYO1A) $PPEF1) $MYBPC2 $VPS39) or(and($PRPSAP2 !$LY6H) !$SLCO4A1)) and(or(!$MAP1S $FBXO7) !$SERPINB2) and(!$GABRQ $VPS8 $MYO1A !$fluorouracil) and($GZMM !$CCR4 $CES2) and($PPP1R12A !$CTNNA1 $C7orf10) !$epirubicin) 
-91 or(and(or(and(or($ZNF14 !$MYO1A) $PPEF1) $MYBPC2 $VPS39) or(and($PRPSAP2 !$LY6H) !$SLCO4A1)) and(or(!$MAP1S $FBXO7) !$SERPINB2) and(!$GABRQ $VPS8 $MYO1A !$fluorouracil) and($GZMM $CES2) and(!$DUOX2 $PPP1R12A !$CTNNA1 $C7orf10) !$epirubicin) 
-91 or(and(or(and(or($ZNF14 !$MYO1A) $PPEF1) $MYBPC2 $VPS39) or(and($PRPSAP2 !$LY6H) !$SLCO4A1)) and(or(!$MAP1S $FBXO7) !$SERPINB2) and(!$GABRQ $VPS8 $MYO1A !$fluorouracil) and($GZMM $CES2 $MAP3K7) and($PPP1R12A !$CTNNA1 $C7orf10) !$epirubicin) 
-91 or(and(or(and(or(!$CARD9 $PRPSAP2) !$LY6H) !$SLCO4A1) or(and(or($ZNF14 !$MYO1A) $PPEF1) $MYBPC2 $VPS39)) and(or(!$MAP1S $FBXO7) !$SERPINB2) and(!$GABRQ $VPS8 $MYO1A !$fluorouracil) and($GZMM $CES2) and($PPP1R12A !$CTNNA1 $C7orf10) !$epirubicin) 
-91 or(and(or(and(or($PRPSAP2 !$ST6GALNAC4) !$LY6H) !$SLCO4A1) or(and(or($ZNF14 !$MYO1A) $PPEF1) $MYBPC2 $VPS39)) and(or(!$MAP1S $FBXO7) !$SERPINB2) and(!$GABRQ $VPS8 $MYO1A !$fluorouracil) and($GZMM $CES2) and($PPP1R12A !$CTNNA1 $C7orf10) !$epirubicin) 
-91 or(and(or(and(or($PRPSAP2 $capecitabine) !$LY6H) !$SLCO4A1) or(and(or($ZNF14 !$MYO1A) $PPEF1) $MYBPC2 $VPS39)) and(or(!$MAP1S $FBXO7) !$SERPINB2) and(!$GABRQ $VPS8 $MYO1A !$fluorouracil) and($GZMM $CES2) and($PPP1R12A !$CTNNA1 $C7orf10) !$epirubicin) 
-91 or(and(or(and(or(0<($age) $PRPSAP2) !$LY6H) !$SLCO4A1) or(and(or($ZNF14 !$MYO1A) $PPEF1) $MYBPC2 $VPS39)) and(or(!$MAP1S $FBXO7) !$SERPINB2) and(!$GABRQ $VPS8 $MYO1A !$fluorouracil) and($GZMM $CES2) and($PPP1R12A !$CTNNA1 $C7orf10) !$epirubicin) 
-90 or(and(or(and(or($ZNF14 !$MYO1A) $PPEF1) $MYBPC2 $VPS39) or(and($PRPSAP2 !$LY6H) !$SLCO4A1)) and(or(!$MAP1S $FBXO7) !$SERPINB2) and(!$SGK2 $GZMM $CES2) and(!$GABRQ $VPS8 $MYO1A !$fluorouracil) and(!$DUOX2 $PPP1R12A !$CTNNA1 $C7orf10) !$epirubicin) 
-90 or(and(or(and(or($ZNF14 !$MYO1A) $PPEF1) $MYBPC2 $VPS39) or(and($PRPSAP2 !$LY6H) !$SLCO4A1)) and(or(!$MAP1S $FBXO7) !$SERPINB2) and(!$GABRQ $VPS8 $MYO1A !$fluorouracil) and($GZMM !$CCR4 $CES2) and(!$DUOX2 $PPP1R12A !$CTNNA1 $C7orf10) !$epirubicin) 
-90 or(and(or(and(or($ZNF14 !$MYO1A) $PPEF1) $MYBPC2 $VPS39) or(and($PRPSAP2 !$LY6H) !$SLCO4A1)) and(or(!$MAP1S $FBXO7) !$SERPINB2) and(!$GABRQ $VPS8 $MYO1A !$fluorouracil) and($GZMM $TNNI1 $CES2) and(!$DUOX2 $PPP1R12A !$CTNNA1 $C7orf10) !$epirubicin) 
-90 or(and(or(and(or($ZNF14 !$MYO1A) $PPEF1) $MYBPC2 $VPS39) or(and($PRPSAP2 !$LY6H) !$SLCO4A1)) and(or(!$MAP1S $FBXO7) !$SERPINB2) and(!$GABRQ $VPS8 $MYO1A !$fluorouracil) and($GZMM $CES2 !$TTC31) and(!$DUOX2 $PPP1R12A !$CTNNA1 $C7orf10) !$epirubicin) 
-90 or(and(or(and(or($ZNF14 !$MYO1A) $PPEF1) $MYBPC2 $VPS39) or(and($PRPSAP2 !$LY6H) !$SLCO4A1)) and(or(!$MAP1S $FBXO7) !$SERPINB2) and(!$GABRQ $VPS8 $MYO1A !$fluorouracil) and($GZMM $CES2 $MAP3K7) and($PPP1R12A !$CTNNA1 !$MAP3K7 $C7orf10) !$epirubicin) 
-90 or(and(or(and(or(!$MAP1S $PRPSAP2) !$LY6H) !$SLCO4A1) or(and(or($ZNF14 !$MYO1A) $PPEF1) $MYBPC2 $VPS39)) and(or(!$MAP1S $FBXO7) !$SERPINB2) and(!$GABRQ $VPS8 $MYO1A !$fluorouracil) and($GZMM $CES2) and(!$DUOX2 $PPP1R12A !$CTNNA1 $C7orf10) !$epirubicin) 
-90 or(and(or(and(or(!$TDP1 $PRPSAP2) !$LY6H) !$SLCO4A1) or(and(or($ZNF14 !$MYO1A) $PPEF1) $MYBPC2 $VPS39)) and(or(!$MAP1S $FBXO7) !$SERPINB2) and(!$GABRQ $VPS8 $MYO1A !$fluorouracil) and($GZMM $CES2) and(!$DUOX2 $PPP1R12A !$CTNNA1 $C7orf10) !$epirubicin) 
-90 or(and(or(and(or(!$TDP1 $PRPSAP2) !$LY6H) !$SLCO4A1) or(and(or($ZNF14 !$MYO1A) $PPEF1) $VPS39)) and(or(!$MAP1S $FBXO7) !$SERPINB2) and(!$GABRQ $VPS8 $MYO1A !$fluorouracil) and($GZMM $CES2) and(!$DUOX2 $PPP1R12A !$CTNNA1 $C7orf10) $MYBPC2 !$epirubicin) 
-90 or(and(or(and(or(!$CARD9 $PRPSAP2) !$LY6H) !$SLCO4A1) or(and(or($ZNF14 !$MYO1A) $PPEF1) $MYBPC2 $VPS39)) and(or(!$MAP1S $FBXO7) !$SERPINB2) and(!$GABRQ $VPS8 $MYO1A !$fluorouracil) and($GZMM $CES2 !$PPP1R12A) and($PPP1R12A !$CTNNA1 $C7orf10) !$epirubicin) 
-90 or(and(or(and(or(!$CARD9 $PRPSAP2) !$LY6H) !$SLCO4A1) or(and(or($ZNF14 !$MYO1A) $PPEF1) $MYBPC2 $VPS39)) and(or(!$MAP1S $FBXO7) !$SERPINB2) and(!$GABRQ $VPS8 $MYO1A !$fluorouracil) and($GZMM $CES2 $PTGES) and($PPP1R12A !$CTNNA1 $C7orf10) !$epirubicin) 
-90 or(and(or(and(or(!$CARD9 $PRPSAP2) !$LY6H) !$SLCO4A1) or(and(or($ZNF14 !$MYO1A) $PPEF1) $VPS39)) and(or(!$MAP1S $FBXO7) !$SERPINB2) and(!$GABRQ $VPS8 $MYO1A !$fluorouracil) and($GZMM $CES2 !$PPP1R12A) and($PPP1R12A !$CTNNA1 $C7orf10) $MYBPC2 !$epirubicin) 
-90 or(and(or(and(or($PRPSAP2 !$ST6GALNAC4) !$LY6H) !$SLCO4A1) or(and(or($ZNF14 !$MYO1A) $PPEF1) $MYBPC2 $VPS39)) and(or(!$MAP1S $FBXO7) !$SERPINB2) and(!$GABRQ $VPS8 $MYO1A !$fluorouracil) and($GZMM !$CCR4 $CES2) and($PPP1R12A !$CTNNA1 $C7orf10) !$epirubicin) 
-90 or(and(or(and(or($PRPSAP2 !$ST6GALNAC4) !$LY6H) !$SLCO4A1) or(and(or($ZNF14 !$MYO1A) $PPEF1) $MYBPC2 $VPS39)) and(or(!$MAP1S $FBXO7) !$SERPINB2) and(!$GABRQ $VPS8 $MYO1A !$fluorouracil) and($GZMM $CES2) and(!$DUOX2 $PPP1R12A !$CTNNA1 $C7orf10) !$epirubicin) 
-90 or(and(or(and(or($PRPSAP2 !$ST6GALNAC4) !$LY6H) !$SLCO4A1) or(and(or($ZNF14 !$MYO1A) $PPEF1) $MYBPC2 $VPS39)) and(or(!$MAP1S $FBXO7) !$SERPINB2) and(!$GABRQ $VPS8 $MYO1A !$fluorouracil) and($GZMM $CES2 $MAP3K7) and($PPP1R12A !$CTNNA1 $C7orf10) !$epirubicin) 
-90 or(and(or(and(or($PRPSAP2 $capecitabine) !$LY6H) !$SLCO4A1) or(and(or($ZNF14 !$MYO1A) $PPEF1) $MYBPC2 $VPS39)) and(or(!$MAP1S $FBXO7) !$SERPINB2) and(!$GABRQ $VPS8 $MYO1A !$fluorouracil) and($GZMM $CES2) and(!$DUOX2 $PPP1R12A !$CTNNA1 $C7orf10) !$epirubicin) 
-90 or(and(or(and(or(0<($age) $PRPSAP2) !$LY6H) !$SLCO4A1) or(and(or($ZNF14 !$MYO1A) $PPEF1) $MYBPC2 $VPS39)) and(or(!$MAP1S $FBXO7) !$SERPINB2) and(!$GABRQ $VPS8 $MYO1A !$fluorouracil) and($GZMM !$CCR4 $CES2) and($PPP1R12A !$CTNNA1 $C7orf10) !$epirubicin) 
-90 or(and(or(and(or(0<($age) $PRPSAP2) !$LY6H) !$SLCO4A1) or(and(or($ZNF14 !$MYO1A) $PPEF1) $MYBPC2 $VPS39)) and(or(!$MAP1S $FBXO7) !$SERPINB2) and(!$GABRQ $VPS8 $MYO1A !$fluorouracil) and($GZMM $CES2) and(!$DUOX2 $PPP1R12A !$CTNNA1 $C7orf10) !$epirubicin) 
-89 or(and(or(and(or($GABRQ $PRPSAP2) !$LY6H) !$SLCO4A1) or(and(or($ZNF14 !$MYO1A) $PPEF1) $MYBPC2 $VPS39)) and(or(!$MAP1S $FBXO7) !$SERPINB2) and(!$GABRQ $VPS8 $MYO1A !$fluorouracil) and($GZMM !$CCR4 $CES2) and(!$DUOX2 $PPP1R12A !$CTNNA1 $C7orf10) !$epirubicin) 
-89 or(and(or(and(or(!$CARD9 $PRPSAP2) !$LY6H) !$SLCO4A1) or(and(or($ZNF14 !$MYO1A) $PPEF1) $MYBPC2 $VPS39)) and(or(!$MAP1S $FBXO7) !$SERPINB2) and(!$GABRQ $VPS8 $MYO1A !$fluorouracil) and($GZMM $CES2 !$PPP1R12A) and(!$DUOX2 $PPP1R12A !$CTNNA1 $C7orf10) !$epirubicin) 
-89 or(and(or(and(or(!$CARD9 $PRPSAP2) !$LY6H) !$SLCO4A1) or(and(or($ZNF14 !$MYO1A) $PPEF1) $VPS39)) and(or(!$MAP1S $FBXO7) !$SERPINB2) and(!$GABRQ $VPS8 $MYO1A !$fluorouracil) and($GZMM $CES2 !$PPP1R12A) and(!$DUOX2 $PPP1R12A !$CTNNA1 $C7orf10) $MYBPC2 !$epirubicin) 
-89 or(and(or(and(or($PRPSAP2 !$ST6GALNAC4) !$LY6H) !$SLCO4A1) or(and(or($ZNF14 !$MYO1A) $PPEF1) $MYBPC2 $VPS39)) and(or(!$MAP1S $FBXO7) !$SERPINB2) and(!$DDN $GZMM $CES2) and(!$GABRQ $VPS8 $MYO1A !$fluorouracil) and(!$DUOX2 $PPP1R12A !$CTNNA1 $C7orf10) !$epirubicin) 
-89 or(and(or(and(or($PRPSAP2 !$ST6GALNAC4) !$LY6H) !$SLCO4A1) or(and(or($ZNF14 !$MYO1A) $PPEF1) $MYBPC2 $VPS39)) and(or(!$MAP1S $FBXO7) !$SERPINB2) and(!$GABRQ $VPS8 $MYO1A !$fluorouracil) and($GZMM $CES2 !$ZNF613) and(!$DUOX2 $PPP1R12A !$CTNNA1 $C7orf10) !$epirubicin) 
-89 or(and(or(and(or($PRPSAP2 !$ST6GALNAC4) !$LY6H) !$SLCO4A1) or(and(or($ZNF14 !$MYO1A) $PPEF1) $MYBPC2 $VPS39)) and(or(!$MAP1S $FBXO7) !$SERPINB2) and(!$GABRQ $VPS8 $MYO1A !$fluorouracil) and($GZMM $CES2 $C7orf10) and(!$DUOX2 $PPP1R12A !$CTNNA1 $C7orf10) !$epirubicin) 
-89 or(and(or(and(or($PRPSAP2 $capecitabine) !$LY6H) !$SLCO4A1) or(and(or($ZNF14 !$MYO1A) $PPEF1) $MYBPC2 $VPS39)) and(or(!$MAP1S $FBXO7) !$SERPINB2) and(!$GABRQ $VPS8 $MYO1A !$fluorouracil) and($GZMM !$CCR4 $CES2) and(!$DUOX2 $PPP1R12A !$CTNNA1 $C7orf10) !$epirubicin) 
-89 or(and(or(and(or($PRPSAP2 $capecitabine) !$LY6H) !$SLCO4A1) or(and(or($ZNF14 !$MYO1A) $PPEF1) $MYBPC2 $VPS39)) and(or(!$MAP1S $FBXO7) !$SERPINB2) and(!$GABRQ $VPS8 $MYO1A !$fluorouracil) and($GZMM $CES2 !$other) and(!$DUOX2 $PPP1R12A !$CTNNA1 $C7orf10) !$epirubicin) 
-89 or(and(or(and(or($PRPSAP2 $fluorouracil) !$LY6H) !$SLCO4A1) or(and(or($ZNF14 !$MYO1A) $PPEF1) $MYBPC2 $VPS39)) and(or(!$MAP1S $FBXO7) !$SERPINB2) and(!$GABRQ $VPS8 $MYO1A !$fluorouracil) and($GZMM $CES2 !$TTC31) and(!$DUOX2 $PPP1R12A !$CTNNA1 $C7orf10) !$epirubicin) 
-89 or(and(or(and(or(0<($age) $PRPSAP2) !$LY6H) !$SLCO4A1) or(and(or($ZNF14 !$MYO1A) $PPEF1) $MYBPC2 $VPS39)) and(or(!$MAP1S $FBXO7) !$SERPINB2) and(!$SGK2 $GZMM $CES2) and(!$GABRQ $VPS8 $MYO1A !$fluorouracil) and(!$DUOX2 $PPP1R12A !$CTNNA1 $C7orf10) !$epirubicin) 
-89 or(and(or(and(or(0<($age) $PRPSAP2) !$LY6H) !$SLCO4A1) or(and(or($ZNF14 !$MYO1A) $PPEF1) $MYBPC2 $VPS39)) and(or(!$MAP1S $FBXO7) !$SERPINB2) and(!$GABRQ $VPS8 $MYO1A !$fluorouracil) and($GZMM $TNNI1 $CES2) and(!$DUOX2 $PPP1R12A !$CTNNA1 $C7orf10) !$epirubicin) 
-89 or(and(or(and(or(0<($age) $PRPSAP2) !$LY6H) !$SLCO4A1) or(and(or($ZNF14 !$MYO1A) $PPEF1) $MYBPC2 $VPS39)) and(or(!$MAP1S $FBXO7) !$SERPINB2) and(!$GABRQ $VPS8 $MYO1A !$fluorouracil) and($GZMM $CES2 !$TTC31) and(!$DUOX2 $PPP1R12A !$CTNNA1 $C7orf10) !$epirubicin) 
-88 or(and(or(and(or($PRPSAP2 $capecitabine) !$LY6H) and($OTOR !$SLCO4A1)) or(and(or($ZNF14 !$MYO1A) $PPEF1) $MYBPC2 $VPS39)) and(or(!$MAP1S $FBXO7) !$SERPINB2) and(!$GABRQ $VPS8 $MYO1A !$fluorouracil) and($GZMM !$CCR4 $CES2) and(!$DUOX2 $PPP1R12A !$CTNNA1 $C7orf10) !$epirubicin) 
-88 or(and(or(and(or(0<($age) $PRPSAP2) !$LY6H) !$SLCO4A1) or(and(or($ZNF14 !$MYO1A) $PPEF1) $MYBPC2 $VPS39)) and(or(!$MAP1S $FBXO7) !$SERPINB2) and(or(!$C7orf10 !$fluorouracil) !$GABRQ $VPS8 $MYO1A) and($GZMM $TNNI1 $CES2) and(!$DUOX2 $PPP1R12A !$CTNNA1 $C7orf10) !$epirubicin) 
-100 or(and(or($VPS39 !$MYO1A) or(!$SLCO4A1 !$LY6H)) and(!$GABRQ $MYO1A !$fluorouracil) and($GZMM $CES2) and(!$MAP1S !$SERPINB2) and($PPP1R12A !$CTNNA1) !$epirubicin) 
-99 or(and(or($MYBPC2 $VPS39 !$MYO1A) or(!$SLCO4A1 !$LY6H)) and(!$GABRQ $MYO1A !$fluorouracil) and($GZMM $CES2) and(!$MAP1S !$SERPINB2) and($PPP1R12A !$CTNNA1) !$epirubicin) 
-99 or(and(or(and($PPEF1 !$MYO1A) $VPS39) or(!$SLCO4A1 !$LY6H)) and(!$GABRQ $MYO1A !$fluorouracil) and($GZMM $CES2) and(!$MAP1S !$SERPINB2) and($PPP1R12A !$CTNNA1) !$epirubicin) 
-98 or(and(or(and($PPEF1 !$MYO1A) $MYBPC2 $VPS39) or(!$SLCO4A1 !$LY6H)) and(!$GABRQ $MYO1A !$fluorouracil) and($GZMM $CES2) and(!$MAP1S !$SERPINB2) and($PPP1R12A !$CTNNA1) !$epirubicin) 
-98 or(and(or(and($PPEF1 !$MYO1A) $VPS39) or(!$SLCO4A1 !$LY6H)) and(!$GABRQ $MYO1A !$fluorouracil) and($GZMM $CES2) and(!$MAP1S !$SERPINB2) and($CARD9 $PPP1R12A !$CTNNA1) !$epirubicin) 
-98 or(and(or(and($PPEF1 !$MYO1A) $VPS39) or(!$SLCO4A1 !$LY6H)) and(!$GABRQ $MYO1A !$fluorouracil) and($GZMM $CES2) and(!$MAP1S !$SERPINB2) and($PPP1R12A $ARHGAP15 !$CTNNA1) !$epirubicin) 
-98 or(and(or(and(!$COL11A1 $TCFL5) !$SERPINB2) !$MAP1S) and(or($VPS39 !$MYO1A) or(!$SLCO4A1 !$LY6H)) and(!$GABRQ $MYO1A !$fluorouracil) and($GZMM $CES2) and($PPP1R12A !$CTNNA1) !$epirubicin) 
-98 or(and(or(and($PPEF1 !$MYO1A) $VPS39) or(!$SLCO4A1 !$LY6H)) and(or($CES2 !$C7orf10) $GZMM) and(!$GABRQ $MYO1A !$fluorouracil) and(!$MAP1S !$SERPINB2) and($PPP1R12A !$CTNNA1) !$epirubicin) 
-97 or(and(or(and($PPEF1 !$MYO1A) $MYBPC2 $VPS39) or(!$SLCO4A1 !$LY6H)) and(!$GABRQ $MYO1A !$fluorouracil) and($GZMM $CES2) and(!$MAP1S !$SERPINB2) and($PPP1R12A !$CTNNA1 !$F2RL3) !$epirubicin) 
-97 or(and(or(and(or($ZNF14 !$MYO1A) $PPEF1) $MYBPC2 $VPS39) or(!$SLCO4A1 !$LY6H)) and(!$GABRQ $MYO1A !$fluorouracil) and($GZMM $CES2) and(!$MAP1S !$SERPINB2) and($PPP1R12A !$CTNNA1) !$epirubicin) 
-97 or(and(or(and($PPEF1 !$MYO1A) $MYBPC2 $VPS39) or(!$SLCO4A1 !$LY6H)) and(or($ETV7 $MYO1A) !$GABRQ !$fluorouracil) and($GZMM $CES2) and(!$MAP1S !$SERPINB2) and($PPP1R12A !$CTNNA1) !$epirubicin) 
-97 or(and(or(and($PPEF1 !$MYO1A) $VPS39) or(!$SLCO4A1 !$LY6H)) and(or($GZMM $ARHGAP15) $PPP1R12A !$CTNNA1) and(!$GABRQ $MYO1A !$fluorouracil) and($GZMM $CES2) and(!$MAP1S !$SERPINB2) !$epirubicin) 
-97 or(and(or(and($PPEF1 !$MYO1A) $VPS39) or(!$SLCO4A1 !$LY6H)) and(or($CES2 !$C7orf10) $GZMM) and(!$GABRQ $MYO1A !$fluorouracil) and(!$MAP1S !$SERPINB2) and($CARD9 $PPP1R12A !$CTNNA1) !$epirubicin) 
-96 or(and(or(and($PPEF1 !$MYO1A) $MYBPC2 $VPS39) or(!$OR12D3 !$SLCO4A1 !$LY6H)) and(!$GABRQ $MYO1A !$fluorouracil) and($GZMM $CES2) and(!$MAP1S !$SERPINB2) and($PPP1R12A !$CTNNA1 $C7orf10) !$epirubicin) 
-96 or(and(or(and($PPEF1 !$MYO1A) $MYBPC2 $VPS39) or(!$SLCO4A1 !$LY6H)) and(!$GABRQ !$CES2 $MYO1A !$fluorouracil) and($GZMM $CES2) and(!$MAP1S !$SERPINB2) and($PPP1R12A !$CTNNA1 $C7orf10) !$epirubicin) 
-96 or(and(or(and($PPEF1 !$MYO1A) $MYBPC2 $VPS39) or(!$SLCO4A1 !$LY6H)) and(!$GABRQ !$IRS4 $MYO1A !$fluorouracil) and($GZMM $CES2) and(!$MAP1S !$SERPINB2) and($PPP1R12A !$CTNNA1 $C7orf10) !$epirubicin) 
-96 or(and(or(and($PPEF1 !$MYO1A) $MYBPC2 $VPS39) or(!$SLCO4A1 !$LY6H)) and(!$GABRQ $MYO1A !$fluorouracil) and($GZMM $DTX2 $CES2) and(!$MAP1S !$SERPINB2) and($PPP1R12A !$CTNNA1 $C7orf10) !$epirubicin) 
-96 or(and(or(and($PPEF1 !$MYO1A) $MYBPC2 $VPS39) or(!$SLCO4A1 !$LY6H)) and(!$GABRQ $MYO1A !$fluorouracil) and($GZMM $DLX6 $CES2) and(!$MAP1S !$SERPINB2) and($PPP1R12A !$CTNNA1 $C7orf10) !$epirubicin) 
-96 or(and(or(and($PPEF1 !$MYO1A) $MYBPC2 $VPS39) or(!$SLCO4A1 !$LY6H)) and(!$GABRQ $MYO1A !$fluorouracil) and($GZMM !$MYBPC2 $CES2) and(!$MAP1S !$SERPINB2) and($PPP1R12A !$CTNNA1 $C7orf10) !$epirubicin) 
-96 or(and(or(and($PPEF1 !$MYO1A) $MYBPC2 $VPS39) or(!$SLCO4A1 !$LY6H)) and(!$GABRQ $MYO1A !$fluorouracil) and($GZMM $CES2) and($KCNH4 $PPP1R12A !$CTNNA1 $C7orf10) and(!$MAP1S !$SERPINB2) !$epirubicin) 
-96 or(and(or(and($PPEF1 !$MYO1A) $MYBPC2 $VPS39) or(!$SLCO4A1 !$LY6H)) and(!$GABRQ $MYO1A !$fluorouracil) and($GZMM $CES2) and(!$F2R $PPP1R12A !$CTNNA1 $C7orf10) and(!$MAP1S !$SERPINB2) !$epirubicin) 
-96 or(and(or(and($PPEF1 !$MYO1A) $MYBPC2 $VPS39) or(!$SLCO4A1 !$LY6H)) and(!$GABRQ $MYO1A !$fluorouracil) and($GZMM $CES2) and(!$MAP1S $DAO !$SERPINB2) and($PPP1R12A !$CTNNA1 $C7orf10) !$epirubicin) 
-96 or(and(or(and($PPEF1 !$MYO1A) $MYBPC2 $VPS39) or(!$SLCO4A1 !$LY6H)) and(!$GABRQ $MYO1A !$fluorouracil) and($GZMM $CES2) and(!$MAP1S !$SERPINB2) and($PPP1R12A !$CTNNA1 $C7orf10 !$estrogen_receptor_blocker) !$epirubicin) 
-96 or(and(or(and($PPEF1 !$MYO1A) $MYBPC2 $VPS39) or(!$SLCO4A1 !$LY6H)) and(!$GABRQ $MYO1A !$fluorouracil) and($GZMM $CES2) and(!$MAP1S !$SERPINB2) and($PPP1R12A !$CTNNA1 $C7orf10 !$paclitaxel) !$epirubicin) 
-96 or(and(or(and($PPEF1 !$MYO1A) $MYBPC2 $VPS39) or(!$SLCO4A1 !$LY6H)) and(!$GABRQ $MYO1A !$fluorouracil) and($GZMM $CES2 $RAD50) and(!$MAP1S !$SERPINB2) and($PPP1R12A !$CTNNA1 $C7orf10) !$epirubicin) 
-96 or(and(or(and($PPEF1 !$MYO1A) $MYBPC2 $VPS39) or(!$SLCO4A1 !$LY6H)) and(!$GABRQ $MYO1A !$fluorouracil) and($GZMM $CES2 $oral) and(!$MAP1S !$SERPINB2) and($PPP1R12A !$CTNNA1 $C7orf10) !$epirubicin) 
-96 or(and(or(and($PPEF1 !$MYO1A) $MYBPC2 $VPS39) or(!$SLCO4A1 !$LY6H) $anthracycline) and(!$GABRQ $MYO1A !$fluorouracil) and($GZMM $CES2) and(!$MAP1S !$SERPINB2) and($PPP1R12A !$CTNNA1 $C7orf10) !$epirubicin) 
-96 or(and(or(and($PPEF1 !$MYO1A) $MYBPC2 $VPS39) or(!$SLCO4A1 !$LY6H) !$tamoxifen) and(!$GABRQ $MYO1A !$fluorouracil) and($GZMM $CES2) and(!$MAP1S !$SERPINB2) and($PPP1R12A !$CTNNA1 $C7orf10) !$epirubicin) 
-96 or(and(or(and($PPEF1 !$MYO1A) $MYBPC2 $VPS39) or(!$SLCO4A1 !$LY6H $tamoxifen)) and(!$GABRQ $MYO1A !$fluorouracil) and($GZMM $CES2) and(!$MAP1S !$SERPINB2) and($PPP1R12A !$CTNNA1 $C7orf10) !$epirubicin) 
-96 or(and(or(and($PPEF1 !$MYO1A) $MYBPC2 $VPS39) or(!$SLCO4A1 !$LY6H !$epirubicin)) and(!$GABRQ $MYO1A !$fluorouracil) and($GZMM $CES2) and(!$MAP1S !$SERPINB2) and($PPP1R12A !$CTNNA1 $C7orf10) !$epirubicin) 
-96 or(and(or(and($PPEF1 !$MYO1A) $MYBPC2 $VPS39 $tamoxifen) or(!$SLCO4A1 !$LY6H)) and(!$GABRQ $MYO1A !$fluorouracil) and($GZMM $CES2) and(!$MAP1S !$SERPINB2) and($PPP1R12A !$CTNNA1 $C7orf10) !$epirubicin) 
-96 or(and(or(and($PPEF1 !$MYO1A $chemotherapyClass) $MYBPC2 $VPS39) or(!$SLCO4A1 !$LY6H)) and(!$GABRQ $MYO1A !$fluorouracil) and($GZMM $CES2) and(!$MAP1S !$SERPINB2) and($PPP1R12A !$CTNNA1 $C7orf10) !$epirubicin) 
-96 or(and(or(and($PPEF1 !$MYO1A !$anti_estrogen) $MYBPC2 $VPS39) or(!$SLCO4A1 !$LY6H)) and(!$GABRQ $MYO1A !$fluorouracil) and($GZMM $CES2) and(!$MAP1S !$SERPINB2) and($PPP1R12A !$CTNNA1 $C7orf10) !$epirubicin) 
-96 or(and(or(and(or(!$KCNH4 !$MYO1A) $PPEF1) $MYBPC2 $VPS39) or(!$SLCO4A1 !$LY6H)) and(!$GABRQ $MYO1A !$fluorouracil) and($GZMM $CES2) and(!$MAP1S !$SERPINB2) and($PPP1R12A !$CTNNA1 $C7orf10) !$epirubicin) 
-96 or(and(or(and(or($PPEF1 !$CCR4) !$MYO1A) $MYBPC2 $VPS39) or(!$SLCO4A1 !$LY6H)) and(!$GABRQ $MYO1A !$fluorouracil) and($GZMM $CES2) and(!$MAP1S !$SERPINB2) and($PPP1R12A !$CTNNA1 $C7orf10) !$epirubicin) 
-96 or(and(or(and(or($ZNF14 !$MYO1A) $PPEF1) $MYBPC2 $VPS39) or(!$SLCO4A1 !$LY6H)) and(!$GABRQ $MYO1A !$fluorouracil) and($GZMM $CES2) and(!$MAP1S !$SERPINB2) and($PPP1R12A !$CTNNA1 !$F2RL3) !$epirubicin) 
-96 or(and(or(and($PPEF1 !$MYO1A) and($MYBPC2 $OTOR) $VPS39) or(!$SLCO4A1 !$LY6H)) and(!$GABRQ $MYO1A !$fluorouracil) and($GZMM $CES2) and(!$MAP1S !$SERPINB2) and($PPP1R12A !$CTNNA1 $C7orf10) !$epirubicin) 
-96 or(and(or(and($PPEF1 !$MYO1A) 0<($tumor_size_cm_preTrt_preSurgery) $MYBPC2 $VPS39) or(!$SLCO4A1 !$LY6H)) and(!$GABRQ $MYO1A !$fluorouracil) and($GZMM $CES2) and(!$MAP1S !$SERPINB2) and($PPP1R12A !$CTNNA1 $C7orf10) !$epirubicin) 
-96 or(and(or(and($PPEF1 !$MYO1A) 0<($preTrt_totalLymphNodes) $MYBPC2 $VPS39) or(!$SLCO4A1 !$LY6H)) and(!$GABRQ $MYO1A !$fluorouracil) and($GZMM $CES2) and(!$MAP1S !$SERPINB2) and($PPP1R12A !$CTNNA1 $C7orf10) !$epirubicin) 
-96 or(and(or(and($PPEF1 !$MYO1A) $MYBPC2 $VPS39) or(!$SLCO4A1 !$LY6H)) and(or(!$OR12D3 $CES2) $GZMM) and(!$GABRQ $MYO1A !$fluorouracil) and(!$MAP1S !$SERPINB2) and($PPP1R12A !$CTNNA1 $C7orf10) !$epirubicin) 
-96 or(and(or(and($PPEF1 !$MYO1A) $MYBPC2 $VPS39) or(!$SLCO4A1 !$LY6H)) and(or(!$SGK2 $C7orf10) $PPP1R12A !$CTNNA1) and(!$GABRQ $MYO1A !$fluorouracil) and($GZMM $CES2) and(!$MAP1S !$SERPINB2) !$epirubicin) 
-96 or(and(or(and($PPEF1 !$MYO1A) $MYBPC2 $VPS39) or(!$SLCO4A1 !$LY6H)) and(or(!$GABRQ !$OTOR) $MYO1A !$fluorouracil) and($GZMM $CES2) and(!$MAP1S !$SERPINB2) and($PPP1R12A !$CTNNA1 $C7orf10) !$epirubicin) 
-96 or(and(or(and($PPEF1 !$MYO1A) $MYBPC2 $VPS39) or(!$SLCO4A1 !$LY6H)) and(or($GZMM !$DAO) $CES2) and(!$GABRQ $MYO1A !$fluorouracil) and(!$MAP1S !$SERPINB2) and($PPP1R12A !$CTNNA1 $C7orf10) !$epirubicin) 
-96 or(and(or(and($PPEF1 !$MYO1A) $MYBPC2 $VPS39) or(!$SLCO4A1 !$LY6H)) and(or($GZMM $paclitaxel) $CES2) and(!$GABRQ $MYO1A !$fluorouracil) and(!$MAP1S !$SERPINB2) and($PPP1R12A !$CTNNA1 $C7orf10) !$epirubicin) 
-96 or(and(or(and($PPEF1 !$MYO1A) $MYBPC2 $VPS39) or(!$SLCO4A1 !$LY6H)) and(or(!$EIF1AY !$CTNNA1) $PPP1R12A $C7orf10) and(!$GABRQ $MYO1A !$fluorouracil) and($GZMM $CES2) and(!$MAP1S !$SERPINB2) !$epirubicin) 
-96 or(and(or(and($PPEF1 !$MYO1A) $MYBPC2 $VPS39) or(!$SLCO4A1 !$LY6H)) and(or(!$KCNH4 $MYO1A) !$GABRQ !$fluorouracil) and($GZMM $CES2) and(!$MAP1S !$SERPINB2) and($PPP1R12A !$CTNNA1 $C7orf10) !$epirubicin) 
-96 or(and(or(and($PPEF1 !$MYO1A) $MYBPC2 $VPS39) or(!$SLCO4A1 !$LY6H)) and(or(!$KIF17 !$fluorouracil) !$GABRQ $MYO1A) and($GZMM $CES2) and(!$MAP1S !$SERPINB2) and($PPP1R12A !$CTNNA1 $C7orf10) !$epirubicin) 
-96 or(and(or(and($PPEF1 !$MYO1A) $MYBPC2 $VPS39) or(!$SLCO4A1 !$LY6H)) and(or(!$MAP1S $anti_estrogen) !$SERPINB2) and(!$GABRQ $MYO1A !$fluorouracil) and($GZMM $CES2) and($PPP1R12A !$CTNNA1 $C7orf10) !$epirubicin) 
-96 or(and(or(and($PPEF1 !$MYO1A) $MYBPC2 $VPS39) or(!$SLCO4A1 !$LY6H)) and(or($PPP1R12A !$CWF19L1) !$CTNNA1 $C7orf10) and(!$GABRQ $MYO1A !$fluorouracil) and($GZMM $CES2) and(!$MAP1S !$SERPINB2) !$epirubicin) 
-96 or(and(or(and($PPEF1 !$MYO1A) $MYBPC2 $VPS39) or(!$SLCO4A1 !$LY6H)) and(or(!$SERPINB2 $ZNF613) !$MAP1S) and(!$GABRQ $MYO1A !$fluorouracil) and($GZMM $CES2) and($PPP1R12A !$CTNNA1 $C7orf10) !$epirubicin) 
-96 or(and(or(and($PPEF1 !$MYO1A) $MYBPC2 $VPS39) or(!$SLCO4A1 !$LY6H)) and(or(!$SERPINB2 $ZNF613) !$MAP1S) and(!$GABRQ $MYO1A !$fluorouracil) and($GZMM $CES2) and($PPP1R12A !$CTNNA1 !$F2RL3) !$epirubicin) 
-96 or(and(or(and($PPEF1 !$MYO1A) $MYBPC2 $VPS39) or(!$SLCO4A1 !$LY6H)) and(or(!$SERPINB2 !$chemotherapyClass) !$MAP1S) and(!$GABRQ $MYO1A !$fluorouracil) and($GZMM $CES2) and($PPP1R12A !$CTNNA1 $C7orf10) !$epirubicin) 
-96 or(and(or(and($PPEF1 !$MYO1A) $MYBPC2 $VPS39) or(!$SLCO4A1 !$LY6H)) and(or($ETV7 $MYO1A) !$GABRQ !$fluorouracil) and($GZMM $CES2) and(!$MAP1S !$SERPINB2) and($PPP1R12A !$CTNNA1 $C7orf10) !$epirubicin) 
-96 or(and(or(and($PPEF1 !$MYO1A) $MYBPC2 $VPS39) or(!$SLCO4A1 !$LY6H)) and(or($ETV7 $MYO1A) !$GABRQ !$fluorouracil) and($GZMM $CES2) and(!$MAP1S !$SERPINB2) and($PPP1R12A !$CTNNA1 !$F2RL3) !$epirubicin) 
-96 or(and(or(and($PPEF1 !$MYO1A) $MYBPC2 $VPS39) or(!$SLCO4A1 !$LY6H)) and(or($MGAT4A $C7orf10) $PPP1R12A !$CTNNA1) and(!$GABRQ $MYO1A !$fluorouracil) and($GZMM $CES2) and(!$MAP1S !$SERPINB2) !$epirubicin) 
