-94 or(and(or(!$CLINT1 !$PPP1R12A) or(!$PHF15 $PEBP1) or(!$MYBPC2 $GALNT8)) and($POU3F2 !$OSBP2 $PFN2) not(0<($tumor_size_cm_preTrt_preSurgery))) 
-93 or(and(or($SGK2 !$PHF15 $PEBP1) or(!$CLINT1 !$PPP1R12A) or(!$MYBPC2 $GALNT8)) and($POU3F2 !$OSBP2 $PFN2) not(0<($tumor_size_cm_preTrt_preSurgery))) 
-93 or(and(or(!$CLINT1 !$PPP1R12A) or(!$PHF15 !$KLRF1 $PEBP1) or(!$MYBPC2 $GALNT8)) and($POU3F2 !$OSBP2 $PFN2) not(0<($tumor_size_cm_preTrt_preSurgery))) 
-93 or(and(or(!$CLINT1 !$PPP1R12A) or(!$PHF15 $GP1BB $PEBP1) or(!$MYBPC2 $GALNT8)) and($POU3F2 !$OSBP2 $PFN2) not(0<($tumor_size_cm_preTrt_preSurgery))) 
-92 or(and(or($DDN $KCNH4 $GP1BB $PEBP1) or(!$CLINT1 !$PPP1R12A) or(!$MYBPC2 $GALNT8)) and($POU3F2 !$OSBP2 $PFN2) not(0<($tumor_size_cm_preTrt_preSurgery))) 
-92 or(and(or($DDN !$PHF15 $GP1BB $PEBP1) or(!$CLINT1 !$PPP1R12A) or(!$MYBPC2 $GALNT8)) and($POU3F2 !$OSBP2 $PFN2) not(0<($tumor_size_cm_preTrt_preSurgery))) 
-92 or(and(or(and(!$TSPAN32 $SGK2) !$PHF15 $PEBP1) or(!$CLINT1 !$PPP1R12A) or(!$MYBPC2 $GALNT8)) and($POU3F2 !$OSBP2 $PFN2) not(0<($tumor_size_cm_preTrt_preSurgery))) 
-92 or(and(or(and($SGK2 $POU3F2) !$PHF15 $PEBP1) or(!$CLINT1 !$PPP1R12A) or(!$MYBPC2 $GALNT8)) and($POU3F2 !$OSBP2 $PFN2) not(0<($tumor_size_cm_preTrt_preSurgery))) 
-92 or(and(or(and($SGK2 $TCFL5) !$PHF15 $PEBP1) or(!$CLINT1 !$PPP1R12A) or(!$MYBPC2 $GALNT8)) and($POU3F2 !$OSBP2 $PFN2) not(0<($tumor_size_cm_preTrt_preSurgery))) 
-92 or(and(or(and($SGK2 !$KLRF1) !$PHF15 $PEBP1) or(!$CLINT1 !$PPP1R12A) or(!$MYBPC2 $GALNT8)) and($POU3F2 !$OSBP2 $PFN2) not(0<($tumor_size_cm_preTrt_preSurgery))) 
-92 or(and(or(and($SGK2 $GP1BB) !$PHF15 $PEBP1) or(!$CLINT1 !$PPP1R12A) or(!$MYBPC2 $GALNT8)) and($POU3F2 !$OSBP2 $PFN2) not(0<($tumor_size_cm_preTrt_preSurgery))) 
-92 or(and(or(and($GP1BB !$OTOR) !$PHF15 $PEBP1) or(!$CLINT1 !$PPP1R12A) or(!$MYBPC2 $GALNT8)) and($POU3F2 !$OSBP2 $PFN2) not(0<($tumor_size_cm_preTrt_preSurgery))) 
-91 or(and(or(and($SGK2 !$DUOX2 $ST6GALNAC4) !$PHF15 $PEBP1) or(!$CLINT1 !$PPP1R12A) or(!$MYBPC2 $GALNT8)) and($POU3F2 !$OSBP2 $PFN2) not(0<($tumor_size_cm_preTrt_preSurgery))) 
-91 or(and(or(and($GP1BB !$OTOR) !$PHF15 $PEBP1 $GLI3) or(!$CLINT1 !$PPP1R12A) or(!$MYBPC2 $GALNT8)) and($POU3F2 !$OSBP2 $PFN2) not(0<($tumor_size_cm_preTrt_preSurgery))) 
-91 or(and(or(and(or(!$TSPAN32 $POU3F2) $SGK2) !$PHF15 $PEBP1) or(!$CLINT1 !$PPP1R12A) or(!$MYBPC2 $GALNT8)) and($POU3F2 !$OSBP2 $PFN2) not(0<($tumor_size_cm_preTrt_preSurgery))) 
-91 or(and(or(and(or(!$TSPAN32 $DLX6) $SGK2) !$PHF15 $PEBP1) or(!$CLINT1 !$PPP1R12A) or(!$MYBPC2 $GALNT8)) and($POU3F2 !$OSBP2 $PFN2) not(0<($tumor_size_cm_preTrt_preSurgery))) 
-91 or(and(or(and(or($MYBPC2 $GP1BB) $SGK2) !$PHF15 $PEBP1) or(!$CLINT1 !$PPP1R12A) or(!$MYBPC2 $GALNT8)) and($POU3F2 !$OSBP2 $PFN2) not(0<($tumor_size_cm_preTrt_preSurgery))) 
-91 or(and(or(and(or($TCFL5 $LY6H) $SGK2) !$PHF15 $PEBP1) or(!$CLINT1 !$PPP1R12A) or(!$MYBPC2 $GALNT8)) and($POU3F2 !$OSBP2 $PFN2) not(0<($tumor_size_cm_preTrt_preSurgery))) 
-91 or(and(or(and(or($GP1BB !$POLR2C) $SGK2) !$PHF15 $PEBP1) or(!$CLINT1 !$PPP1R12A) or(!$MYBPC2 $GALNT8)) and($POU3F2 !$OSBP2 $PFN2) not(0<($tumor_size_cm_preTrt_preSurgery))) 
-96 or(and(or(!$CLINT1 !$PPP1R12A) or(!$PHF15 $PEBP1) or(!$MYBPC2 $GALNT8)) and($POU3F2 !$OSBP2) not(0<($tumor_size_cm_preTrt_preSurgery))) 
-94 or(and(or(!$CLINT1 !$PPP1R12A) or(!$PHF15 $PEBP1) or(!$MYBPC2 $GALNT8)) and(!$IGFBP4 $POU3F2 !$OSBP2 $PFN2) not(0<($tumor_size_cm_preTrt_preSurgery))) 
-94 or(and(or(!$CLINT1 !$PPP1R12A) or(!$PHF15 $PEBP1) or(!$MYBPC2 $GALNT8)) and($POU3F2 !$OSBP2 $PFN2) not(0<($tumor_size_cm_preTrt_preSurgery)) !$estrogen_receptor_blocker) 
-94 or(and(or(!$CLINT1 !$PPP1R12A) or(!$PHF15 $PEBP1) or(!$MYBPC2 $GALNT8) !$chemotherapyClass) and($POU3F2 !$OSBP2 $PFN2) not(0<($tumor_size_cm_preTrt_preSurgery))) 
-94 or(and(or(!$CLINT1 !$PPP1R12A) or(!$PHF15 $PEBP1) or(!$MYBPC2 $GALNT8) !$docetaxel) and($POU3F2 !$OSBP2 $PFN2) not(0<($tumor_size_cm_preTrt_preSurgery))) 
-94 or(and(or(!$CLINT1 !$PPP1R12A) or(!$PHF15 $PEBP1) or(!$MYBPC2 $GALNT8 $epirubicin)) and($POU3F2 !$OSBP2 $PFN2) not(0<($tumor_size_cm_preTrt_preSurgery))) 
-94 or(and(or(!$CLINT1 !$PPP1R12A) or(!$PHF15 $PEBP1 $ST6GALNAC4) or(!$MYBPC2 $GALNT8)) and($POU3F2 !$OSBP2 $PFN2) not(0<($tumor_size_cm_preTrt_preSurgery))) 
-94 or(and(or(!$CLINT1 !$PPP1R12A) or(!$PHF15 $PEBP1 $LY6H) or(!$MYBPC2 $GALNT8)) and($POU3F2 !$OSBP2 $PFN2) not(0<($tumor_size_cm_preTrt_preSurgery))) 
-94 or(and(or(!$CLINT1 !$PPP1R12A) or(!$PHF15 $PEBP1 $cyclophosphamide) or(!$MYBPC2 $GALNT8)) and($POU3F2 !$OSBP2 $PFN2) not(0<($tumor_size_cm_preTrt_preSurgery))) 
-94 or(and(or(!$CLINT1 !$PPP1R12A $capecitabine) or(!$PHF15 $PEBP1) or(!$MYBPC2 $GALNT8)) and($POU3F2 !$OSBP2 $PFN2) not(0<($tumor_size_cm_preTrt_preSurgery))) 
-94 or(and(or(and($PEBP1 !$doxorubicin) !$PHF15) or(!$CLINT1 !$PPP1R12A) or(!$MYBPC2 $GALNT8)) and($POU3F2 !$OSBP2 $PFN2) not(0<($tumor_size_cm_preTrt_preSurgery))) 
-94 or(and(or(and($ARID4B $GALNT8) !$MYBPC2) or(!$CLINT1 !$PPP1R12A) or(!$PHF15 $PEBP1)) and($POU3F2 !$OSBP2 $PFN2) not(0<($tumor_size_cm_preTrt_preSurgery))) 
-94 or(and(or(!$CLINT1 !$PPP1R12A) or(!$PHF15 $PEBP1) or(!$MYBPC2 $GALNT8)) and(0<($tumor_size_cm_preTrt_preSurgery) $POU3F2 !$OSBP2 $PFN2) not(0<($tumor_size_cm_preTrt_preSurgery))) 
-94 or(and(or(!$CLINT1 !$PPP1R12A) or(!$PHF15 $PEBP1) or(!$MYBPC2 $GALNT8) 0<($hist_grade)) and($POU3F2 !$OSBP2 $PFN2) not(0<($tumor_size_cm_preTrt_preSurgery))) 
-94 or(and(or(and(0<($age) !$PPP1R12A) !$CLINT1) or(!$PHF15 $PEBP1) or(!$MYBPC2 $GALNT8)) and($POU3F2 !$OSBP2 $PFN2) not(0<($tumor_size_cm_preTrt_preSurgery))) 
-94 or(and(or(not(0<($preTrt_lymph_node_status)) $PFN2) $POU3F2 !$OSBP2) and(or(!$CLINT1 !$PPP1R12A) or(!$PHF15 $PEBP1) or(!$MYBPC2 $GALNT8)) not(0<($tumor_size_cm_preTrt_preSurgery))) 
-94 or(and(or(not(0<($preTrt_numPosLymphNodes)) $POU3F2) !$OSBP2 $PFN2) and(or(!$CLINT1 !$PPP1R12A) or(!$PHF15 $PEBP1) or(!$MYBPC2 $GALNT8)) not(0<($tumor_size_cm_preTrt_preSurgery))) 
-93 or(and(or($SGK2 !$PHF15 $PEBP1) or(!$CLINT1 !$PPP1R12A) or(!$MYBPC2 $GALNT8)) and($POU3F2 $CARD9 !$OSBP2 $PFN2) not(0<($tumor_size_cm_preTrt_preSurgery))) 
-93 or(and(or($SGK2 !$PHF15 $PEBP1) or(!$CLINT1 !$PPP1R12A) or(!$MYBPC2 $GALNT8 $anthracycline)) and($POU3F2 !$OSBP2 $PFN2) not(0<($tumor_size_cm_preTrt_preSurgery))) 
-93 or(and(or($SGK2 !$PHF15 $PEBP1) or(!$CLINT1 !$PPP1R12A $doxorubicin) or(!$MYBPC2 $GALNT8)) and($POU3F2 !$OSBP2 $PFN2) not(0<($tumor_size_cm_preTrt_preSurgery))) 
-93 or(and(or($DDN $GP1BB $PEBP1) or(!$CLINT1 !$PPP1R12A) or(!$MYBPC2 $GALNT8)) and($POU3F2 !$OSBP2 $PFN2) not(0<($tumor_size_cm_preTrt_preSurgery)) $cyclophosphamide) 
-93 or(and(or($IGFBP4 !$PHF15 $GP1BB $PEBP1) or(!$CLINT1 !$PPP1R12A) or(!$MYBPC2 $GALNT8)) and($POU3F2 !$OSBP2 $PFN2) not(0<($tumor_size_cm_preTrt_preSurgery))) 
-93 or(and(or($PSMD5 !$PHF15 $PEBP1) or(!$CLINT1 !$PPP1R12A) or(!$MYBPC2 $GALNT8) !$docetaxel) and($POU3F2 !$OSBP2 $PFN2) not(0<($tumor_size_cm_preTrt_preSurgery))) 
-93 or(and(or(!$CLINT1 !$PLXNA1 !$PPP1R12A) or(!$PHF15 !$KLRF1 $PEBP1) or(!$MYBPC2 $GALNT8)) and($POU3F2 !$OSBP2 $PFN2) not(0<($tumor_size_cm_preTrt_preSurgery))) 
-93 or(and(or(!$CLINT1 !$PPP1R12A) or($MAP1S !$PHF15 $GP1BB $PEBP1) or(!$MYBPC2 $GALNT8)) and($POU3F2 !$OSBP2 $PFN2) not(0<($tumor_size_cm_preTrt_preSurgery))) 
-93 or(and(or(!$CLINT1 !$PPP1R12A) or(!$PHF15 $MYBPC2 $GP1BB $PEBP1) or(!$MYBPC2 $GALNT8)) and($POU3F2 !$OSBP2 $PFN2) not(0<($tumor_size_cm_preTrt_preSurgery))) 
-93 or(and(or(!$CLINT1 !$PPP1R12A) or(!$PHF15 !$CARD9 $GP1BB $PEBP1) or(!$MYBPC2 $GALNT8)) and($POU3F2 !$OSBP2 $PFN2) not(0<($tumor_size_cm_preTrt_preSurgery))) 
-93 or(and(or(!$CLINT1 !$PPP1R12A) or(!$PHF15 !$KLRF1 $PEBP1) or(!$MYBPC2 $GALNT8)) and($POU3F2 !$OSBP2 $PFN2 $anti_estrogen) not(0<($tumor_size_cm_preTrt_preSurgery))) 
-93 or(and(or(!$CLINT1 !$PPP1R12A) or(!$PHF15 !$KLRF1 $PEBP1) or(!$MYBPC2 $GALNT8)) and($POU3F2 !$OSBP2 $PFN2 !$paclitaxel) not(0<($tumor_size_cm_preTrt_preSurgery))) 
-93 or(and(or(!$CLINT1 !$PPP1R12A) or(!$PHF15 !$ARHGAP15 $PEBP1) or(!$MYBPC2 $GALNT8) $estrogen_receptor_blocker) and($POU3F2 !$OSBP2 $PFN2) not(0<($tumor_size_cm_preTrt_preSurgery))) 
-93 or(and(or(!$CLINT1 !$PPP1R12A) or(!$PHF15 $GP1BB $PEBP1) or(!$MYBPC2 $GALNT8)) and($POU3F2 !$PPEF1 !$OSBP2 $PFN2) not(0<($tumor_size_cm_preTrt_preSurgery))) 
-93 or(and(or(!$CLINT1 !$PPP1R12A) or(!$PHF15 $GP1BB $PEBP1) or(!$MYBPC2 $GALNT8)) and($POU3F2 !$OSBP2 !$SLC6A8 $PFN2) not(0<($tumor_size_cm_preTrt_preSurgery))) 
-93 or(and(or(!$CLINT1 !$PPP1R12A) or(!$PHF15 $GP1BB $PEBP1) or(!$MYBPC2 $GALNT8)) and($POU3F2 !$OSBP2 $PFN2 $oral) not(0<($tumor_size_cm_preTrt_preSurgery))) 
-93 or(and(or(!$CLINT1 !$PPP1R12A) or(!$PHF15 $GP1BB $PEBP1) or(!$MYBPC2 $GALNT8)) and($POU3F2 !$OSBP2 $PFN2 !$doxorubicin) not(0<($tumor_size_cm_preTrt_preSurgery))) 
-93 or(and(or(!$CLINT1 !$PPP1R12A) or(!$PHF15 $GP1BB $PEBP1) or(!$MYBPC2 $GALNT8)) and($POU3F2 !$OSBP2 $PFN2 !$docetaxel) not(0<($tumor_size_cm_preTrt_preSurgery))) 
-93 or(and(or(!$CLINT1 !$PPP1R12A) or(!$PHF15 $GP1BB $PEBP1) or(!$MYBPC2 $GALNT8) !$paclitaxel) and($POU3F2 !$OSBP2 $PFN2) not(0<($tumor_size_cm_preTrt_preSurgery))) 
-93 or(and(or(!$CLINT1 !$PPP1R12A) or(!$PHF15 $GP1BB $PEBP1) or(!$MYBPC2 $GALNT8 $chemotherapyClass)) and($POU3F2 !$OSBP2 $PFN2) not(0<($tumor_size_cm_preTrt_preSurgery))) 
-93 or(and(or(!$CLINT1 !$PPP1R12A) or(!$PHF15 $GP1BB $PEBP1) or(!$MYBPC2 $GALNT8 !$hormone_therapyClass)) and($POU3F2 !$OSBP2 $PFN2) not(0<($tumor_size_cm_preTrt_preSurgery))) 
-93 or(and(or(!$CLINT1 !$PPP1R12A) or(!$PHF15 $GP1BB $PEBP1) or(!$MYBPC2 $GALNT8 $fluorouracil)) and($POU3F2 !$OSBP2 $PFN2) not(0<($tumor_size_cm_preTrt_preSurgery))) 
-93 or(and(or(!$CLINT1 !$PPP1R12A) or(!$PHF15 $GP1BB $PEBP1 $C16orf58) or(!$MYBPC2 $GALNT8)) and($POU3F2 !$OSBP2 $PFN2) not(0<($tumor_size_cm_preTrt_preSurgery))) 
-93 or(and(or(!$CLINT1 !$PPP1R12A) or(!$PHF15 $GP1BB $PEBP1 $LY6H) or(!$MYBPC2 $GALNT8)) and($POU3F2 !$OSBP2 $PFN2) not(0<($tumor_size_cm_preTrt_preSurgery))) 
-93 or(and(or(!$CLINT1 !$PPP1R12A) or(!$PHF15 $GP1BB $PEBP1 $doxorubicin) or(!$MYBPC2 $GALNT8)) and($POU3F2 !$OSBP2 $PFN2) not(0<($tumor_size_cm_preTrt_preSurgery))) 
-93 or(and(or(!$CLINT1 !$PPP1R12A $taxane) or(!$PHF15 $GP1BB $PEBP1) or(!$MYBPC2 $GALNT8)) and($POU3F2 !$OSBP2 $PFN2) not(0<($tumor_size_cm_preTrt_preSurgery))) 
-93 or(and(or(!$CLINT1 !$PPP1R12A !$estrogen_receptor_blocker) or(!$PHF15 $GP1BB $PEBP1) or(!$MYBPC2 $GALNT8)) and($POU3F2 !$OSBP2 $PFN2) not(0<($tumor_size_cm_preTrt_preSurgery))) 
-93 or(and(or(!$CLINT1 !$PPP1R12A !$tamoxifen) or(!$PHF15 $GP1BB $PEBP1) or(!$MYBPC2 $GALNT8)) and($POU3F2 !$OSBP2 $PFN2) not(0<($tumor_size_cm_preTrt_preSurgery))) 
-93 and(or(and(or(!$CLINT1 !$PPP1R12A) or(!$PHF15 $GP1BB $PEBP1) or(!$MYBPC2 $GALNT8)) and($POU3F2 !$OSBP2 $PFN2) not(0<($tumor_size_cm_preTrt_preSurgery))) !$other) 
-93 or(and(or(and($SGK2 !$DUOX2) !$PHF15 $PEBP1) or(!$CLINT1 !$PPP1R12A) or(!$MYBPC2 $GALNT8)) and($POU3F2 !$OSBP2 $PFN2) not(0<($tumor_size_cm_preTrt_preSurgery))) 
-93 or(and(or(and(!$GABRQ !$KLRF1) !$PHF15 $PEBP1) or(!$CLINT1 !$PPP1R12A) or(!$MYBPC2 $GALNT8)) and($POU3F2 !$OSBP2 $PFN2) not(0<($tumor_size_cm_preTrt_preSurgery))) 
-93 or(and(or(and($KCNH4 $GALNT8) !$MYBPC2) or(!$CLINT1 !$PPP1R12A) or(!$PHF15 $GP1BB $PEBP1)) and($POU3F2 !$OSBP2 $PFN2) not(0<($tumor_size_cm_preTrt_preSurgery))) 
-93 or(and(or(and(!$DUOX2 $ST6GALNAC4) !$PHF15 $PEBP1) or(!$CLINT1 !$PPP1R12A) or(!$MYBPC2 $GALNT8)) and($POU3F2 !$OSBP2 $PFN2) not(0<($tumor_size_cm_preTrt_preSurgery))) 
-93 or(and(or(and(!$CLINT1 $PEBP1) !$PHF15 !$KLRF1) or(!$CLINT1 !$PPP1R12A) or(!$MYBPC2 $GALNT8)) and($POU3F2 !$OSBP2 $PFN2) not(0<($tumor_size_cm_preTrt_preSurgery))) 
-93 or(and(or(and(!$CLINT1 $ARID4B) !$PPP1R12A) or(!$PHF15 $GP1BB $PEBP1) or(!$MYBPC2 $GALNT8)) and($POU3F2 !$OSBP2 $PFN2) not(0<($tumor_size_cm_preTrt_preSurgery))) 
-93 or(and(or(and(!$CLINT1 !$epirubicin) !$PPP1R12A) or(!$PHF15 $GP1BB $PEBP1) or(!$MYBPC2 $GALNT8)) and($POU3F2 !$OSBP2 $PFN2) not(0<($tumor_size_cm_preTrt_preSurgery))) 
-93 or(and(or(and(!$CLINT1 !$other) !$PPP1R12A) or(!$PHF15 $GP1BB $PEBP1) or(!$MYBPC2 $GALNT8)) and($POU3F2 !$OSBP2 $PFN2) not(0<($tumor_size_cm_preTrt_preSurgery))) 
-93 or(and(or(and($DLX6 $ST6GALNAC4) !$PHF15 $PEBP1) or(!$CLINT1 !$PPP1R12A) or(!$MYBPC2 $GALNT8)) and($POU3F2 !$OSBP2 $PFN2) not(0<($tumor_size_cm_preTrt_preSurgery))) 
-93 or(and(or(and(!$PHF15 $VPS39) $GP1BB $PEBP1) or(!$CLINT1 !$PPP1R12A) or(!$MYBPC2 $GALNT8)) and($POU3F2 !$OSBP2 $PFN2) not(0<($tumor_size_cm_preTrt_preSurgery))) 
-93 or(and(or(and(!$PHF15 !$RAD50) $GP1BB $PEBP1) or(!$CLINT1 !$PPP1R12A) or(!$MYBPC2 $GALNT8)) and($POU3F2 !$OSBP2 $PFN2) not(0<($tumor_size_cm_preTrt_preSurgery))) 
-93 or(and(or(and(!$PHF15 $anti_estrogen) $GP1BB $PEBP1) or(!$CLINT1 !$PPP1R12A) or(!$MYBPC2 $GALNT8)) and($POU3F2 !$OSBP2 $PFN2) not(0<($tumor_size_cm_preTrt_preSurgery))) 
-93 or(and(or(and(!$MYBPC2 $oral) $GALNT8) or(!$CLINT1 !$PPP1R12A) or(!$PHF15 $GP1BB $PEBP1)) and($POU3F2 !$OSBP2 $PFN2) not(0<($tumor_size_cm_preTrt_preSurgery))) 
-93 or(and(or(and(!$MYBPC2 $estrogen_receptor_blocker) $GALNT8) or(!$CLINT1 !$PPP1R12A) or(!$PHF15 !$KLRF1 $PEBP1)) and($POU3F2 !$OSBP2 $PFN2) not(0<($tumor_size_cm_preTrt_preSurgery))) 
-93 or(and(or(and($CARD9 $PEBP1) !$PHF15 !$KLRF1) or(!$CLINT1 !$PPP1R12A) or(!$MYBPC2 $GALNT8)) and($POU3F2 !$OSBP2 $PFN2) not(0<($tumor_size_cm_preTrt_preSurgery))) 
-93 or(and(or(and(!$PPP1R12A !$chemotherapyClass) !$CLINT1) or(!$PHF15 $GP1BB $PEBP1) or(!$MYBPC2 $GALNT8)) and($POU3F2 !$OSBP2 $PFN2) not(0<($tumor_size_cm_preTrt_preSurgery))) 
-93 or(and(or(and(!$PPP1R12A $tamoxifen) !$CLINT1) or(!$PHF15 $GP1BB $PEBP1) or(!$MYBPC2 $GALNT8)) and($POU3F2 !$OSBP2 $PFN2) not(0<($tumor_size_cm_preTrt_preSurgery))) 
-93 or(and(or(and(!$PPP1R12A !$other) !$CLINT1) or(!$PHF15 $GP1BB $PEBP1) or(!$MYBPC2 $GALNT8)) and($POU3F2 !$OSBP2 $PFN2) not(0<($tumor_size_cm_preTrt_preSurgery))) 
-93 or(and(or(and(!$RPL36 $ST6GALNAC4) !$PHF15 $PEBP1) or(!$CLINT1 !$PPP1R12A) or(!$MYBPC2 $GALNT8)) and($POU3F2 !$OSBP2 $PFN2) not(0<($tumor_size_cm_preTrt_preSurgery))) 
-93 or(and(or(and(!$KLRF1 $PEBP1) !$PHF15 $GP1BB) or(!$CLINT1 !$PPP1R12A) or(!$MYBPC2 $GALNT8)) and($POU3F2 !$OSBP2 $PFN2) not(0<($tumor_size_cm_preTrt_preSurgery))) 
-93 or(and(or(and(!$KLRF1 !$chemotherapyClass) !$PHF15 $PEBP1) or(!$CLINT1 !$PPP1R12A) or(!$MYBPC2 $GALNT8)) and($POU3F2 !$OSBP2 $PFN2) not(0<($tumor_size_cm_preTrt_preSurgery))) 
-93 or(and(or(and($GP1BB !$chemotherapyClass) !$PHF15 $PEBP1) or(!$CLINT1 !$PPP1R12A) or(!$MYBPC2 $GALNT8)) and($POU3F2 !$OSBP2 $PFN2) not(0<($tumor_size_cm_preTrt_preSurgery))) 
-93 or(and(or(and($PEBP1 !$OTOR) !$PHF15 $GP1BB) or(!$CLINT1 !$PPP1R12A) or(!$MYBPC2 $GALNT8)) and($POU3F2 !$OSBP2 $PFN2) not(0<($tumor_size_cm_preTrt_preSurgery))) 
-93 or(and(or(and($PEBP1 !$NRGN) !$PHF15 $GP1BB) or(!$CLINT1 !$PPP1R12A) or(!$MYBPC2 $GALNT8)) and($POU3F2 !$OSBP2 $PFN2) not(0<($tumor_size_cm_preTrt_preSurgery))) 
-93 or(and(or(and($PEBP1 $anti_estrogen) !$PHF15 $GP1BB) or(!$CLINT1 !$PPP1R12A) or(!$MYBPC2 $GALNT8)) and($POU3F2 !$OSBP2 $PFN2) not(0<($tumor_size_cm_preTrt_preSurgery))) 
-93 or(and(or(and($PEBP1 !$paclitaxel) !$PHF15 !$KLRF1) or(!$CLINT1 !$PPP1R12A) or(!$MYBPC2 $GALNT8)) and($POU3F2 !$OSBP2 $PFN2) not(0<($tumor_size_cm_preTrt_preSurgery))) 
-93 or(and(or(and(!$RBM23 $LY6H) !$PHF15 $PEBP1) or(!$CLINT1 !$PPP1R12A) or(!$MYBPC2 $GALNT8)) and($POU3F2 !$OSBP2 $PFN2) not(0<($tumor_size_cm_preTrt_preSurgery))) 
-93 or(and(or(and($GALNT8 !$anthracycline) !$MYBPC2) or(!$CLINT1 !$PPP1R12A) or(!$PHF15 $GP1BB $PEBP1)) and($POU3F2 !$OSBP2 $PFN2) not(0<($tumor_size_cm_preTrt_preSurgery))) 
-93 or(and(or(and($GALNT8 $anti_estrogen) !$MYBPC2) or(!$CLINT1 !$PPP1R12A) or(!$PHF15 $GP1BB $PEBP1)) and($POU3F2 !$OSBP2 $PFN2) not(0<($tumor_size_cm_preTrt_preSurgery))) 
-93 or(and(or(and($GALNT8 $estrogen_receptor_blocker) !$MYBPC2) or(!$CLINT1 !$PPP1R12A) or(!$PHF15 !$ARHGAP15 $PEBP1)) and($POU3F2 !$OSBP2 $PFN2) not(0<($tumor_size_cm_preTrt_preSurgery))) 
-93 or(and(or(and($GALNT8 !$docetaxel) !$MYBPC2) or(!$CLINT1 !$PPP1R12A) or(!$PHF15 $GP1BB $PEBP1)) and($POU3F2 !$OSBP2 $PFN2) not(0<($tumor_size_cm_preTrt_preSurgery))) 
-93 or(and(or($SGK2 !$PHF15 $PEBP1) or(!$CLINT1 !$PPP1R12A) or(!$MYBPC2 $GALNT8)) and(or(!$PYCARD $PFN2) $POU3F2 !$OSBP2) not(0<($tumor_size_cm_preTrt_preSurgery))) 
-93 or(and(or(!$GABRQ $POU3F2) !$OSBP2 $PFN2) and(or(!$CLINT1 !$PPP1R12A) or(!$PHF15 !$KLRF1 $PEBP1) or(!$MYBPC2 $GALNT8)) not(0<($tumor_size_cm_preTrt_preSurgery))) 
-93 or(and(or(!$PYCARD $PFN2) $POU3F2 !$OSBP2) and(or(!$CLINT1 !$PPP1R12A) or(!$PHF15 $GP1BB $PEBP1) or(!$MYBPC2 $GALNT8)) not(0<($tumor_size_cm_preTrt_preSurgery))) 
-93 or(and(or($POU3F2 $ING2) !$OSBP2 $PFN2) and(or(!$CLINT1 !$PPP1R12A) or(!$PHF15 $GP1BB $PEBP1) or(!$MYBPC2 $GALNT8)) not(0<($tumor_size_cm_preTrt_preSurgery))) 
