-110 or(and(or(and(!$TSPAN32 !$MYO1A) and($RPL36 $SLC6A8)) !$DLX6) and($DAO !$SLC6A8) not(0<($tumor_size_cm_preTrt_preSurgery))) 
-113 or(and(!$TSPAN32 !$DLX6 !$MYO1A) and($DAO !$SLC6A8) not(0<($tumor_size_cm_preTrt_preSurgery))) 
-113 or(and(or($RPL36 !$MYO1A) !$DLX6) and($DAO !$SLC6A8) not(0<($tumor_size_cm_preTrt_preSurgery))) 
-112 or(and(or(and(!$TSPAN32 !$MYO1A) $RPL36) !$DLX6) and($DAO !$SLC6A8) not(0<($tumor_size_cm_preTrt_preSurgery))) 
-111 or(and(or(and(!$TSPAN32 !$MYO1A) $RPL36) !$DLX6 $SLC6A8) and($DAO !$SLC6A8) not(0<($tumor_size_cm_preTrt_preSurgery))) 
-111 or(and(or($RPL36 !$MYO1A) or($ARID4B $GALNT8) !$DLX6) and($DAO !$SLC6A8) not(0<($tumor_size_cm_preTrt_preSurgery))) 
-110 or(and(or(and(!$TSPAN32 !$MYO1A) and(!$SERPINB2 $RPL36 $SLC6A8)) !$DLX6) and($DAO !$SLC6A8) not(0<($tumor_size_cm_preTrt_preSurgery))) 
-110 or(and(or(and(!$TSPAN32 !$MYO1A) and($RPL36 $SLC6A8)) !$DLX6) and($DAO !$SLC6A8) not(0<($tumor_size_cm_preTrt_preSurgery)) !$tamoxifen) 
-110 or(and(or(and(!$TSPAN32 !$MYO1A) and($RPL36 $SLC6A8)) !$DLX6) and($DAO !$SLC6A8) not(0<($tumor_size_cm_preTrt_preSurgery)) $cyclophosphamide) 
-110 or(and(or(and(!$TSPAN32 !$MYO1A) and($RPL36 $SLC6A8)) !$DLX6) and($DAO !$SLC6A8) not(0<($tumor_size_cm_preTrt_preSurgery)) $other) 
-110 or(and(or(and(!$TSPAN32 !$MYO1A) and($RPL36 $SLC6A8)) !$DLX6) and($DAO !$SLC6A8 !$epirubicin) not(0<($tumor_size_cm_preTrt_preSurgery))) 
-110 or(and(or(and(!$TSPAN32 !$MYO1A) and($RPL36 $SLC6A8)) !$DLX6) and($DAO !$SLC6A8 !$fluorouracil) not(0<($tumor_size_cm_preTrt_preSurgery))) 
-110 or(and(or(and(!$TSPAN32 !$MYO1A) and($RPL36 $SLC6A8)) !$DLX6 $anti_estrogen) and($DAO !$SLC6A8) not(0<($tumor_size_cm_preTrt_preSurgery))) 
-110 or(and(or(and(!$TSPAN32 !$MYO1A) and($RPL36 $SLC6A8)) !$DLX6 !$docetaxel) and($DAO !$SLC6A8) not(0<($tumor_size_cm_preTrt_preSurgery))) 
-110 or(and(or(and(!$TSPAN32 !$MYO1A) and($RPL36 $SLC6A8)) !$DLX6 !$other) and($DAO !$SLC6A8) not(0<($tumor_size_cm_preTrt_preSurgery))) 
-110 or(and(or(and(!$TSPAN32 !$MYO1A) and($RPL36 $SLC6A8) !$tamoxifen) !$DLX6) and($DAO !$SLC6A8) not(0<($tumor_size_cm_preTrt_preSurgery))) 
-110 or(and(or(and(!$TSPAN32 !$MYO1A) and($RPL36 $SLC6A8) $fluorouracil) !$DLX6) and($DAO !$SLC6A8) not(0<($tumor_size_cm_preTrt_preSurgery))) 
-110 or(and(or(and(!$TSPAN32 !$MYO1A) and($RPL36 $SLC6A8 $hormone_therapyClass)) !$DLX6) and($DAO !$SLC6A8) not(0<($tumor_size_cm_preTrt_preSurgery))) 
-110 or(and(or(and(!$TSPAN32 !$MYO1A) and($RPL36 $SLC6A8 !$anthracycline)) !$DLX6) and($DAO !$SLC6A8) not(0<($tumor_size_cm_preTrt_preSurgery))) 
-110 or(and(or(and(!$TSPAN32 !$MYO1A) and($RPL36 $SLC6A8 !$epirubicin)) !$DLX6) and($DAO !$SLC6A8) not(0<($tumor_size_cm_preTrt_preSurgery))) 
-110 or(and(or(and(!$TSPAN32 !$MYO1A) and($RPL36 $SLC6A8 !$docetaxel)) !$DLX6) and($DAO !$SLC6A8) not(0<($tumor_size_cm_preTrt_preSurgery))) 
-110 or(and(or(and(!$TSPAN32 !$MYO1A) and($RPL36 $SLC6A8 !$fluorouracil)) !$DLX6) and($DAO !$SLC6A8) not(0<($tumor_size_cm_preTrt_preSurgery))) 
-110 or(and(or(and(!$TSPAN32 !$MYO1A) and($RPL36 $SLC6A8 !$cyclophosphamide)) !$DLX6) and($DAO !$SLC6A8) not(0<($tumor_size_cm_preTrt_preSurgery))) 
-110 or(and(or(and(!$TSPAN32 !$MYO1A $anti_estrogen) and($RPL36 $SLC6A8)) !$DLX6) and($DAO !$SLC6A8) not(0<($tumor_size_cm_preTrt_preSurgery))) 
-110 or(and(or(and(!$TSPAN32 !$MYO1A !$docetaxel) and($RPL36 $SLC6A8)) !$DLX6) and($DAO !$SLC6A8) not(0<($tumor_size_cm_preTrt_preSurgery))) 
-110 or(and(or(and(or(!$TSPAN32 $PSMD5) !$MYO1A) and($RPL36 $SLC6A8)) !$DLX6) and($DAO !$SLC6A8) not(0<($tumor_size_cm_preTrt_preSurgery))) 
-110 or(and(or(and(or(!$TSPAN32 $SERPINB2) !$MYO1A) and($RPL36 $SLC6A8)) !$DLX6) and($DAO !$SLC6A8) not(0<($tumor_size_cm_preTrt_preSurgery))) 
-110 or(and(or(and(or(!$TSPAN32 $GLI3) !$MYO1A) and($RPL36 $SLC6A8)) !$DLX6) and($DAO !$SLC6A8) not(0<($tumor_size_cm_preTrt_preSurgery))) 
-110 or(and(or(and(or(!$TSPAN32 $chemotherapyClass) !$MYO1A) and($RPL36 $SLC6A8)) !$DLX6) and($DAO !$SLC6A8) not(0<($tumor_size_cm_preTrt_preSurgery))) 
-110 or(and(or(and(or($DDN $SLC6A8) $RPL36) and(!$TSPAN32 !$MYO1A)) !$DLX6) and($DAO !$SLC6A8) not(0<($tumor_size_cm_preTrt_preSurgery))) 
-110 or(and(or(and(or(!$GABRQ $RPL36) $SLC6A8) and(!$TSPAN32 !$MYO1A)) !$DLX6) and($DAO !$SLC6A8) not(0<($tumor_size_cm_preTrt_preSurgery))) 
-110 or(and(or(and(or(!$COL11A1 !$MYO1A) !$TSPAN32) and($RPL36 $SLC6A8)) !$DLX6) and($DAO !$SLC6A8) not(0<($tumor_size_cm_preTrt_preSurgery))) 
-110 or(and(or(and(or(!$PSMD5 $RPL36) $SLC6A8) and(!$TSPAN32 !$MYO1A)) !$DLX6) and($DAO !$SLC6A8) not(0<($tumor_size_cm_preTrt_preSurgery))) 
-110 or(and(or(and(or(!$MYBPC2 $RPL36) $SLC6A8) and(!$TSPAN32 !$MYO1A)) !$DLX6) and($DAO !$SLC6A8) not(0<($tumor_size_cm_preTrt_preSurgery))) 
-110 or(and(or(and(or($CES2 $SLC6A8) $RPL36) and(!$TSPAN32 !$MYO1A)) !$DLX6) and($DAO !$SLC6A8) not(0<($tumor_size_cm_preTrt_preSurgery))) 
-110 or(and(or(and(or($RPL36 !$tamoxifen) $SLC6A8) and(!$TSPAN32 !$MYO1A)) !$DLX6) and($DAO !$SLC6A8) not(0<($tumor_size_cm_preTrt_preSurgery))) 
-110 or(and(or(and(or($RPL36 $docetaxel) $SLC6A8) and(!$TSPAN32 !$MYO1A)) !$DLX6) and($DAO !$SLC6A8) not(0<($tumor_size_cm_preTrt_preSurgery))) 
-110 or(and(or(and(or($SLC6A8 $IFIT1) $RPL36) and(!$TSPAN32 !$MYO1A)) !$DLX6) and($DAO !$SLC6A8) not(0<($tumor_size_cm_preTrt_preSurgery))) 
-110 or(and(or(and(or($SLC6A8 $fluorouracil) $RPL36) and(!$TSPAN32 !$MYO1A)) !$DLX6) and($DAO !$SLC6A8) not(0<($tumor_size_cm_preTrt_preSurgery))) 
-110 or(and(or(and(or($SLC6A8 $paclitaxel) $RPL36) and(!$TSPAN32 !$MYO1A)) !$DLX6) and($DAO !$SLC6A8) not(0<($tumor_size_cm_preTrt_preSurgery))) 
-110 or(and(or(and(or($SLC6A8 $cyclophosphamide) $RPL36) and(!$TSPAN32 !$MYO1A)) !$DLX6) and($DAO !$SLC6A8) not(0<($tumor_size_cm_preTrt_preSurgery))) 
-110 or(and(or(and(or(!$MYO1A $taxane) !$TSPAN32) and($RPL36 $SLC6A8)) !$DLX6) and($DAO !$SLC6A8) not(0<($tumor_size_cm_preTrt_preSurgery))) 
-110 or(and(or(and(!$TSPAN32 !$MYO1A) and($RPL36 $SLC6A8)) or(!$DLX6 !$estrogen_receptor_blocker)) and($DAO !$SLC6A8) not(0<($tumor_size_cm_preTrt_preSurgery))) 
-110 or(and(or(and(!$TSPAN32 !$MYO1A) and($RPL36 $SLC6A8)) or(!$DLX6 !$tamoxifen)) and($DAO !$SLC6A8) not(0<($tumor_size_cm_preTrt_preSurgery))) 
-110 or(and(or(and(!$TSPAN32 !$MYO1A) and($RPL36 $SLC6A8)) 0<($tumor_size_cm_preTrt_preSurgery) !$DLX6) and($DAO !$SLC6A8) not(0<($tumor_size_cm_preTrt_preSurgery))) 
-110 or(and(or(and(!$TSPAN32 !$MYO1A) and($RPL36 $SLC6A8)) !$DLX6) and(or($DAO $docetaxel) !$SLC6A8) not(0<($tumor_size_cm_preTrt_preSurgery))) 
-110 or(and(or(and(!$TSPAN32 !$MYO1A) and($RPL36 $SLC6A8)) !$DLX6) and(or(!$SLC6A8 $fluorouracil) $DAO) not(0<($tumor_size_cm_preTrt_preSurgery))) 
-110 or(and(or(and(!$TSPAN32 !$MYO1A) and($RPL36 $SLC6A8)) !$DLX6) and(0<($tumor_size_cm_preTrt_preSurgery) $DAO !$SLC6A8) not(0<($tumor_size_cm_preTrt_preSurgery))) 
-110 or(and(or(and(!$TSPAN32 !$MYO1A) and($RPL36 $SLC6A8) not(0<($preTrt_lymph_node_status))) !$DLX6) and($DAO !$SLC6A8) not(0<($tumor_size_cm_preTrt_preSurgery))) 
-110 or(and(or(and(or(not(0<($tumor_size_cm_preTrt_preSurgery)) !$TSPAN32) !$MYO1A) and($RPL36 $SLC6A8)) !$DLX6) and($DAO !$SLC6A8) not(0<($tumor_size_cm_preTrt_preSurgery))) 
-110 or(and(or(and(or(not(0<($tumor_size_cm_preTrt_preSurgery)) $RPL36) $SLC6A8) and(!$TSPAN32 !$MYO1A)) !$DLX6) and($DAO !$SLC6A8) not(0<($tumor_size_cm_preTrt_preSurgery))) 
-110 or(and(or(and(or(not(0<($preTrt_lymph_node_status)) $SLC6A8) $RPL36) and(!$TSPAN32 !$MYO1A)) !$DLX6) and($DAO !$SLC6A8) not(0<($tumor_size_cm_preTrt_preSurgery))) 
-115 or(and(or($RPL36 !$MYO1A) !$DLX6) not(0<($tumor_size_cm_preTrt_preSurgery)) !$SLC6A8) 
-113 or(and(!$TSPAN32 !$DLX6 !$MYO1A $oral) and($DAO !$SLC6A8) not(0<($tumor_size_cm_preTrt_preSurgery))) 
-113 or(and(!$TSPAN32 !$DLX6 !$MYO1A $anti_estrogen) and($DAO !$SLC6A8) not(0<($tumor_size_cm_preTrt_preSurgery))) 
-113 or(and(!$TSPAN32 !$DLX6 !$MYO1A !$paclitaxel) and($DAO !$SLC6A8) not(0<($tumor_size_cm_preTrt_preSurgery))) 
-113 or(and(or(!$COL11A1 !$MYO1A) !$TSPAN32 !$DLX6) and($DAO !$SLC6A8) not(0<($tumor_size_cm_preTrt_preSurgery))) 
-113 or(and(or(!$DLX6 !$PTGES) !$TSPAN32 !$MYO1A) and($DAO !$SLC6A8) not(0<($tumor_size_cm_preTrt_preSurgery))) 
-113 or(and(or(!$DLX6 !$hormone_therapyClass) !$TSPAN32 !$MYO1A) and($DAO !$SLC6A8) not(0<($tumor_size_cm_preTrt_preSurgery))) 
-113 or(and(or($RPL36 !$MYO1A) !$DLX6) and($DAO !$SLC6A8) not(0<($tumor_size_cm_preTrt_preSurgery)) !$estrogen_receptor_blocker) 
-113 or(and(or($RPL36 !$MYO1A) !$DLX6) and($DAO !$SLC6A8 $anti_estrogen) not(0<($tumor_size_cm_preTrt_preSurgery))) 
-113 or(and(or($RPL36 !$MYO1A) !$DLX6) and($DAO !$SLC6A8 !$docetaxel) not(0<($tumor_size_cm_preTrt_preSurgery))) 
-113 or(and(or($RPL36 !$MYO1A) !$DLX6 !$ZNF613) and($DAO !$SLC6A8) not(0<($tumor_size_cm_preTrt_preSurgery))) 
-113 or(and(or($RPL36 !$MYO1A) !$DLX6 $tamoxifen) and($DAO !$SLC6A8) not(0<($tumor_size_cm_preTrt_preSurgery))) 
-113 or(and(or($RPL36 !$MYO1A) !$DLX6 !$other) and($DAO !$SLC6A8) not(0<($tumor_size_cm_preTrt_preSurgery))) 
-113 or(and(or($RPL36 !$MYO1A !$oral) !$DLX6) and($DAO !$SLC6A8) not(0<($tumor_size_cm_preTrt_preSurgery))) 
-113 or(and(or($RPL36 !$MYO1A $capecitabine) !$DLX6) and($DAO !$SLC6A8) not(0<($tumor_size_cm_preTrt_preSurgery))) 
-113 or(and(or(!$SLC6A8 $fluorouracil) $DAO) and(!$TSPAN32 !$DLX6 !$MYO1A) not(0<($tumor_size_cm_preTrt_preSurgery))) 
-113 or(and(or(and(!$TSPAN32 !$MYO1A) $fluorouracil) !$DLX6) and($DAO !$SLC6A8) not(0<($tumor_size_cm_preTrt_preSurgery))) 
-113 or(and(or(and(!$ITPKC !$MYO1A) $RPL36) !$DLX6) and($DAO !$SLC6A8) not(0<($tumor_size_cm_preTrt_preSurgery))) 
-113 or(and(or(and(!$CCR4 !$MYO1A) $RPL36) !$DLX6) and($DAO !$SLC6A8) not(0<($tumor_size_cm_preTrt_preSurgery))) 
-113 or(and(or(and(!$TNNI1 !$MYO1A) $RPL36) !$DLX6) and($DAO !$SLC6A8) not(0<($tumor_size_cm_preTrt_preSurgery))) 
-113 or(and(or(and($GPM6B $RPL36) !$MYO1A) !$DLX6) and($DAO !$SLC6A8) not(0<($tumor_size_cm_preTrt_preSurgery))) 
-113 or(and(or(and($RPL36 !$other) !$MYO1A) !$DLX6) and($DAO !$SLC6A8) not(0<($tumor_size_cm_preTrt_preSurgery))) 
-113 or(and(or(and(!$IRS4 !$MYO1A) $RPL36) !$DLX6) and($DAO !$SLC6A8) not(0<($tumor_size_cm_preTrt_preSurgery))) 
-113 or(and(or(and(!$MYO1A $hormone_therapyClass) $RPL36) !$DLX6) and($DAO !$SLC6A8) not(0<($tumor_size_cm_preTrt_preSurgery))) 
-113 or(and(or(!$DLX6 !$LY6H) or($RPL36 !$MYO1A)) and($DAO !$SLC6A8) not(0<($tumor_size_cm_preTrt_preSurgery))) 
-113 or(and(or($DAO $CES2) !$SLC6A8) and(or($RPL36 !$MYO1A) !$DLX6) not(0<($tumor_size_cm_preTrt_preSurgery))) 
-113 or(and(or($DAO !$LY6H) !$SLC6A8) and(or($RPL36 !$MYO1A) !$DLX6) not(0<($tumor_size_cm_preTrt_preSurgery))) 
-113 or(and(or($RPL36 !$MYO1A) !$DLX6) and(or(!$SLC6A8 $anthracycline) $DAO) not(0<($tumor_size_cm_preTrt_preSurgery))) 
-113 or(and(or($RPL36 !$MYO1A) !$DLX6) and(0<($tumor_size_cm_preTrt_preSurgery) $DAO !$SLC6A8) not(0<($tumor_size_cm_preTrt_preSurgery))) 
-113 or(and(or(and(0<($preTrt_numPosLymphNodes) $RPL36) !$MYO1A) !$DLX6) and($DAO !$SLC6A8) not(0<($tumor_size_cm_preTrt_preSurgery))) 
-113 or(and(or($RPL36 !$MYO1A) !$DLX6) and($DAO !$SLC6A8) not(0<($tumor_size_cm_preTrt_preSurgery)) not(0<($age))) 
-113 or(and(or(not(0<($tumor_size_cm_preTrt_preSurgery)) $DAO) !$SLC6A8) and(or($RPL36 !$MYO1A) !$DLX6) not(0<($tumor_size_cm_preTrt_preSurgery))) 
-112 or(and(or(and($C9 !$TNNI1 !$MYO1A) $RPL36) !$DLX6) and($DAO !$SLC6A8) not(0<($tumor_size_cm_preTrt_preSurgery))) 
-112 or(and(or(and(!$TSPAN32 !$ITPKC !$MYO1A) $RPL36) !$DLX6) and($DAO !$SLC6A8) not(0<($tumor_size_cm_preTrt_preSurgery))) 
-112 or(and(or(and(!$TSPAN32 !$MYO1A) $RPL36 $anthracycline) !$DLX6) and($DAO !$SLC6A8) not(0<($tumor_size_cm_preTrt_preSurgery))) 
-112 or(and(or(and(!$TSPAN32 !$MYO1A) $RPL36 $paclitaxel) !$DLX6) and($DAO !$SLC6A8) not(0<($tumor_size_cm_preTrt_preSurgery))) 
-112 or(and(or(and(!$TSPAN32 !$MYO1A $hormone_therapyClass) $RPL36) !$DLX6) and($DAO !$SLC6A8) not(0<($tumor_size_cm_preTrt_preSurgery))) 
-112 or(and(or(and(!$TSPAN32 !$MYO1A $estrogen_receptor_blocker) $RPL36) !$DLX6) and($DAO !$SLC6A8) not(0<($tumor_size_cm_preTrt_preSurgery))) 
-112 or(and(or(and(!$TSPAN32 !$MYO1A !$other) $RPL36) !$DLX6) and($DAO !$SLC6A8) not(0<($tumor_size_cm_preTrt_preSurgery))) 
-112 or(and(or(and($COL11A1 !$MYO1A) $RPL36 $capecitabine) !$DLX6) and($DAO !$SLC6A8) not(0<($tumor_size_cm_preTrt_preSurgery))) 
-112 or(and(or(and($GPM6B $RPL36) !$MYO1A) !$TSPAN32 !$DLX6) and($DAO !$SLC6A8) not(0<($tumor_size_cm_preTrt_preSurgery))) 
-112 or(and(or(and($GPM6B $RPL36) !$MYO1A) !$DLX6 !$PHF15) and($DAO !$SLC6A8) not(0<($tumor_size_cm_preTrt_preSurgery))) 
-112 or(and(or(and(!$IRS4 !$MYO1A) !$GABRQ $RPL36) !$DLX6) and($DAO !$SLC6A8) not(0<($tumor_size_cm_preTrt_preSurgery))) 
-112 or(and(or(!$TSPAN32 $IQCG) or($RPL36 !$MYO1A) !$DLX6) and($DAO !$SLC6A8) not(0<($tumor_size_cm_preTrt_preSurgery))) 
-112 or(and(or($PPEF1 !$ZNF613) or($RPL36 !$MYO1A) !$DLX6) and($DAO !$SLC6A8) not(0<($tumor_size_cm_preTrt_preSurgery))) 
-112 or(and(or(!$METAP2 $ARID4B) or($RPL36 !$MYO1A) !$DLX6) and($DAO !$SLC6A8) not(0<($tumor_size_cm_preTrt_preSurgery))) 
-112 or(and(or(!$METAP2 $CWF19L1) or($RPL36 !$MYO1A) !$DLX6) and($DAO !$SLC6A8) not(0<($tumor_size_cm_preTrt_preSurgery))) 
-112 or(and(or($IQCG !$ZNF613) or($RPL36 !$MYO1A) !$DLX6) and($DAO !$SLC6A8) not(0<($tumor_size_cm_preTrt_preSurgery))) 
