-112 0<(+(*(-1 +(*(+(impulse($KCNH4) impulse($hormone_therapyClass)) impulse($SLCO4A1)) *(impulse($MYBPC2) $preTrt_numPosLymphNodes))) $preTrt_lymph_node_status))
-110 0<(+(*(-1 +(*(+(impulse(and($ARID4B $docetaxel)) impulse($KCNH4) impulse($hormone_therapyClass)) impulse($SLCO4A1)) *(impulse($MYBPC2) $preTrt_numPosLymphNodes))) $preTrt_lymph_node_status))
-110 0<(+(*(-1 +(*(+(impulse($KCNH4) impulse($hormone_therapyClass)) impulse($SLCO4A1)) *(impulse($MYBPC2) $preTrt_numPosLymphNodes) impulse(and($IFIT1 $capecitabine)))) $preTrt_lymph_node_status))
-111 0<(+(*(-1 +(*(+(impulse(and($GZMM $LY6H)) impulse($KCNH4) impulse($hormone_therapyClass)) impulse($SLCO4A1)) *(impulse($MYBPC2) $preTrt_numPosLymphNodes))) $preTrt_lymph_node_status))
-111 0<(+(*(-1 +(*(+(impulse(and($IQCG $TNNI1)) impulse($KCNH4) impulse($hormone_therapyClass)) impulse($SLCO4A1)) *(impulse($MYBPC2) $preTrt_numPosLymphNodes))) $preTrt_lymph_node_status))
-111 0<(+(*(-1 +(*(+(impulse(and($IRS4 $NME3)) impulse($KCNH4) impulse($hormone_therapyClass)) impulse($SLCO4A1)) *(impulse($MYBPC2) $preTrt_numPosLymphNodes))) $preTrt_lymph_node_status))
-112 0<(+(*(-1 +(*(+(impulse($KCNH4) impulse($hormone_therapyClass)) impulse($SLCO4A1)) *(impulse($MYBPC2) $preTrt_numPosLymphNodes))) impulse(and($OR12D3 $taxane)) $preTrt_lymph_node_status))
-112 0<(+(*(-1 +(*(+(impulse($KCNH4) impulse($hormone_therapyClass)) impulse($SLCO4A1)) *(impulse($MYBPC2) $preTrt_numPosLymphNodes))) impulse(and($ITPKC $CCNE2)) $preTrt_lymph_node_status))
-112 0<(+(*(-1 +(*(+(impulse($KCNH4) impulse($hormone_therapyClass)) impulse($SLCO4A1)) *(impulse($MYBPC2) $preTrt_numPosLymphNodes))) impulse(and($ITPKC $TNNI1)) $preTrt_lymph_node_status))
-112 0<(+(*(-1 +(*(+(impulse($KCNH4) impulse($hormone_therapyClass)) impulse($SLCO4A1)) *(impulse($MYBPC2) $preTrt_numPosLymphNodes) impulse(and($CCNE2 $paclitaxel)))) $preTrt_lymph_node_status))
-111 0<(+(*(-1 +(*(+(impulse($KCNH4) impulse($hormone_therapyClass)) impulse($SLCO4A1)) *(impulse($MYBPC2) $preTrt_numPosLymphNodes))) *(-1 impulse(and($PFN2 $capecitabine))) $preTrt_lymph_node_status))
-113 0<(+(*(-1 +(*(+(impulse(and($GABRQ $LY6H)) impulse($KCNH4) impulse($hormone_therapyClass)) impulse($SLCO4A1)) *(impulse($MYBPC2) $preTrt_numPosLymphNodes))) $preTrt_lymph_node_status))
-113 0<(+(*(-1 +(*(+(impulse(and($SERPINB2 $tamoxifen)) impulse($KCNH4) impulse($hormone_therapyClass)) impulse($SLCO4A1)) *(impulse($MYBPC2) $preTrt_numPosLymphNodes))) $preTrt_lymph_node_status))
-113 0<(+(*(-1 +(*(+(impulse($KCNH4) impulse($hormone_therapyClass)) impulse($SLCO4A1)) *(impulse($MYBPC2) $preTrt_numPosLymphNodes))) impulse(and($DAO $CWF19L1)) $preTrt_lymph_node_status))
-113 0<(+(*(-1 +(*(+(impulse($KCNH4) impulse($hormone_therapyClass)) impulse($SLCO4A1)) *(impulse($MYBPC2) $preTrt_numPosLymphNodes))) impulse(and($OTOR $MYO1A)) $preTrt_lymph_node_status))
-114 0<(+(*(-1 +(*(+(impulse($KCNH4) impulse($hormone_therapyClass)) impulse($SLCO4A1)) *(impulse($MYBPC2) $preTrt_numPosLymphNodes))) impulse(and($C9 $ITPKC)) $preTrt_lymph_node_status))
-114 0<(+(*(-1 +(*(+(impulse($KCNH4) impulse($hormone_therapyClass)) impulse($SLCO4A1)) *(impulse($MYBPC2) $preTrt_numPosLymphNodes))) impulse(and($VPS39 $AZIN1)) $preTrt_lymph_node_status))
-113 0<(+(*(-1 +(*(+(*(-1 impulse(and($GPM6B $C9orf38))) impulse($KCNH4) impulse($hormone_therapyClass)) impulse($SLCO4A1)) *(impulse($MYBPC2) $preTrt_numPosLymphNodes))) $preTrt_lymph_node_status))                                                                                                                                                                                     
-113 0<(+(*(-1 +(*(+(*(-1 impulse(and($ARID4B $C7orf10))) impulse($KCNH4) impulse($hormone_therapyClass)) impulse($SLCO4A1)) *(impulse($MYBPC2) $preTrt_numPosLymphNodes))) $preTrt_lymph_node_status))
-113 0<(+(*(-1 +(*(+(*(-1 impulse(and($GALNT8 $AZIN1))) impulse($KCNH4) impulse($hormone_therapyClass)) impulse($SLCO4A1)) *(impulse($MYBPC2) $preTrt_numPosLymphNodes))) $preTrt_lymph_node_status))
-114 0<(+(*(-1 +(*(+(impulse($KCNH4) impulse($hormone_therapyClass)) impulse($SLCO4A1)) *(impulse($MYBPC2) $preTrt_numPosLymphNodes))) *(-1 impulse(and($PPEF1 $ICT1))) $preTrt_lymph_node_status))                                                                                                                                                                                        
-116 0<(+(*(-1 +(*(+(impulse($KCNH4) impulse($hormone_therapyClass)) impulse($SLCO4A1)) *(impulse($MYBPC2) $preTrt_numPosLymphNodes))) impulse(and($GABRQ $CRMP1)) $preTrt_lymph_node_status))                          
-116 0<(+(*(-1 +(*(+(impulse($KCNH4) impulse($hormone_therapyClass)) impulse($SLCO4A1)) *(impulse($MYBPC2) $preTrt_numPosLymphNodes) impulse(and($MAP1S $LY6H)))) $preTrt_lymph_node_status))
-116 0<(+(*(-1 +(*(+(impulse($KCNH4) impulse($hormone_therapyClass)) impulse($SLCO4A1)) *(impulse($MYBPC2) $preTrt_numPosLymphNodes) impulse(and($CREB3 $GLI3)))) $preTrt_lymph_node_status))                                                                                                                                                                                              
-115 0<(+(*(-1 +(*(+(impulse($KCNH4) impulse($hormone_therapyClass)) impulse($SLCO4A1)) *(impulse($MYBPC2) $preTrt_numPosLymphNodes))) *(-1 impulse(and($GABRQ $AZIN1))) $preTrt_lymph_node_status))
-116 0<(+(*(-1 +(*(+(*(-1 impulse($BTG1) $preTrt_numPosLymphNodes) impulse($KCNH4) impulse($hormone_therapyClass)) impulse($SLCO4A1)) *(impulse($MYBPC2) $preTrt_numPosLymphNodes))) $preTrt_lymph_node_status))
-116 0<(+(*(-1 +(*(+(*(-1 impulse(and($TDP1 $MAP3K7))) impulse($KCNH4) impulse($hormone_therapyClass)) impulse($SLCO4A1)) *(impulse($MYBPC2) $preTrt_numPosLymphNodes))) $preTrt_lymph_node_status))
-118 0<(+(*(-1 +(*(+(impulse($KCNH4) impulse($hormone_therapyClass)) impulse($SLCO4A1)) *(impulse($MYBPC2) $preTrt_numPosLymphNodes) impulse(and($KCNH4 $ST6GALNAC4)))) $preTrt_lymph_node_status))
-119 0<(+(*(-1 +(*(+(impulse($KCNH4) impulse($hormone_therapyClass)) impulse($SLCO4A1)) *(impulse($MYBPC2) $preTrt_numPosLymphNodes) impulse(and($DTX2 $MYO1A)))) $preTrt_lymph_node_status))
-118 0<(+(*(-1 +(*(+(*(-1 impulse($MYBPC2) $preTrt_lymph_node_status) impulse($KCNH4) impulse($hormone_therapyClass)) impulse($SLCO4A1)) *(impulse($MYBPC2) $preTrt_numPosLymphNodes))) $preTrt_lymph_node_status))
-119 0<(+(*(-1 +(*(+(*(-1 impulse($TSPAN32) $preTrt_totalLymphNodes) impulse($KCNH4) impulse($hormone_therapyClass)) impulse($SLCO4A1)) *(impulse($MYBPC2) $preTrt_numPosLymphNodes))) $preTrt_lymph_node_status))
-119 0<(+(*(-1 +(*(+(impulse($KCNH4) impulse($hormone_therapyClass)) impulse($SLCO4A1)) *(impulse($MYBPC2) $preTrt_numPosLymphNodes))) *(-1 impulse(and($METAP2 $VPS39))) $preTrt_lymph_node_status))
-119 0<(+(*(-1 +(*(+(impulse($KCNH4) impulse($hormone_therapyClass)) impulse($SLCO4A1)) *(impulse($MYBPC2) $preTrt_numPosLymphNodes))) *(-1 impulse(and($ICT1 $tamoxifen))) $preTrt_lymph_node_status))
-119 0<(+(*(-1 +(*(+(impulse($KCNH4) impulse($hormone_therapyClass)) impulse($SLCO4A1)) *(impulse($MYBPC2) $preTrt_numPosLymphNodes))) *(-1 impulse(and($C9orf38 $tamoxifen))) $preTrt_lymph_node_status))
-122 0<(+(*(-1 +(*(+(impulse($KCNH4) impulse($hormone_therapyClass)) impulse($SLCO4A1)) *(impulse($MYBPC2) $preTrt_numPosLymphNodes) impulse(and($GP1BB $estrogen_receptor_blocker)))) $preTrt_lymph_node_status))                                                                                                                                                                         
-121 0<(+(*(-1 +(*(+(impulse($KCNH4) impulse($hormone_therapyClass)) impulse($SLCO4A1)) *(impulse($MYBPC2) $preTrt_numPosLymphNodes))) *(-1 impulse(and($PHF15 $PFN2))) $preTrt_lymph_node_status))
-122 0<(+(*(-1 +(*(+(impulse($KCNH4) impulse($hormone_therapyClass)) impulse($SLCO4A1)) *(impulse($MYBPC2) $preTrt_numPosLymphNodes))) *(-1 impulse(and($COL11A1 $ZNF613))) $preTrt_lymph_node_status))
-125 0<(+(*(-1 +(*(+(impulse(and($ETV7 $chemotherapyClass)) impulse($KCNH4) impulse($hormone_therapyClass)) impulse($SLCO4A1)) *(impulse($MYBPC2) $preTrt_numPosLymphNodes))) $preTrt_lymph_node_status))
-125 0<(+(*(-1 +(*(+(impulse($KCNH4) impulse($hormone_therapyClass)) impulse($SLCO4A1)) *(impulse($MYBPC2) $preTrt_numPosLymphNodes))) *(-1 impulse(and($ETV7 $anthracycline))) $preTrt_lymph_node_status))
-126 0<(+(*(-1 +(*(+(*(-1 impulse($MAP1S) $age) impulse($KCNH4) impulse($hormone_therapyClass)) impulse($SLCO4A1)) *(impulse($MYBPC2) $preTrt_numPosLymphNodes))) $preTrt_lymph_node_status))
-156 0<(+(*(-1 +(*(+(impulse($KCNH4) impulse($hormone_therapyClass)) impulse($SLCO4A1)) *(impulse($MYBPC2) $preTrt_numPosLymphNodes))) *(-1 impulse($GABRQ) $hist_grade) $preTrt_lymph_node_status))
