-186 and(or(and(or($PPEF1 $ICT1) !$FOS $LY6H) !$IFIT1) or(and($CARD9 $BTG1) 0<($nuclear_grade_preTrt) $postmenopausal_only) $hormone_therapyClass) 
-184 and(or(and(or($PPEF1 $ICT1) or(!$ZNF14 !$FOS) $LY6H) !$IFIT1) or(and($CARD9 $BTG1) and(!$NAB1 $KRT15) $postmenopausal_only) $hormone_therapyClass) 
-188 and(or(and(or($PPEF1 $ICT1) !$FOS $LY6H) !$IFIT1) or(and($CARD9 $BTG1) $postmenopausal_only) $hormone_therapyClass) 
-188 and(or(and($CARD9 $BTG1) 0<($nuclear_grade_preTrt) $postmenopausal_only) or(and($ICT1 !$FOS $LY6H) !$IFIT1) $hormone_therapyClass) 
-187 and(or(and(or($PPEF1 $ICT1) or(!$ZNF14 !$FOS) $LY6H) !$IFIT1) or(and($CARD9 $BTG1) $postmenopausal_only) $hormone_therapyClass) 
-187 and(or(and(or($PPEF1 $ICT1) !$FOS !$chemotherapyClass) !$IFIT1) or(and($CARD9 $BTG1) 0<($nuclear_grade_preTrt) $postmenopausal_only) $hormone_therapyClass) 
-187 and(or(and(or($ICT1 !$IRS4) !$FOS $LY6H) !$IFIT1) or(and($CARD9 $BTG1) 0<($nuclear_grade_preTrt) $postmenopausal_only) $hormone_therapyClass) 
-187 and(or(and(or($ICT1 $chemotherapyClass) !$FOS $LY6H) !$IFIT1) or(and($CARD9 $BTG1) 0<($nuclear_grade_preTrt) $postmenopausal_only) $hormone_therapyClass) 
-187 and(or(and(or($ICT1 $docetaxel) !$FOS $LY6H) !$IFIT1) or(and($CARD9 $BTG1) 0<($nuclear_grade_preTrt) $postmenopausal_only) $hormone_therapyClass) 
-187 and(or(and(or($ICT1 !$letrozole) !$FOS $LY6H) !$IFIT1) or(and($CARD9 $BTG1) 0<($nuclear_grade_preTrt) $postmenopausal_only) $hormone_therapyClass) 
-187 and(or(and($GABRQ $ICT1 !$FOS) !$IFIT1) or(and($DTX2 $postmenopausal_only) and($CARD9 $BTG1) 0<($nuclear_grade_preTrt)) $hormone_therapyClass) 
-186 and(or(and(or($PPEF1 $ICT1) or(!$ZNF14 !$FOS) $LY6H) !$IFIT1) or(and(!$NAB1 $KRT15) $CARD9 $postmenopausal_only) $hormone_therapyClass) 
-186 and(or(and(or($PPEF1 $ICT1) !$FOS $LY6H) !$IFIT1) or(and($CARD9 $KLRF1 $BTG1) 0<($nuclear_grade_preTrt) $postmenopausal_only) $hormone_therapyClass) 
-186 and(or(and(or($PPEF1 $ICT1) !$FOS $LY6H) !$IFIT1) or(and($CARD9 $ARHGAP15 $BTG1) 0<($nuclear_grade_preTrt) $postmenopausal_only) $hormone_therapyClass) 
-186 and(or(and(or($PPEF1 $ICT1) !$FOS $LY6H) !$IFIT1) or(and($CARD9 $BTG1) 0<($nuclear_grade_preTrt) $C9orf38 $postmenopausal_only) $hormone_therapyClass) 
-186 and(or(and(or($PPEF1 $ICT1) !$FOS $LY6H) !$IFIT1) or(and($CARD9 $BTG1) 0<($nuclear_grade_preTrt) $postmenopausal_only $anastrozole) $hormone_therapyClass) 
-186 and(or(and(or($PPEF1 $ICT1 $docetaxel) !$FOS $LY6H) !$IFIT1) or(and($CARD9 $BTG1) 0<($nuclear_grade_preTrt) $postmenopausal_only) $hormone_therapyClass) 
-186 and(or(and(or(and(!$IGFBP4 $PPEF1) $ICT1) !$FOS $LY6H) !$IFIT1) or(and($CARD9 $BTG1) 0<($nuclear_grade_preTrt) $postmenopausal_only) $hormone_therapyClass) 
-186 and(or(and(or(and($PPEF1 $OSBP2) $ICT1) !$FOS $LY6H) !$IFIT1) or(and($CARD9 $BTG1) 0<($nuclear_grade_preTrt) $postmenopausal_only) $hormone_therapyClass) 
-186 and(or(and(or(and($PPEF1 !$paclitaxel) $ICT1) !$FOS $LY6H) !$IFIT1) or(and($CARD9 $BTG1) 0<($nuclear_grade_preTrt) $postmenopausal_only) $hormone_therapyClass) 
-186 and(or(and(or(and($ICT1 $letrozole) $PPEF1) !$FOS $LY6H) !$IFIT1) or(and($CARD9 $BTG1) 0<($nuclear_grade_preTrt) $postmenopausal_only) $hormone_therapyClass) 
-186 and(or(and(or($SGK2 !$FOS) or($PPEF1 $ICT1) $LY6H) !$IFIT1) or(and($CARD9 $BTG1) 0<($nuclear_grade_preTrt) $postmenopausal_only) $hormone_therapyClass) 
-186 and(or(and(or($PPEF1 $ICT1) or(!$METAP2 !$FOS) $LY6H) !$IFIT1) or(and($CARD9 $BTG1) 0<($nuclear_grade_preTrt) $postmenopausal_only) $hormone_therapyClass) 
-186 and(or(and(or($PPEF1 $ICT1) or(!$MGAT4A $LY6H) !$FOS) !$IFIT1) or(and($CARD9 $BTG1) 0<($nuclear_grade_preTrt) $postmenopausal_only) $hormone_therapyClass) 
-186 and(or(and(or($PPEF1 $ICT1) or($LY6H !$chemotherapyClass) !$FOS) !$IFIT1) or(and($CARD9 $BTG1) 0<($nuclear_grade_preTrt) $postmenopausal_only) $hormone_therapyClass) 
-186 and(or(and(or($PPEF1 $ICT1) !$FOS $LY6H) !$IFIT1) or(and(or($BTG1 $LY6H) $CARD9) 0<($nuclear_grade_preTrt) $postmenopausal_only) $hormone_therapyClass) 
-186 and(or(and(or($PPEF1 $ICT1) !$FOS $LY6H) !$IFIT1) or(and(0<($nuclear_grade_preTrt) $KRT15) and($CARD9 $BTG1) $postmenopausal_only) $hormone_therapyClass) 
-186 and(or(and(or($PPEF1 $ICT1) !$FOS $LY6H) !$IFIT1) or(and(0<($nuclear_grade_preTrt) !$VPS39) and($CARD9 $BTG1) $postmenopausal_only) $hormone_therapyClass) 
-186 and(or(and(or($PPEF1 $ICT1) !$FOS $LY6H) !$IFIT1) or(and(0<($nuclear_grade_preTrt) !$GALNT8) and($CARD9 $BTG1) $postmenopausal_only) $hormone_therapyClass) 
-186 and(or(and(or($PPEF1 $ICT1) !$FOS $LY6H) !$IFIT1) or(and(0<($nuclear_grade_preTrt) !$AZIN1) and($CARD9 $BTG1) $postmenopausal_only) $hormone_therapyClass) 
-186 and(or(and(or($PPEF1 $ICT1) !$FOS $LY6H) !$IFIT1) or(and(0<($nuclear_grade_preTrt) !$capecitabine) and($CARD9 $BTG1) $postmenopausal_only) $hormone_therapyClass) 
-186 and(or(and(or(!$TDP1 !$FOS) or($ICT1 $docetaxel) $LY6H) !$IFIT1) or(and($CARD9 $BTG1) 0<($nuclear_grade_preTrt) $postmenopausal_only) $hormone_therapyClass) 
-186 and(or(and(or(0<($age) $BTG1) $CARD9) 0<($nuclear_grade_preTrt) $postmenopausal_only) or(and(or($PPEF1 $ICT1) !$FOS $LY6H) !$IFIT1) $hormone_therapyClass) 
-185 and(or(and(or($PPEF1 $ICT1) or(!$VPS8 !$FOS) $LY6H) !$IFIT1) or(and(0<($nuclear_grade_preTrt) !$AZIN1) and($CARD9 $BTG1) $postmenopausal_only) $hormone_therapyClass) 
-185 and(or(and(or($PPEF1 $ICT1) or(!$ZNF14 !$FOS) $LY6H) !$IFIT1) or(and(0<($nuclear_grade_preTrt) $KRT15) and($CARD9 $BTG1) $postmenopausal_only) $hormone_therapyClass) 
-185 and(or(and(or($PPEF1 $ICT1) not(0<($preTrt_lymph_node_status)) !$FOS $LY6H) !$IFIT1) or(and($CARD9 $BTG1) and(!$NAB1 $KRT15) $postmenopausal_only) $hormone_therapyClass) 
-184 and(or(and(or($PPEF1 !$CARD9 $ICT1) or(!$ZNF14 !$FOS) $LY6H) !$IFIT1) or(and($CARD9 $BTG1) and(!$NAB1 $KRT15) $postmenopausal_only) $hormone_therapyClass) 
-184 and(or(and(or($PPEF1 $ICT1) or(!$TNNI1 !$ZNF14 !$FOS) $LY6H) !$IFIT1) or(and($CARD9 $BTG1) and(!$NAB1 $KRT15) $postmenopausal_only) $hormone_therapyClass) 
-184 and(or(and(or($PPEF1 $ICT1) or(!$ARHGAP15 !$ZNF14 !$FOS) $LY6H) !$IFIT1) or(and($CARD9 $BTG1) and(!$NAB1 $KRT15) $postmenopausal_only) $hormone_therapyClass) 
-184 and(or(and(or($PPEF1 $ICT1) or(!$CBX8 !$ZNF14 !$FOS) $LY6H) !$IFIT1) or(and($CARD9 $BTG1) and(!$NAB1 $KRT15) $postmenopausal_only) $hormone_therapyClass) 
-184 and(or(and(or($PPEF1 $ICT1) or(!$ZNF14 !$FOS) $LY6H) !$IFIT1) or(and(!$SGK2 !$NAB1 $KRT15) and($CARD9 $BTG1) $postmenopausal_only) $hormone_therapyClass) 
-184 and(or(and(or($PPEF1 $ICT1) or(!$ZNF14 !$FOS) $LY6H) !$IFIT1) or(and(!$GABRQ !$NAB1 $KRT15) and($CARD9 $BTG1) $postmenopausal_only) $hormone_therapyClass) 
-184 and(or(and(or($PPEF1 $ICT1) or(!$ZNF14 !$FOS) $LY6H) !$IFIT1) or(and(!$DUOX2 !$NAB1 $KRT15) and($CARD9 $BTG1) $postmenopausal_only) $hormone_therapyClass) 
-184 and(or(and(or($PPEF1 $ICT1) or(!$ZNF14 !$FOS) $LY6H) !$IFIT1) or(and($PLXNA1 !$NAB1 $KRT15) and($CARD9 $BTG1) $postmenopausal_only) $hormone_therapyClass) 
-184 and(or(and(or($PPEF1 $ICT1) or(!$ZNF14 !$FOS) $LY6H) !$IFIT1) or(and($CARD9 $BTG1) and(!$NAB1 $KRT15) $postmenopausal_only $doxorubicin) $hormone_therapyClass) 
-184 and(or(and(or($PPEF1 $ICT1) or(!$ZNF14 !$FOS) $LY6H) !$IFIT1) or(and($CARD9 $BTG1) and(!$NAB1 $KRT15) $postmenopausal_only $epirubicin) $hormone_therapyClass) 
-184 and(or(and(or($PPEF1 $ICT1) or(!$ZNF14 !$FOS) $LY6H) !$IFIT1) or(and($CARD9 $BTG1 $docetaxel) and(!$NAB1 $KRT15) $postmenopausal_only) $hormone_therapyClass) 
-184 and(or(and(or($PPEF1 $ICT1) or(!$ZNF14 !$FOS) $LY6H !$other) !$IFIT1) or(and($CARD9 $BTG1) and(!$NAB1 $KRT15) $postmenopausal_only) $hormone_therapyClass) 
-184 and(or(and(or($PPEF1 $ICT1) or(!$ZNF14 !$FOS !$GALNT8) $LY6H) !$IFIT1) or(and($CARD9 $BTG1) and(!$NAB1 $KRT15) $postmenopausal_only) $hormone_therapyClass) 
-184 and(or(and(or($PPEF1 $ICT1) or(!$ZNF14 !$FOS !$aromatase_inhibitor) $LY6H) !$IFIT1) or(and($CARD9 $BTG1) and(!$NAB1 $KRT15) $postmenopausal_only) $hormone_therapyClass) 
-184 and(or(and(or($PPEF1 $ICT1) or(!$ZNF14 !$FOS $paclitaxel) $LY6H) !$IFIT1) or(and($CARD9 $BTG1) and(!$NAB1 $KRT15) $postmenopausal_only) $hormone_therapyClass) 
-184 and(or(and(or($PPEF1 $ICT1 !$SLCO4A1) or(!$ZNF14 !$FOS) $LY6H) !$IFIT1) or(and($CARD9 $BTG1) and(!$NAB1 $KRT15) $postmenopausal_only) $hormone_therapyClass) 
-184 and(or(and(or($PPEF1 $ICT1 $paclitaxel) or(!$ZNF14 !$FOS) $LY6H) !$IFIT1) or(and($CARD9 $BTG1) and(!$NAB1 $KRT15) $postmenopausal_only) $hormone_therapyClass) 
-184 and(or(and(or(and($C9 !$ZNF14) !$FOS) or($PPEF1 $ICT1) $LY6H) !$IFIT1) or(and($CARD9 $BTG1) and(!$NAB1 $KRT15) $postmenopausal_only) $hormone_therapyClass) 
-184 and(or(and(or(and($DLX6 $ICT1) $PPEF1) or(!$ZNF14 !$FOS) $LY6H) !$IFIT1) or(and($CARD9 $BTG1) and(!$NAB1 $KRT15) $postmenopausal_only) $hormone_therapyClass) 
-184 and(or(and(or(and(!$ZNF14 !$anti_HER2) !$FOS) or($PPEF1 $ICT1) $LY6H) !$IFIT1) or(and($CARD9 $BTG1) and(!$NAB1 $KRT15) $postmenopausal_only) $hormone_therapyClass) 
-184 and(or(and(or(and(!$FOS !$anthracycline) !$ZNF14) or($PPEF1 $ICT1) $LY6H) !$IFIT1) or(and($CARD9 $BTG1) and(!$NAB1 $KRT15) $postmenopausal_only) $hormone_therapyClass) 
-184 and(or(and(or($PPEF1 $ICT1) or(!$ZNF14 !$FOS) $LY6H) !$IFIT1) or(and(or($BTG1 !$RAD50) $CARD9) and(!$NAB1 $KRT15) $postmenopausal_only) $hormone_therapyClass) 
-184 and(or(and(or($PPEF1 $ICT1) or(!$ZNF14 !$FOS) $LY6H) !$IFIT1) or(and(0<($tumor_size_cm_preTrt_preSurgery) $CARD9 $BTG1) and(!$NAB1 $KRT15) $postmenopausal_only) $hormone_therapyClass) 
-184 and(or(and(or($PPEF1 $ICT1) or(!$ZNF14 !$FOS) $LY6H) !$IFIT1) or(and($DUOX2 $postmenopausal_only) and($CARD9 $BTG1) and(!$NAB1 $KRT15)) $hormone_therapyClass) 
-184 and(or(and(or($PPEF1 $ICT1) or(!$ZNF14 !$FOS) $LY6H) !$IFIT1) or(and($CARD9 $BTG1) and(!$NAB1 $KRT15) and($postmenopausal_only !$doxorubicin)) $hormone_therapyClass) 
-184 and(or(and(or(0<($nuclear_grade_preTrt) !$NAB1) $KRT15) and($CARD9 $BTG1) $postmenopausal_only) or(and(or($PPEF1 $ICT1) or(!$ZNF14 !$FOS) $LY6H) !$IFIT1) $hormone_therapyClass) 
-184 and(or(and(or(and(not(0<($preTrt_lymph_node_status)) !$FOS) !$ZNF14) or($PPEF1 $ICT1) $LY6H) !$IFIT1) or(and($CARD9 $BTG1) and(!$NAB1 $KRT15) $postmenopausal_only) $hormone_therapyClass) 
-184 and(or(and(or(not(0<($tumor_size_cm_preTrt_preSurgery)) !$NAB1) $KRT15) and($CARD9 $BTG1) $postmenopausal_only) or(and(or($PPEF1 $ICT1) or(!$ZNF14 !$FOS) $LY6H) !$IFIT1) $hormone_therapyClass) 
-183 and(or(and(or($PPEF1 $ICT1) or(!$ZNF14 !$FOS) $LY6H) !$IFIT1) or(and(!$DUOX2 !$NAB1 $KRT15) and($CARD9 $BTG1 !$doxorubicin) $postmenopausal_only) $hormone_therapyClass) 
-189 and(or(and(or($ICT1 !$IRS4) !$FOS $LY6H) !$IFIT1) or(and($CARD9 $BTG1) $postmenopausal_only) $hormone_therapyClass) 
-189 and(or(and(or($ICT1 !$letrozole) !$FOS $LY6H) !$IFIT1) or(and($CARD9 $BTG1) $postmenopausal_only) $hormone_therapyClass) 
-189 and(or(and($GABRQ $ICT1 !$FOS) !$IFIT1) or(and($DTX2 $postmenopausal_only) and($CARD9 $BTG1)) $hormone_therapyClass) 
-189 and(or(and($DTX2 $postmenopausal_only) and($CARD9 $BTG1) 0<($nuclear_grade_preTrt)) or(and($ICT1 !$FOS) !$IFIT1) $hormone_therapyClass) 
-188 and(or(and(or($PPEF1 $ICT1) !$FOS $LY6H) !$IFIT1) or(and($CARD9 $BTG1) $postmenopausal_only $anastrozole) $hormone_therapyClass) 
-188 and(or(and(or($PPEF1 $ICT1 !$IRS4) !$FOS $LY6H) !$IFIT1) or(and($CARD9 $BTG1) $postmenopausal_only) $hormone_therapyClass) 
-188 and(or(and($GABRQ $ICT1 !$FOS) !$IFIT1) or(and($CARD9 $BTG1) 0<($nuclear_grade_preTrt) $postmenopausal_only) $oral $hormone_therapyClass) 
-188 and(or(and($GABRQ $ICT1 !$FOS $LY6H) !$IFIT1) or(and($CARD9 $BTG1) 0<($nuclear_grade_preTrt) $postmenopausal_only) $hormone_therapyClass) 
-188 and(or(and($CARD9 $BTG1) 0<($nuclear_grade_preTrt) !$SAG $postmenopausal_only) or(and($ICT1 !$FOS $LY6H) !$IFIT1) $hormone_therapyClass) 
-188 and(or(and($CARD9 $BTG1) 0<($nuclear_grade_preTrt) !$oral $postmenopausal_only) or(and($ICT1 !$FOS $LY6H) !$IFIT1) $hormone_therapyClass) 
-188 and(or(and($CARD9 $BTG1) 0<($nuclear_grade_preTrt) $postmenopausal_only) or(and($ICT1 !$FOS $LY6H) !$IFIT1) $oral $hormone_therapyClass) 
-188 and(or(and($CARD9 $BTG1) 0<($nuclear_grade_preTrt) $postmenopausal_only) or(and($ICT1 !$FOS $LY6H) !$IFIT1) $hormone_therapyClass !$anastrozole) 
-188 and(or(and($CARD9 $BTG1) 0<($nuclear_grade_preTrt) $postmenopausal_only) or(and($ICT1 !$FOS $LY6H) !$IFIT1) $hormone_therapyClass !$taxaneGeneral) 
-188 and(or(and($CARD9 $BTG1) 0<($nuclear_grade_preTrt) $postmenopausal_only) or(and($ICT1 !$FOS $LY6H $aromatase_inhibitor) !$IFIT1) $hormone_therapyClass) 
-188 and(or(and($CARD9 $BTG1) 0<($nuclear_grade_preTrt) $postmenopausal_only) or(and($ICT1 !$FOS $LY6H $letrozole) !$IFIT1) $hormone_therapyClass) 
-188 and(or(and($CARD9 $BTG1) 0<($nuclear_grade_preTrt) $postmenopausal_only $estrogen_receptor_blocker_and_stops_production) or(and($ICT1 !$FOS $LY6H) !$IFIT1) $hormone_therapyClass) 
-188 and(or(and($CARD9 $BTG1) 0<($nuclear_grade_preTrt) $postmenopausal_only !$anti_HER2) or(and($ICT1 !$FOS $LY6H) !$IFIT1) $hormone_therapyClass) 
-188 and(or(and($CARD9 $BTG1) 0<($nuclear_grade_preTrt) $postmenopausal_only !$docetaxel) or(and($ICT1 !$FOS $LY6H) !$IFIT1) $hormone_therapyClass) 
-188 and(or(and($CARD9 $BTG1) 0<($nuclear_grade_preTrt) $postmenopausal_only $anastrozole) or(and($ICT1 !$FOS $LY6H) !$IFIT1) $hormone_therapyClass) 
-188 and(or(and($CARD9 $BTG1 !$anastrozole) 0<($nuclear_grade_preTrt) $postmenopausal_only) or(and($ICT1 !$FOS $LY6H) !$IFIT1) $hormone_therapyClass) 
-188 and(or(and(or(and($PPEF1 $OSBP2) $ICT1) !$FOS $LY6H) !$IFIT1) or(and($CARD9 $BTG1) $postmenopausal_only) $hormone_therapyClass) 
-188 and(or(and(or(!$TDP1 !$FOS) $GABRQ $ICT1) !$IFIT1) or(and($CARD9 $BTG1) 0<($nuclear_grade_preTrt) $postmenopausal_only) $hormone_therapyClass) 
-188 and(or(and(or(!$METAP2 !$FOS) $ICT1 $LY6H) !$IFIT1) or(and($CARD9 $BTG1) 0<($nuclear_grade_preTrt) $postmenopausal_only) $hormone_therapyClass) 
-188 and(or(and(or($DAO !$FOS) $ICT1 $LY6H) !$IFIT1) or(and($CARD9 $BTG1) 0<($nuclear_grade_preTrt) $postmenopausal_only) $hormone_therapyClass) 
-188 and(or(and(or($CARD9 !$PPP1R12A) $BTG1) 0<($nuclear_grade_preTrt) $postmenopausal_only) or(and($ICT1 !$FOS $LY6H) !$IFIT1) $hormone_therapyClass) 
-188 and(or(and(or($CARD9 $postmenopausal_only) $BTG1) 0<($nuclear_grade_preTrt) $postmenopausal_only) or(and($ICT1 !$FOS $LY6H) !$IFIT1) $hormone_therapyClass) 
-188 and(or(and(or($CARD9 $letrozole) $BTG1) 0<($nuclear_grade_preTrt) $postmenopausal_only) or(and($ICT1 !$FOS $LY6H) !$IFIT1) $hormone_therapyClass) 
-188 and(or(and(or($GPI $LY6H) $ICT1 !$FOS) !$IFIT1) or(and($CARD9 $BTG1) 0<($nuclear_grade_preTrt) $postmenopausal_only) $hormone_therapyClass) 
-188 and(or(and(or(!$ARHGAP15 $BTG1) $CARD9) 0<($nuclear_grade_preTrt) $postmenopausal_only) or(and($ICT1 !$FOS $LY6H) !$IFIT1) $hormone_therapyClass) 
-188 and(or(and(or($ICT1 !$IFIT1) !$FOS $LY6H) !$IFIT1) or(and($CARD9 $BTG1) 0<($nuclear_grade_preTrt) $postmenopausal_only) $hormone_therapyClass) 
-188 and(or(and(or(!$CBX8 !$FOS) $ICT1 $LY6H) !$IFIT1) or(and($CARD9 $BTG1) 0<($nuclear_grade_preTrt) $postmenopausal_only) $hormone_therapyClass) 
-188 and(or(and(or($BTG1 !$capecitabine) $CARD9) 0<($nuclear_grade_preTrt) $postmenopausal_only) or(and($ICT1 !$FOS $LY6H) !$IFIT1) $hormone_therapyClass) 
-188 and(or(and(or($BTG1 $letrozole) $CARD9) 0<($nuclear_grade_preTrt) $postmenopausal_only) or(and($ICT1 !$FOS $LY6H) !$IFIT1) $hormone_therapyClass) 
-188 and(or(and(0<($nuclear_grade_preTrt) !$KCNH4) and($CARD9 $BTG1) $postmenopausal_only) or(and($ICT1 !$FOS $LY6H) !$IFIT1) $hormone_therapyClass) 
-188 and(or(and(0<($nuclear_grade_preTrt) !$ITPKC) and($CARD9 $BTG1) $postmenopausal_only) or(and($ICT1 !$FOS $LY6H) !$IFIT1) $hormone_therapyClass) 
