-198 and(or(and(or($KCNH4 !$PLXNA1) $MAP3K7) and(!$CREB3 $ZNF613) !$C7orf10) or(and($CARD9 $trastuzumab) !$SAG) or($CES2 $ZNF14) or($F2RL3 $trastuzumab) !$C9orf38) 
-197 and(or(and(or($KCNH4 !$PLXNA1) $ZNF14 $MAP3K7) and(!$CREB3 $ZNF613) !$C7orf10) or(and($CARD9 $trastuzumab) !$SAG) or($CES2 $ZNF14) or($F2RL3 $trastuzumab) !$C9orf38) 
-202 and(or(and($KIF17 $ZNF613) and($ETV7 $FBXO7) !$C7orf10) or($CES2 $ZNF14) or($F2RL3 $trastuzumab) !$SAG !$C9orf38) 
-202 and(or(and($ETV7 $FBXO7) and(!$CREB3 $ZNF613) !$C7orf10) or($CES2 $ZNF14) or($F2RL3 $trastuzumab) !$SAG !$C9orf38) 
-202 and(or(and($CARD9 $trastuzumab) !$SAG) or(and(!$CREB3 $ZNF613) !$C7orf10) or($CES2 $ZNF14) or($F2RL3 $trastuzumab) !$C9orf38) 
-201 and(or(and(or($KCNH4 !$PLXNA1) $MAP3K7) and(!$CREB3 $ZNF613) !$C7orf10) or($CES2 $ZNF14) or($F2RL3 $trastuzumab) !$SAG !$C9orf38) 
-201 and(or(and(or($KIF17 !$CREB3) $ZNF613) and($ETV7 $FBXO7) !$C7orf10) or($CES2 $ZNF14) or($F2RL3 $trastuzumab) !$SAG !$C9orf38) 
-201 and(or(and($CARD9 $trastuzumab) !$SAG) or(and(!$CREB3 $ZNF613) !$ARHGAP15 !$C7orf10) or($CES2 $ZNF14) or($F2RL3 $trastuzumab) !$C9orf38) 
-201 and(or(and(or(!$PLXNA1 !$CREB3) $ZNF613) !$C7orf10) or(and($CARD9 $trastuzumab) !$SAG) or($CES2 $ZNF14) or($F2RL3 $trastuzumab) !$C9orf38) 
-201 and(or(and(or(!$CREB3 !$GLI3) $ZNF613) !$C7orf10) or(and($CARD9 $trastuzumab) !$SAG) or($CES2 $ZNF14) or($F2RL3 $trastuzumab) !$C9orf38) 
-200 and(or(and(or($KCNH4 !$PLXNA1) $ZNF14 $MAP3K7) and(!$CREB3 $ZNF613) !$C7orf10) or($CES2 $ZNF14) or($F2RL3 $trastuzumab) !$SAG !$C9orf38) 
-200 and(or(and(or($KCNH4 !$PLXNA1) $MAP3K7) and(!$CREB3 $ZNF613) !$C7orf10) or(and($CARD9 $trastuzumab) !$SAG) or($F2RL3 $trastuzumab) $ZNF14 !$C9orf38) 
-200 and(or(and(or($KIF17 !$PLXNA1 !$CREB3) $ZNF613) !$C7orf10) or(and($CARD9 $trastuzumab) !$SAG) or($CES2 $ZNF14) or($F2RL3 $trastuzumab) !$C9orf38) 
-200 and(or(and($KCNH4 $SERPINB2) and(!$CREB3 $ZNF613) !$C7orf10) or(and($CARD9 $trastuzumab) !$SAG) or($CES2 $ZNF14) or($F2RL3 $anti_HER2) !$C9orf38) 
-200 and(or(and($KCNH4 $MAP3K7) and(!$CREB3 $ZNF613) !$C7orf10) or(and($CARD9 $trastuzumab) !$SAG) or($CES2 $ZNF14) or($F2RL3 $trastuzumab) !$C9orf38) 
-199 and(or(and($KCNH4 $CCR4 $SERPINB2) and(!$CREB3 $ZNF613) !$C7orf10) or(and($CARD9 $trastuzumab) !$SAG) or($CES2 $ZNF14) or($F2RL3 $anti_HER2) !$C9orf38) 
-199 and(or(and($KCNH4 $SERPINB2 $CRMP1) and(!$CREB3 $ZNF613) !$C7orf10) or(and($CARD9 $trastuzumab) !$SAG) or($CES2 $ZNF14) or($F2RL3 $anti_HER2) !$C9orf38) 
-199 and(or(and($KCNH4 $SERPINB2 $TTC31) and(!$CREB3 $ZNF613) !$C7orf10) or(and($CARD9 $trastuzumab) !$SAG) or($CES2 $ZNF14) or($F2RL3 $anti_HER2) !$C9orf38) 
-199 and(or(and($KCNH4 $SERPINB2 $MAP3K7) and(!$CREB3 $ZNF613) !$C7orf10) or(and($CARD9 $trastuzumab) !$SAG) or($CES2 $ZNF14) or($F2RL3 $anti_HER2) !$C9orf38) 
-199 and(or(and($KCNH4 $SERPINB2 $MAP3K7) and(!$CREB3 $ZNF613) !$C7orf10) or(and($CARD9 $trastuzumab) !$SAG) or($CES2 $ZNF14) or($F2RL3 $trastuzumab) !$C9orf38) 
-199 and(or(and($KCNH4 $ZNF14 $MAP3K7) and(!$CREB3 $ZNF613) !$C7orf10) or(and($CARD9 $trastuzumab) !$SAG) or($CES2 $ZNF14) or($F2RL3 $trastuzumab) !$C9orf38) 
-199 and(or(and(!$PLXNA1 $ZNF14 $MAP3K7) and(!$CREB3 $ZNF613) !$C7orf10) or(and($CARD9 $trastuzumab) !$SAG) or($CES2 $ZNF14) or($F2RL3 $trastuzumab) !$C9orf38) 
-199 and(or(and(or($KCNH4 $KIF17) $MAP3K7) and(!$CREB3 $ZNF613) !$C7orf10) or(and($CARD9 $trastuzumab) !$SAG) or($CES2 $ZNF14) or($F2RL3 $trastuzumab) !$C9orf38) 
-199 and(or(and(or(!$PLXNA1 !$ARHGAP15) $MAP3K7) and(!$CREB3 $ZNF613) !$C7orf10) or(and($CARD9 $trastuzumab) !$SAG) or($CES2 $ZNF14) or($F2RL3 $trastuzumab) !$C9orf38) 
-198 and(or(and(or($KCNH4 $PYCARD !$PLXNA1) $ZNF14 $MAP3K7) !$C7orf10) or(and($CARD9 $trastuzumab) !$SAG) or($CES2 $ZNF14) or($F2RL3 $trastuzumab) !$C9orf38 !$estrogen_receptor_blocker_and_stops_production) 
-198 and(or(and(or($KCNH4 !$PLXNA1) $ZNF14 $MAP3K7) !$C7orf10 $capecitabine) or(and($CARD9 $trastuzumab) !$SAG) or($CES2 $ZNF14) or($F2RL3 $trastuzumab) !$C9orf38 !$estrogen_receptor_blocker_and_stops_production) 
-198 and(or(and(or($KCNH4 !$PLXNA1) $POU3F2 $MAP3K7) and(!$CREB3 $ZNF613) !$C7orf10) or(and($CARD9 $trastuzumab) !$SAG) or($CES2 $ZNF14) or($F2RL3 $trastuzumab) !$C9orf38) 
-198 and(or(and(or($KCNH4 !$PLXNA1) $KRT15 $MAP3K7) and(!$CREB3 $ZNF613) !$C7orf10) or(and($CARD9 $trastuzumab) !$SAG) or($CES2 $ZNF14) or($F2RL3 $trastuzumab) !$C9orf38) 
-198 and(or(and(or($KCNH4 !$PLXNA1) $MAP3K7) and(!$POU3F2 !$CREB3 $ZNF613) !$C7orf10) or(and($CARD9 $trastuzumab) !$SAG) or($CES2 $ZNF14) or($F2RL3 $trastuzumab) !$C9orf38) 
-198 and(or(and(or($KCNH4 !$PLXNA1) $MAP3K7) and($VPS8 !$CREB3 $ZNF613) !$C7orf10) or(and($CARD9 $trastuzumab) !$SAG) or($CES2 $ZNF14) or($F2RL3 $trastuzumab) !$C9orf38) 
-198 and(or(and(or($KCNH4 !$PLXNA1) $MAP3K7) and(!$CREB3 $ZNF613) !$C7orf10) or(and($MAP1S $CARD9 $trastuzumab) !$SAG) or($CES2 $ZNF14) or($F2RL3 $trastuzumab) !$C9orf38) 
-198 and(or(and(or($KCNH4 !$PLXNA1) $MAP3K7) and(!$CREB3 $ZNF613) !$C7orf10) or(and($CARD9 $GALNT8 $trastuzumab) !$SAG) or($CES2 $ZNF14) or($F2RL3 $trastuzumab) !$C9orf38) 
-198 and(or(and(or($KCNH4 !$PLXNA1) $MAP3K7) and(!$CREB3 $ZNF613) !$C7orf10) or(and($CARD9 !$epirubicin $trastuzumab) !$SAG) or($CES2 $ZNF14) or($F2RL3 $trastuzumab) !$C9orf38) 
-198 and(or(and(or($KCNH4 !$PLXNA1) $MAP3K7) and(!$CREB3 $ZNF613) !$C7orf10) or(and($CARD9 $trastuzumab) !$SAG) or($C9 $CES2 $ZNF14) or($F2RL3 $trastuzumab) !$C9orf38) 
-198 and(or(and(or($KCNH4 !$PLXNA1) $MAP3K7) and(!$CREB3 $ZNF613) !$C7orf10) or(and($CARD9 $trastuzumab) !$SAG) or($SAG $F2RL3 $trastuzumab) or($CES2 $ZNF14) !$C9orf38) 
-198 and(or(and(or($KCNH4 !$PLXNA1) $MAP3K7) and(!$CREB3 $ZNF613) !$C7orf10) or(and($CARD9 $trastuzumab) !$SAG) or($CES2 $ZNF14 $other) or($F2RL3 $trastuzumab) !$C9orf38) 
-198 and(or(and(or($KCNH4 !$PLXNA1) $MAP3K7) and(!$CREB3 $ZNF613) !$C7orf10) or(and($CARD9 $trastuzumab) !$SAG !$chemotherapyClass) or($CES2 $ZNF14) or($F2RL3 $trastuzumab) !$C9orf38) 
-198 and(or(and(or($KCNH4 !$PLXNA1) $MAP3K7) and(!$CREB3 $ZNF613) !$C7orf10) or(and($CARD9 $trastuzumab) !$SAG $estrogen_receptor_blocker_and_stops_production) or($CES2 $ZNF14) or($F2RL3 $trastuzumab) !$C9orf38) 
-198 and(or(and(or($KCNH4 !$PLXNA1) $MAP3K7) and(!$CREB3 $ZNF613 !$paclitaxel) !$C7orf10) or(and($CARD9 $trastuzumab) !$SAG) or($CES2 $ZNF14) or($F2RL3 $trastuzumab) !$C9orf38) 
-198 and(or(and(or($KCNH4 !$PLXNA1) $MAP3K7) and(!$CREB3 $ZNF613 !$letrozole) !$C7orf10) or(and($CARD9 $trastuzumab) !$SAG) or($CES2 $ZNF14) or($F2RL3 $trastuzumab) !$C9orf38) 
-198 and(or(and(or($KCNH4 !$PLXNA1) $MAP3K7 $oral) and(!$CREB3 $ZNF613) !$C7orf10) or(and($CARD9 $trastuzumab) !$SAG) or($CES2 $ZNF14) or($F2RL3 $trastuzumab) !$C9orf38) 
-198 and(or(and(or($KCNH4 !$PLXNA1) $MAP3K7 $chemotherapyClass) and(!$CREB3 $ZNF613) !$C7orf10) or(and($CARD9 $trastuzumab) !$SAG) or($CES2 $ZNF14) or($F2RL3 $trastuzumab) !$C9orf38) 
-198 and(or(and(or($KCNH4 !$PLXNA1) $MAP3K7 !$estrogen_receptor_blocker_and_stops_production) and(!$CREB3 $ZNF613) !$C7orf10) or(and($CARD9 $trastuzumab) !$SAG) or($CES2 $ZNF14) or($F2RL3 $trastuzumab) !$C9orf38) 
-198 and(or(and(or($KCNH4 !$PLXNA1) $MAP3K7 $doxorubicin) and(!$CREB3 $ZNF613) !$C7orf10) or(and($CARD9 $trastuzumab) !$SAG) or($CES2 $ZNF14) or($F2RL3 $trastuzumab) !$C9orf38) 
-198 and(or(and(or($KCNH4 !$PLXNA1) $MAP3K7 !$fluorouracil) and(!$CREB3 $ZNF613) !$C7orf10) or(and($CARD9 $trastuzumab) !$SAG) or($CES2 $ZNF14) or($F2RL3 $trastuzumab) !$C9orf38) 
-198 and(or(and(or($KCNH4 !$PLXNA1 !$ARHGAP15) $MAP3K7) and(!$CREB3 $ZNF613) !$C7orf10) or(and($CARD9 $trastuzumab) !$SAG) or($CES2 $ZNF14) or($F2RL3 $trastuzumab) !$C9orf38) 
-198 and(or(and(or($KCNH4 !$PLXNA1 !$chemotherapyClass) $MAP3K7) and(!$CREB3 $ZNF613) !$C7orf10) or(and($CARD9 $trastuzumab) !$SAG) or($CES2 $ZNF14) or($F2RL3 $trastuzumab) !$C9orf38) 
-198 and(or(and(or(and($KCNH4 $DUOX2) !$PLXNA1) $MAP3K7) and(!$CREB3 $ZNF613) !$C7orf10) or(and($CARD9 $trastuzumab) !$SAG) or($CES2 $ZNF14) or($F2RL3 $trastuzumab) !$C9orf38) 
-198 and(or(and(or(and($KCNH4 $ZNF14) !$PLXNA1) $MAP3K7) and(!$CREB3 $ZNF613) !$C7orf10) or(and($CARD9 $trastuzumab) !$SAG) or($CES2 $ZNF14) or($F2RL3 $trastuzumab) !$C9orf38) 
-198 and(or(and(or(and(!$PLXNA1 $ZNF14) !$ARHGAP15) $MAP3K7) and(!$CREB3 $ZNF613) !$C7orf10) or(and($CARD9 $trastuzumab) !$SAG) or($CES2 $ZNF14) or($F2RL3 $trastuzumab) !$C9orf38) 
-198 and(or(and(or(and(!$PLXNA1 !$GLI3) !$ARHGAP15) $MAP3K7) and(!$CREB3 $ZNF613) !$C7orf10) or(and($CARD9 $trastuzumab) !$SAG) or($CES2 $ZNF14) or($F2RL3 $trastuzumab) !$C9orf38) 
-198 and(or(and(or(and(!$PLXNA1 $SLCO4A1) $KCNH4) $MAP3K7) and(!$CREB3 $ZNF613) !$C7orf10) or(and($CARD9 $trastuzumab) !$SAG) or($CES2 $ZNF14) or($F2RL3 $trastuzumab) !$C9orf38) 
-198 and(or(and(or(and(!$PLXNA1 $F2RL3) $KCNH4) $MAP3K7) and(!$CREB3 $ZNF613) !$C7orf10) or(and($CARD9 $trastuzumab) !$SAG) or($CES2 $ZNF14) or($F2RL3 $trastuzumab) !$C9orf38) 
-198 and(or(and(or($OR12D3 $MAP3K7) or($KCNH4 !$PLXNA1)) and(!$CREB3 $ZNF613) !$C7orf10) or(and($CARD9 $trastuzumab) !$SAG) or($CES2 $ZNF14) or($F2RL3 $trastuzumab) !$C9orf38) 
-198 and(or(and(or($KCNH4 !$PLXNA1) or($DUOX2 $MAP3K7)) and(!$CREB3 $ZNF613) !$C7orf10) or(and($CARD9 $trastuzumab) !$SAG) or($CES2 $ZNF14) or($F2RL3 $trastuzumab) !$C9orf38) 
-198 and(or(and(or($KCNH4 !$PLXNA1) or($MAP3K7 !$chemotherapyClass)) and(!$CREB3 $ZNF613) !$C7orf10) or(and($CARD9 $trastuzumab) !$SAG) or($CES2 $ZNF14) or($F2RL3 $trastuzumab) !$C9orf38) 
-198 and(or(and(or($KCNH4 !$PLXNA1) $MAP3K7) and(0<($hist_grade) !$CREB3 $ZNF613) !$C7orf10) or(and($CARD9 $trastuzumab) !$SAG) or($CES2 $ZNF14) or($F2RL3 $trastuzumab) !$C9orf38) 
-198 and(or(and(or($KCNH4 !$PLXNA1) $MAP3K7) and(!$CREB3 $ZNF613) !$C7orf10) or(and(or($CARD9 $paclitaxel) $trastuzumab) !$SAG) or($CES2 $ZNF14) or($F2RL3 $trastuzumab) !$C9orf38) 
-198 and(or(and(or($KCNH4 !$PLXNA1) $MAP3K7) and(!$CREB3 $ZNF613) !$C7orf10) or(and(or($CARD9 $letrozole) $trastuzumab) !$SAG) or($CES2 $ZNF14) or($F2RL3 $trastuzumab) !$C9orf38) 
-198 and(or(and(or($KCNH4 !$PLXNA1) $MAP3K7) and(!$CREB3 $ZNF613) !$C7orf10) or(and($CES2 $NME3) $ZNF14) or(and($CARD9 $trastuzumab) !$SAG) or($F2RL3 $trastuzumab) !$C9orf38) 
-198 and(or(and(or($KCNH4 !$PLXNA1) $MAP3K7) and(!$CREB3 $ZNF613) !$C7orf10) or(and($CARD9 $trastuzumab) !$SAG) or(and($F2RL3 !$aromatase_inhibitor) $trastuzumab) or($CES2 $ZNF14) !$C9orf38) 
-198 and(or(and(or($KCNH4 !$PLXNA1) $MAP3K7) and(!$CREB3 $ZNF613) !$C7orf10) or(and($CARD9 $trastuzumab) !$SAG) or(and($F2RL3 !$estrogen_receptor_blocker_and_stops_production) $trastuzumab) or($CES2 $ZNF14) !$C9orf38) 
-198 and(or(and(or($KCNH4 !$PLXNA1) $MAP3K7) and(!$CREB3 $ZNF613) !$C7orf10) or(and($CARD9 $trastuzumab) !$SAG) or(and($F2RL3 !$anastrozole) $trastuzumab) or($CES2 $ZNF14) !$C9orf38) 
-198 and(or(and(or($KCNH4 !$PLXNA1) $MAP3K7) and(!$CREB3 $ZNF613) !$C7orf10) or(and($CARD9 $trastuzumab) !$SAG) or(and(!$aromatase_inhibitor $trastuzumab) $F2RL3) or($CES2 $ZNF14) !$C9orf38) 
-197 and(or(and(or($KCNH4 $PPEF1 !$PLXNA1) $ZNF14 $MAP3K7) and(!$CREB3 $ZNF613) !$C7orf10) or(and($CARD9 $trastuzumab) !$SAG) or($CES2 $ZNF14) or($F2RL3 $trastuzumab) !$C9orf38) 
-197 and(or(and(or($KCNH4 !$PLXNA1) !$SAG $ZNF14 $MAP3K7) and(!$CREB3 $ZNF613) !$C7orf10) or(and($CARD9 $trastuzumab) !$SAG) or($CES2 $ZNF14) or($F2RL3 $trastuzumab) !$C9orf38) 
-197 and(or(and(or($KCNH4 !$PLXNA1) !$CCNE2 $ZNF14 $MAP3K7) and(!$CREB3 $ZNF613) !$C7orf10) or(and($CARD9 $trastuzumab) !$SAG) or($CES2 $ZNF14) or($F2RL3 $trastuzumab) !$C9orf38) 
-197 and(or(and(or($KCNH4 !$PLXNA1) $OSBP2 $ZNF14 $MAP3K7) and(!$CREB3 $ZNF613) !$C7orf10) or(and($CARD9 $trastuzumab) !$SAG) or($CES2 $ZNF14) or($F2RL3 $trastuzumab) !$C9orf38) 
-197 and(or(and(or($KCNH4 !$PLXNA1) $ZNF14 $MAP3K7) and($COL11A1 !$CREB3 $ZNF613) !$C7orf10) or(and($CARD9 $trastuzumab) !$SAG) or($CES2 $ZNF14) or($F2RL3 $trastuzumab) !$C9orf38) 
-197 and(or(and(or($KCNH4 !$PLXNA1) $ZNF14 $MAP3K7) and($CCNE2 !$CREB3 $ZNF613) !$C7orf10) or(and($CARD9 $trastuzumab) !$SAG) or($CES2 $ZNF14) or($F2RL3 $trastuzumab) !$C9orf38) 
-197 and(or(and(or($KCNH4 !$PLXNA1) $ZNF14 $MAP3K7) and(!$MYBPC2 !$CREB3 $ZNF613) !$C7orf10) or(and($CARD9 $trastuzumab) !$SAG) or($CES2 $ZNF14) or($F2RL3 $trastuzumab) !$C9orf38) 
-197 and(or(and(or($KCNH4 !$PLXNA1) $ZNF14 $MAP3K7) and($VPS8 !$CREB3 $ZNF613) !$C7orf10) or(and($CARD9 $trastuzumab) !$SAG) or($CES2 $ZNF14) or($F2RL3 $trastuzumab) !$C9orf38) 
-197 and(or(and(or($KCNH4 !$PLXNA1) $ZNF14 $MAP3K7) and($ETV7 !$CREB3 $ZNF613) !$C7orf10) or(and($CARD9 $trastuzumab) !$SAG) or($CES2 $ZNF14) or($F2RL3 $trastuzumab) !$C9orf38) 
-197 and(or(and(or($KCNH4 !$PLXNA1) $ZNF14 $MAP3K7) and(!$CREB3 $ST6GALNAC4 $ZNF613) !$C7orf10) or(and($CARD9 $trastuzumab) !$SAG) or($CES2 $ZNF14) or($F2RL3 $trastuzumab) !$C9orf38) 
-197 and(or(and(or($KCNH4 !$PLXNA1) $ZNF14 $MAP3K7) and(!$CREB3 $ZNF613) !$C7orf10) or(and($CARD9 $VPS39 $trastuzumab) !$SAG) or($CES2 $ZNF14) or($F2RL3 $trastuzumab) !$C9orf38) 
-197 and(or(and(or($KCNH4 !$PLXNA1) $ZNF14 $MAP3K7) and(!$CREB3 $ZNF613) !$C7orf10) or(and($CARD9 $FOS $trastuzumab) !$SAG) or($CES2 $ZNF14) or($F2RL3 $trastuzumab) !$C9orf38) 
-197 and(or(and(or($KCNH4 !$PLXNA1) $ZNF14 $MAP3K7) and(!$CREB3 $ZNF613) !$C7orf10) or(and($CARD9 !$PFN2 $trastuzumab) !$SAG) or($CES2 $ZNF14) or($F2RL3 $trastuzumab) !$C9orf38) 
-197 and(or(and(or($KCNH4 !$PLXNA1) $ZNF14 $MAP3K7) and(!$CREB3 $ZNF613) !$C7orf10) or(and($CARD9 $oral $trastuzumab) !$SAG) or($CES2 $ZNF14) or($F2RL3 $trastuzumab) !$C9orf38) 
-197 and(or(and(or($KCNH4 !$PLXNA1) $ZNF14 $MAP3K7) and(!$CREB3 $ZNF613) !$C7orf10) or(and($CARD9 !$fluorouracil $trastuzumab) !$SAG) or($CES2 $ZNF14) or($F2RL3 $trastuzumab) !$C9orf38) 
-197 and(or(and(or($KCNH4 !$PLXNA1) $ZNF14 $MAP3K7) and(!$CREB3 $ZNF613) !$C7orf10) or(and($CARD9 $trastuzumab) !$SAG) or($CES2 $ZNF14) or($F2RL3 $hormone_therapyClass $trastuzumab) !$C9orf38) 
-197 and(or(and(or($KCNH4 !$PLXNA1) $ZNF14 $MAP3K7) and(!$CREB3 $ZNF613) !$C7orf10) or(and($CARD9 $trastuzumab) !$SAG) or($CES2 $ZNF14) or($F2RL3 $postmenopausal_only $trastuzumab) !$C9orf38) 
-197 and(or(and(or($KCNH4 !$PLXNA1) $ZNF14 $MAP3K7) and(!$CREB3 $ZNF613) !$C7orf10) or(and($CARD9 $trastuzumab) !$SAG) or($CES2 $ZNF14) or($F2RL3 $aromatase_inhibitor $trastuzumab) !$C9orf38) 
-197 and(or(and(or($KCNH4 !$PLXNA1) $ZNF14 $MAP3K7) and(!$CREB3 $ZNF613) !$C7orf10) or(and($CARD9 $trastuzumab) !$SAG) or($CES2 $ZNF14) or($F2RL3 $trastuzumab) !$C9orf38 $intarvenous) 
-197 and(or(and(or($KCNH4 !$PLXNA1) $ZNF14 $MAP3K7) and(!$CREB3 $ZNF613) !$C7orf10) or(and($CARD9 $trastuzumab) !$SAG) or($CES2 $ZNF14) or($F2RL3 $trastuzumab) !$C9orf38 $chemotherapyClass) 
-197 and(or(and(or($KCNH4 !$PLXNA1) $ZNF14 $MAP3K7) and(!$CREB3 $ZNF613) !$C7orf10) or(and($CARD9 $trastuzumab) !$SAG) or($CES2 $ZNF14) or($F2RL3 $trastuzumab) !$C9orf38 !$anti_estrogen) 
-197 and(or(and(or($KCNH4 !$PLXNA1) $ZNF14 $MAP3K7) and(!$CREB3 $ZNF613) !$C7orf10) or(and($CARD9 $trastuzumab) !$SAG) or($CES2 $ZNF14) or($F2RL3 $trastuzumab) !$C9orf38 !$estrogen_receptor_blocker_and_stops_production) 
-197 and(or(and(or($KCNH4 !$PLXNA1) $ZNF14 $MAP3K7) and(!$CREB3 $ZNF613) !$C7orf10) or(and($CARD9 $trastuzumab) !$SAG) or($CES2 $ZNF14) or($F2RL3 $trastuzumab) !$C9orf38 !$anastrozole) 
-197 and(or(and(or($KCNH4 !$PLXNA1) $ZNF14 $MAP3K7) and(!$CREB3 $ZNF613) !$C7orf10) or(and($CARD9 $trastuzumab) !$SAG) or($CES2 $ZNF14) or($F2RL3 $trastuzumab) !$C9orf38 !$letrozole) 
-197 and(or(and(or($KCNH4 !$PLXNA1) $ZNF14 $MAP3K7) and(!$CREB3 $ZNF613) !$C7orf10) or(and($CARD9 $trastuzumab) !$SAG) or($CES2 $ZNF14 !$oral) or($F2RL3 $trastuzumab) !$C9orf38) 
-197 and(or(and(or($KCNH4 !$PLXNA1) $ZNF14 $MAP3K7) and(!$CREB3 $ZNF613) !$C7orf10) or(and($CARD9 $trastuzumab) !$SAG) or($CES2 $ZNF14 !$chemotherapyClass) or($F2RL3 $trastuzumab) !$C9orf38) 
-197 and(or(and(or($KCNH4 !$PLXNA1) $ZNF14 $MAP3K7) and(!$CREB3 $ZNF613) !$C7orf10) or(and($CARD9 $trastuzumab) !$SAG) or($CES2 $ZNF14 $other) or($F2RL3 $trastuzumab) !$C9orf38) 
-197 and(or(and(or($KCNH4 !$PLXNA1) $ZNF14 $MAP3K7) and(!$CREB3 $ZNF613) !$C7orf10) or(and($CARD9 $trastuzumab) !$SAG $aromatase_inhibitor) or($CES2 $ZNF14) or($F2RL3 $trastuzumab) !$C9orf38) 
-197 and(or(and(or($KCNH4 !$PLXNA1) $ZNF14 $MAP3K7) and(!$CREB3 $ZNF613) !$C7orf10) or(and($CARD9 $trastuzumab !$letrozole) !$SAG) or($CES2 $ZNF14) or($F2RL3 $trastuzumab) !$C9orf38) 
-197 and(or(and(or($KCNH4 !$PLXNA1) $ZNF14 $MAP3K7) and(!$CREB3 $ZNF613) !$C7orf10) or(and($CARD9 $trastuzumab !$other) !$SAG) or($CES2 $ZNF14) or($F2RL3 $trastuzumab) !$C9orf38) 
-197 and(or(and(or($KCNH4 !$PLXNA1) $ZNF14 $MAP3K7) and(!$CREB3 $ZNF613) !$C7orf10 $estrogen_receptor_blocker_and_stops_production) or(and($CARD9 $trastuzumab) !$SAG) or($CES2 $ZNF14) or($F2RL3 $trastuzumab) !$C9orf38) 
-197 and(or(and(or($KCNH4 !$PLXNA1) $ZNF14 $MAP3K7) and(!$CREB3 $ZNF613) !$C7orf10 $anastrozole) or(and($CARD9 $trastuzumab) !$SAG) or($CES2 $ZNF14) or($F2RL3 $trastuzumab) !$C9orf38) 
-197 and(or(and(or($KCNH4 !$PLXNA1) $ZNF14 $MAP3K7) and(!$CREB3 $ZNF613 $VPS39) !$C7orf10) or(and($CARD9 $trastuzumab) !$SAG) or($CES2 $ZNF14) or($F2RL3 $trastuzumab) !$C9orf38) 
-197 and(or(and(or($KCNH4 !$PLXNA1) $ZNF14 $MAP3K7) and(!$CREB3 $ZNF613 $AZIN1) !$C7orf10) or(and($CARD9 $trastuzumab) !$SAG) or($CES2 $ZNF14) or($F2RL3 $trastuzumab) !$C9orf38) 
-197 and(or(and(or($KCNH4 !$PLXNA1) $ZNF14 $MAP3K7) and(!$CREB3 $ZNF613 $PFN2) !$C7orf10) or(and($CARD9 $trastuzumab) !$SAG) or($CES2 $ZNF14) or($F2RL3 $trastuzumab) !$C9orf38) 
-197 and(or(and(or($KCNH4 !$PLXNA1) $ZNF14 $MAP3K7) and(!$CREB3 $ZNF613 $chemotherapyClass) !$C7orf10) or(and($CARD9 $trastuzumab) !$SAG) or($CES2 $ZNF14) or($F2RL3 $trastuzumab) !$C9orf38) 
