-197 and(or(and(or(!$SAG $CARD9) $trastuzumab) $postmenopausal_only) or(and(!$PYCARD !$IFIT1) and($ICT1 !$intarvenous) and($KEL $ZNF14)) or(!$POU3F2 $RHOBTB1 $POLR2C)) 
-195 and(or(and(or(!$COL11A1 $AZIN1) $KEL $ZNF14) and(!$PYCARD !$IFIT1) and($ICT1 !$intarvenous)) or(and(or(!$SAG $CARD9) $trastuzumab) $postmenopausal_only) or(!$POU3F2 $RHOBTB1 $POLR2C)) 
-195 and(or(and(or(!$KCNH4 $AZIN1) $KEL $ZNF14) and(!$PYCARD !$IFIT1) and($ICT1 !$intarvenous)) or(and(or(!$SAG $CARD9) $trastuzumab) $postmenopausal_only) or(!$POU3F2 $RHOBTB1 $POLR2C)) 
-195 and(or(and(or(!$SAG $CARD9) $trastuzumab) $postmenopausal_only) or(and(or($ETV7 $AZIN1) $KEL $ZNF14) and(!$PYCARD !$IFIT1) and($ICT1 !$intarvenous)) or(!$POU3F2 $RHOBTB1 $POLR2C)) 
-195 and(or(and(or(!$SAG $CARD9) $trastuzumab) $postmenopausal_only) or(and(or($AZIN1 !$C9orf38) $KEL $ZNF14) and(!$PYCARD !$IFIT1) and($ICT1 !$intarvenous)) or(!$POU3F2 $RHOBTB1 $POLR2C)) 
-194 and(or(and(or(!$KCNH4 $SAG $AZIN1) $KEL $ZNF14) and(!$PYCARD !$IFIT1) and($ICT1 !$intarvenous)) or(and(or(!$SAG $CARD9) $trastuzumab) $postmenopausal_only) or(!$POU3F2 $RHOBTB1 $POLR2C)) 
-194 and(or(and(or(!$KCNH4 !$IFIT1 $AZIN1) $KEL $ZNF14) and(!$PYCARD !$IFIT1) and($ICT1 !$intarvenous)) or(and(or(!$SAG $CARD9) $trastuzumab) $postmenopausal_only) or(!$POU3F2 $RHOBTB1 $POLR2C)) 
-194 and(or(and(or(and($CARD9 $VPS8) !$SAG) $trastuzumab) $postmenopausal_only) or(and(or(!$COL11A1 $AZIN1) $KEL $ZNF14) and(!$PYCARD !$IFIT1) and($ICT1 !$intarvenous)) or(!$POU3F2 $RHOBTB1 $POLR2C)) 
-199 and(or(and(!$PYCARD !$IFIT1) and($ICT1 $F2RL3 !$intarvenous) and($KEL $ZNF14)) or(!$POU3F2 $RHOBTB1 $POLR2C) or($postmenopausal_only $trastuzumab)) 
-199 and(or(and(or(!$SAG $CARD9) $trastuzumab) $postmenopausal_only) or(and(!$PYCARD !$IFIT1) and($KEL $ZNF14) !$intarvenous) or(!$POU3F2 $RHOBTB1 $POLR2C)) 
-197 and(or(and(or(and($DUOX2 $AZIN1) $ETV7) $KEL $ZNF14) and(!$PYCARD !$IFIT1) and($ICT1 !$intarvenous)) or(!$POU3F2 $RHOBTB1 $POLR2C) or($postmenopausal_only $trastuzumab)) 
-197 and(or(and(or(!$SAG $CARD9) $taxane $trastuzumab) $postmenopausal_only) or(and(!$PYCARD !$IFIT1) and($ICT1 !$intarvenous) and($KEL $ZNF14)) or(!$POU3F2 $RHOBTB1 $POLR2C)) 
-197 and(or(and(or(!$SAG $CARD9) $trastuzumab) $postmenopausal_only) or(and(!$PYCARD !$IFIT1) and($DUOX2 $ICT1 !$intarvenous) and($KEL $ZNF14)) or(!$POU3F2 $RHOBTB1 $POLR2C)) 
-197 and(or(and(or(!$SAG $CARD9) $trastuzumab) $postmenopausal_only) or(and(!$PYCARD !$IFIT1) and($CARD9 $ICT1 !$intarvenous) and($KEL $ZNF14)) or(!$POU3F2 $RHOBTB1 $POLR2C)) 
-197 and(or(and(or(!$SAG $CARD9) $trastuzumab) $postmenopausal_only) or(and(!$PYCARD !$IFIT1) and($ICT1 $KEL !$intarvenous) and($KEL $ZNF14)) or(!$POU3F2 $RHOBTB1 $POLR2C)) 
-197 and(or(and(or(!$SAG $CARD9) $trastuzumab) $postmenopausal_only) or(and(!$PYCARD !$IFIT1) and($ICT1 $F2RL3 !$intarvenous) and($KEL $ZNF14)) or(!$POU3F2 $RHOBTB1 $POLR2C)) 
-197 and(or(and(or(!$SAG $CARD9) $trastuzumab) $postmenopausal_only) or(and(!$PYCARD !$IFIT1) and($ICT1 !$intarvenous) and($KEL $ZNF14)) or(!$POU3F2 !$TDP1 $RHOBTB1 $POLR2C)) 
-197 and(or(and(or(!$SAG $CARD9) $trastuzumab) $postmenopausal_only) or(and(!$PYCARD !$IFIT1) and($ICT1 !$intarvenous) and($KEL $ZNF14)) or(!$POU3F2 $RHOBTB1 !$ARHGAP15 $POLR2C)) 
-197 and(or(and(or(!$SAG $CARD9) $trastuzumab) $postmenopausal_only) or(and(!$PYCARD !$IFIT1) and($ICT1 !$intarvenous) and($KEL $ZNF14)) or(!$POU3F2 $RHOBTB1 $POLR2C) !$other) 
-197 and(or(and(or(!$SAG $CARD9) $trastuzumab) $postmenopausal_only) or(and(!$PYCARD !$IFIT1) and($ICT1 !$intarvenous) and($KEL $ZNF14)) or(!$POU3F2 $RHOBTB1 $POLR2C !$NRGN)) 
-197 and(or(and(or(!$SAG $CARD9) $trastuzumab) $postmenopausal_only) or(and(!$PYCARD !$IFIT1) and($ICT1 !$intarvenous) and($KEL $ZNF14)) or(!$POU3F2 $RHOBTB1 $POLR2C $epirubicin)) 
-197 and(or(and(or(!$SAG $CARD9) $trastuzumab) $postmenopausal_only) or(and(!$PYCARD !$IFIT1) and($ICT1 !$intarvenous) and($KEL $ZNF14) !$oral) or(!$POU3F2 $RHOBTB1 $POLR2C)) 
-197 and(or(and(or(!$SAG $CARD9) $trastuzumab) $postmenopausal_only) or(and(!$PYCARD !$IFIT1) and($ICT1 !$intarvenous) and($KEL $ZNF14 $AZIN1)) or(!$POU3F2 $RHOBTB1 $POLR2C)) 
-197 and(or(and(or(!$SAG $CARD9) $trastuzumab) $postmenopausal_only) or(and(!$PYCARD !$IFIT1) and($ICT1 !$intarvenous) and($KEL $ZNF14 !$other)) or(!$POU3F2 $RHOBTB1 $POLR2C)) 
-197 and(or(and(or(!$SAG $CARD9) $trastuzumab) $postmenopausal_only) or(and(!$PYCARD !$IFIT1) and($ICT1 !$intarvenous $anti_estrogen) and($KEL $ZNF14)) or(!$POU3F2 $RHOBTB1 $POLR2C)) 
-197 and(or(and(or(!$SAG $CARD9) $trastuzumab) $postmenopausal_only) or(and(!$PYCARD !$IFIT1) and($ICT1 !$intarvenous !$docetaxel) and($KEL $ZNF14)) or(!$POU3F2 $RHOBTB1 $POLR2C)) 
-197 and(or(and(or(!$SAG $CARD9) $trastuzumab) $postmenopausal_only) or(and(!$PYCARD !$IFIT1) and($ICT1 !$intarvenous !$paclitaxel) and($KEL $ZNF14)) or(!$POU3F2 $RHOBTB1 $POLR2C)) 
-197 and(or(and(or(!$SAG $CARD9) $trastuzumab) $postmenopausal_only) or(and(!$PYCARD !$IFIT1) and($ICT1 !$intarvenous !$other) and($KEL $ZNF14)) or(!$POU3F2 $RHOBTB1 $POLR2C)) 
-197 and(or(and(or(!$SAG $CARD9) $trastuzumab) $postmenopausal_only $anastrozole) or(and(!$PYCARD !$IFIT1) and($ICT1 !$intarvenous) and($KEL $ZNF14)) or(!$POU3F2 $RHOBTB1 $POLR2C)) 
-197 and(or(and(or(!$SAG $CARD9 $TCFL5) $trastuzumab) $postmenopausal_only) or(and(!$PYCARD !$IFIT1) and($ICT1 !$intarvenous) and($KEL $ZNF14)) or(!$POU3F2 $RHOBTB1 $POLR2C)) 
-197 and(or(and(or(!$SAG $CARD9 $doxorubicin) $trastuzumab) $postmenopausal_only) or(and(!$PYCARD !$IFIT1) and($ICT1 !$intarvenous) and($KEL $ZNF14)) or(!$POU3F2 $RHOBTB1 $POLR2C)) 
-197 and(or(and(or(!$SAG $CARD9 $letrozole) $trastuzumab) $postmenopausal_only) or(and(!$PYCARD !$IFIT1) and($ICT1 !$intarvenous) and($KEL $ZNF14)) or(!$POU3F2 $RHOBTB1 $POLR2C)) 
-197 and(or(and(or(!$COL11A1 $AZIN1) $ZNF14) and(!$PYCARD !$IFIT1) and($ICT1 !$intarvenous)) or(and(or(!$SAG $CARD9) $chemotherapyClass $trastuzumab) $postmenopausal_only) or($RHOBTB1 $POLR2C)) 
-197 and(or(and(or(!$F2R $ICT1) !$intarvenous) and(!$PYCARD !$IFIT1) and($KEL $ZNF14)) or(and(or(!$SAG $CARD9) $trastuzumab) $postmenopausal_only) or(!$POU3F2 $RHOBTB1 $POLR2C)) 
-197 and(or(and(or(!$SAG $CARD9) $trastuzumab) and($postmenopausal_only !$trastuzumab)) or(and(!$PYCARD !$IFIT1) and($ICT1 !$intarvenous) and($KEL $ZNF14)) or(!$POU3F2 $RHOBTB1 $POLR2C)) 
-197 and(or(and(or(!$SAG $CARD9) $trastuzumab) $postmenopausal_only) or(and(or($PPEF1 $KEL) $ZNF14) and(!$PYCARD !$IFIT1) and($ICT1 !$intarvenous)) or(!$POU3F2 $RHOBTB1 $POLR2C)) 
-197 and(or(and(or(!$SAG $CARD9) $trastuzumab) $postmenopausal_only) or(and(or($ICT1 !$FBXO7) !$intarvenous) and(!$PYCARD !$IFIT1) and($KEL $ZNF14)) or(!$POU3F2 $RHOBTB1 $POLR2C)) 
-197 and(or(and(or(!$SAG $CARD9) $trastuzumab) $postmenopausal_only) or(and(or($ICT1 $KRT15) !$intarvenous) and(!$PYCARD !$IFIT1) and($KEL $ZNF14)) or(!$POU3F2 $RHOBTB1 $POLR2C)) 
-197 and(or(and(or(!$SAG $CARD9) $trastuzumab) $postmenopausal_only) or(and(or($ICT1 !$LY6H) !$intarvenous) and(!$PYCARD !$IFIT1) and($KEL $ZNF14)) or(!$POU3F2 $RHOBTB1 $POLR2C)) 
-197 and(or(and(or(!$SAG $CARD9) $trastuzumab) $postmenopausal_only) or(and(or($ICT1 !$IFIT1) !$intarvenous) and(!$PYCARD !$IFIT1) and($KEL $ZNF14)) or(!$POU3F2 $RHOBTB1 $POLR2C)) 
-197 and(or(and(or(!$SAG $CARD9) $trastuzumab) $postmenopausal_only) or(and(or($KEL $ZNF613) $ZNF14) and(!$PYCARD !$IFIT1) and($ICT1 !$intarvenous)) or(!$POU3F2 $RHOBTB1 $POLR2C)) 
-197 and(or(and(or(!$SAG $CARD9) $trastuzumab) $postmenopausal_only) or(and(!$PYCARD !$IFIT1) and($ICT1 !$intarvenous) and($KEL $ZNF14)) or(and(!$POU3F2 !$CCR4) $RHOBTB1 $POLR2C)) 
-197 and(or(and(or(!$SAG $CARD9) $trastuzumab) $postmenopausal_only) or(and(!$PYCARD !$IFIT1) and($ICT1 !$intarvenous) and($KEL $ZNF14)) or(and(!$POU3F2 !$CRMP1) $RHOBTB1 $POLR2C)) 
-197 and(or(and(or(!$SAG $CARD9) $trastuzumab) $postmenopausal_only) or(and(!$PYCARD !$IFIT1) and($ICT1 !$intarvenous) and($KEL $ZNF14)) or(and(!$POU3F2 $GALNT8) $RHOBTB1 $POLR2C)) 
-197 and(or(and(or(!$SAG $CARD9) $trastuzumab) $postmenopausal_only) or(and(!$PYCARD !$IFIT1) and($ICT1 !$intarvenous) and($KEL $ZNF14)) or(and(!$POU3F2 !$NME3) $RHOBTB1 $POLR2C)) 
-197 and(or(and(or(!$SAG $CARD9) $trastuzumab) $postmenopausal_only) or(and(!$PYCARD !$IFIT1) and($ICT1 !$intarvenous) and($KEL $ZNF14)) or(and(!$POU3F2 $intarvenous) $RHOBTB1 $POLR2C)) 
-197 and(or(and(or(!$SAG $CARD9) $trastuzumab) $postmenopausal_only) or(and(!$PYCARD !$IFIT1) and($ICT1 !$intarvenous) and($KEL $ZNF14)) or(and(!$POU3F2 !$anastrozole) $RHOBTB1 $POLR2C)) 
-197 and(or(and(or(!$SAG $CARD9) $trastuzumab) $postmenopausal_only) or(and(!$PYCARD !$IFIT1) and($ICT1 !$intarvenous) and($KEL $ZNF14)) or(and(!$POU3F2 !$other) $RHOBTB1 $POLR2C)) 
-197 and(or(and(or(!$SAG $CARD9) $trastuzumab) $postmenopausal_only) or(and(not(0<($race)) $ICT1 !$intarvenous) and(!$PYCARD !$IFIT1) and($KEL $ZNF14)) or(!$POU3F2 $RHOBTB1 $POLR2C)) 
-197 and(or(and(or(!$SAG $CARD9) $trastuzumab) $postmenopausal_only) or(and(not(0<($race)) $KEL $ZNF14) and(!$PYCARD !$IFIT1) and($ICT1 !$intarvenous)) or(!$POU3F2 $RHOBTB1 $POLR2C)) 
-197 and(or(and(or(!$SAG $CARD9) $trastuzumab) $postmenopausal_only) or(and(not(0<($preTrt_lymph_node_status)) !$POU3F2) $RHOBTB1 $POLR2C) or(and(!$PYCARD !$IFIT1) and($ICT1 !$intarvenous) and($KEL $ZNF14))) 
-196 and(or(and(or(!$KCNH4 !$IFIT1 $AZIN1) $KEL $ZNF14) and(!$PYCARD !$IFIT1) and($ICT1 !$intarvenous !$anti_HER2)) or(!$POU3F2 $RHOBTB1 $POLR2C) or($postmenopausal_only $trastuzumab)) 
-196 and(or(and(or(!$COL11A1 $AZIN1) $KEL $ZNF14) and(!$PYCARD !$IFIT1) and($ICT1 !$intarvenous)) or(and(or(!$SAG $CARD9) $chemotherapyClass $trastuzumab) $postmenopausal_only) or($RHOBTB1 $POLR2C)) 
-196 and(or(and(or(!$COL11A1 $AZIN1) $ZNF14) and(!$PYCARD !$IFIT1) and($ICT1 !$intarvenous)) or(and(or(!$SAG $CARD9) $chemotherapyClass $trastuzumab) $postmenopausal_only) or(!$POU3F2 $RHOBTB1 $POLR2C)) 
-196 and(or(and(or(!$SAG $CARD9) $trastuzumab) $postmenopausal_only) or(and(or($TDP1 !$intarvenous) $ICT1 !$docetaxel) and(!$PYCARD !$IFIT1) and($KEL $ZNF14)) or(!$POU3F2 $RHOBTB1 $POLR2C)) 
-196 and(or(and(or(!$SAG $CARD9) $trastuzumab) $postmenopausal_only) or(and(or($IQCG $AZIN1) $KEL $ZNF14) and(!$PYCARD !$IFIT1) and($ICT1 !$intarvenous)) or(!$POU3F2 $RHOBTB1 $POLR2C)) 
-196 and(or(and(or(!$SAG $CARD9) $trastuzumab) $postmenopausal_only) or(and(or($RPL36 $ZNF14) $KEL) and(!$PYCARD !$IFIT1) and($ICT1 $KEL !$intarvenous)) or(!$POU3F2 $RHOBTB1 $POLR2C)) 
-196 and(or(and(or(!$SAG $CARD9) $trastuzumab) $postmenopausal_only) or(and(or($KEL !$SLCO4A1) $ZNF14) and(!$PYCARD !$IFIT1) and($ICT1 !$intarvenous)) or(!$POU3F2 $RHOBTB1 $POLR2C !$NRGN)) 
-196 and(or(and(or(!$SAG $CARD9) $trastuzumab) $postmenopausal_only) or(and(or(!$C16orf58 !$intarvenous) $ICT1 !$docetaxel) and(!$PYCARD !$IFIT1) and($KEL $ZNF14)) or(!$POU3F2 $RHOBTB1 $POLR2C)) 
-196 and(or(and(or(and(!$COL11A1 $FOS) $AZIN1) $ZNF14) and(!$PYCARD !$IFIT1) and($ICT1 !$intarvenous)) or(and(or(!$SAG $CARD9) $chemotherapyClass $trastuzumab) $postmenopausal_only) or($RHOBTB1 $POLR2C)) 
-196 and(or(and(or(and($CARD9 !$NHLH2) !$SAG) $trastuzumab) $postmenopausal_only) or(and(or(!$F2R $ICT1) !$intarvenous) and(!$PYCARD !$IFIT1) and($KEL $ZNF14)) or(!$POU3F2 $RHOBTB1 $POLR2C)) 
-196 and(or(and(or(and($CARD9 $VPS39) !$SAG) $chemotherapyClass $trastuzumab) $postmenopausal_only) or(and(or(!$COL11A1 $AZIN1) $ZNF14) and(!$PYCARD !$IFIT1) and($ICT1 !$intarvenous)) or($RHOBTB1 $POLR2C)) 
-195 and(or(and(or(!$DDN $AZIN1 !$C9orf38) $KEL $ZNF14) and(!$PYCARD !$IFIT1) and($ICT1 !$intarvenous)) or(and(or(!$SAG $CARD9) $trastuzumab) $postmenopausal_only) or(!$POU3F2 $RHOBTB1 $POLR2C)) 
-195 and(or(and(or(!$COL11A1 !$KCNH4 $AZIN1) $KEL $ZNF14) and(!$PYCARD !$IFIT1) and($ICT1 !$intarvenous)) or(and(or(!$SAG $CARD9) $trastuzumab) $postmenopausal_only) or(!$POU3F2 $RHOBTB1 $POLR2C)) 
-195 and(or(and(or(!$COL11A1 !$KIF17 $AZIN1) $KEL $ZNF14) and(!$PYCARD !$IFIT1) and($ICT1 !$intarvenous)) or(and(or(!$SAG $CARD9) $trastuzumab) $postmenopausal_only) or(!$POU3F2 $RHOBTB1 $POLR2C)) 
-195 and(or(and(or(!$COL11A1 $IQCG $AZIN1) $KEL $ZNF14) and(!$PYCARD !$IFIT1) and($ICT1 !$intarvenous)) or(and(or(!$SAG $CARD9) $trastuzumab) $postmenopausal_only) or(!$POU3F2 $RHOBTB1 $POLR2C)) 
-195 and(or(and(or(!$COL11A1 !$TNNI1 $AZIN1) $KEL $ZNF14) and(!$PYCARD !$IFIT1) and($ICT1 !$intarvenous)) or(and(or(!$SAG $CARD9) $trastuzumab) $postmenopausal_only) or(!$POU3F2 $RHOBTB1 $POLR2C)) 
-195 and(or(and(or(!$COL11A1 !$GPM6B $AZIN1) $KEL $ZNF14) and(!$PYCARD !$IFIT1) and($ICT1 !$intarvenous)) or(and(or(!$SAG $CARD9) $trastuzumab) $postmenopausal_only) or(!$POU3F2 $RHOBTB1 $POLR2C)) 
-195 and(or(and(or(!$COL11A1 $ETV7 $AZIN1) $KEL $ZNF14) and(!$PYCARD !$IFIT1) and($ICT1 !$intarvenous)) or(and(or(!$SAG $CARD9) $trastuzumab) $postmenopausal_only) or(!$POU3F2 $RHOBTB1 $POLR2C)) 
-195 and(or(and(or(!$COL11A1 $ICT1 $AZIN1) $KEL $ZNF14) and(!$PYCARD !$IFIT1) and($ICT1 !$intarvenous)) or(and(or(!$SAG $CARD9) $trastuzumab) $postmenopausal_only) or(!$POU3F2 $RHOBTB1 $POLR2C)) 
-195 and(or(and(or(!$COL11A1 $ARID4B $AZIN1) $KEL $ZNF14) and(!$PYCARD !$IFIT1) and($ICT1 !$intarvenous)) or(and(or(!$SAG $CARD9) $trastuzumab) $postmenopausal_only) or(!$POU3F2 $RHOBTB1 $POLR2C)) 
-195 and(or(and(or(!$COL11A1 $C16orf58 $AZIN1) $KEL $ZNF14) and(!$PYCARD !$IFIT1) and($ICT1 !$intarvenous)) or(and(or(!$SAG $CARD9) $trastuzumab) $postmenopausal_only) or(!$POU3F2 $RHOBTB1 $POLR2C)) 
-195 and(or(and(or(!$COL11A1 !$NRGN $AZIN1) $KEL $ZNF14) and(!$PYCARD !$IFIT1) and($ICT1 !$intarvenous)) or(and(or(!$SAG $CARD9) $trastuzumab) $postmenopausal_only) or(!$POU3F2 $RHOBTB1 $POLR2C)) 
-195 and(or(and(or(!$COL11A1 $AZIN1) $KEL $ZNF14) and($KCNH4 $ICT1 !$intarvenous) and(!$PYCARD !$IFIT1)) or(and(or(!$SAG $CARD9) $trastuzumab) $postmenopausal_only) or(!$POU3F2 $RHOBTB1 $POLR2C)) 
-195 and(or(and(or(!$COL11A1 $AZIN1) $KEL $ZNF14) and(!$PYCARD !$IFIT1) and($ICT1 !$intarvenous)) or(and(or(!$SAG $ITPKC $CARD9) $trastuzumab) $postmenopausal_only) or(!$POU3F2 $RHOBTB1 $POLR2C)) 
-195 and(or(and(or(!$COL11A1 $AZIN1) $KEL $ZNF14) and(!$PYCARD !$IFIT1) and($ICT1 !$intarvenous)) or(and(or(!$SAG !$RHOBTB1 $CARD9) $trastuzumab) $postmenopausal_only) or(!$POU3F2 $RHOBTB1 $POLR2C)) 
-195 and(or(and(or(!$COL11A1 $AZIN1) $KEL $ZNF14) and(!$PYCARD !$IFIT1) and($ICT1 !$intarvenous)) or(and(or(!$SAG $CARD9) $chemotherapyClass $trastuzumab) $postmenopausal_only) or(!$POU3F2 $RHOBTB1 $POLR2C)) 
-195 and(or(and(or(!$COL11A1 $AZIN1) $KEL $ZNF14) and(!$PYCARD !$IFIT1) and($ICT1 !$intarvenous)) or(and(or(!$SAG $CARD9) $trastuzumab) !$chemotherapyClass $postmenopausal_only) or(!$POU3F2 $RHOBTB1 $POLR2C)) 
-195 and(or(and(or(!$COL11A1 $AZIN1) $KEL $ZNF14) and(!$PYCARD !$IFIT1) and($ICT1 !$intarvenous)) or(and(or(!$SAG $CARD9) $trastuzumab) $postmenopausal_only) or(!$POU3F2 $RHOBTB1 !$MAP3K7 $POLR2C)) 
-195 and(or(and(or(!$COL11A1 $AZIN1) $KEL $ZNF14) and(!$PYCARD !$IFIT1) and($ICT1 !$intarvenous)) or(and(or(!$SAG $CARD9) $trastuzumab) $postmenopausal_only) or(!$POU3F2 $RHOBTB1 $POLR2C) !$anastrozole) 
-195 and(or(and(or(!$COL11A1 $AZIN1) $KEL $ZNF14) and(!$PYCARD !$IFIT1) and($ICT1 !$intarvenous)) or(and(or(!$SAG $CARD9) $trastuzumab) $postmenopausal_only) or(!$POU3F2 $RHOBTB1 $POLR2C !$SLCO4A1)) 
-195 and(or(and(or(!$COL11A1 $AZIN1) $KEL $ZNF14) and(!$PYCARD !$IFIT1) and($ICT1 !$intarvenous)) or(and(or(!$SAG $CARD9) $trastuzumab) $postmenopausal_only) or(!$POU3F2 $RHOBTB1 $POLR2C $paclitaxel)) 
-195 and(or(and(or(!$COL11A1 $AZIN1) $KEL $ZNF14) and(!$PYCARD !$IFIT1) and($ICT1 !$intarvenous)) or(and(or(!$SAG $CARD9) $trastuzumab) $postmenopausal_only $anastrozole) or(!$POU3F2 $RHOBTB1 $POLR2C)) 
-195 and(or(and(or(!$COL11A1 $AZIN1) $KEL $ZNF14) and(!$PYCARD !$IFIT1) and($ICT1 !$intarvenous)) or(and(or(!$SAG $CARD9 $KLRF1) $trastuzumab) $postmenopausal_only) or(!$POU3F2 $RHOBTB1 $POLR2C)) 
-195 and(or(and(or(!$COL11A1 $AZIN1) $KEL $ZNF14) and(!$PYCARD !$IFIT1) and($ICT1 !$intarvenous)) or(and(or(!$SAG $CARD9 !$C16orf58) $trastuzumab) $postmenopausal_only) or(!$POU3F2 $RHOBTB1 $POLR2C)) 
-195 and(or(and(or(!$COL11A1 $AZIN1) $KEL $ZNF14) and(!$PYCARD !$IFIT1) and($ICT1 !$intarvenous)) or(and(or(!$SAG $CARD9 $IFIT1) $trastuzumab) $postmenopausal_only) or(!$POU3F2 $RHOBTB1 $POLR2C)) 
-195 and(or(and(or(!$COL11A1 $AZIN1) $KEL $ZNF14) and(!$PYCARD !$IFIT1) and($ICT1 !$intarvenous)) or(and(or(!$SAG $CARD9 $PFN2) $trastuzumab) $postmenopausal_only) or(!$POU3F2 $RHOBTB1 $POLR2C)) 
-195 and(or(and(or(!$COL11A1 $AZIN1) $KEL $ZNF14) and(!$PYCARD !$IFIT1) and($ICT1 !$intarvenous) $epirubicin) or(and(or(!$SAG $CARD9) $trastuzumab) $postmenopausal_only) or(!$POU3F2 $RHOBTB1 $POLR2C)) 
-195 and(or(and(or(!$COL11A1 $AZIN1) $KEL $ZNF14) and(!$PYCARD !$IFIT1) and($ICT1 !$intarvenous !$cyclophosphamide)) or(and(or(!$SAG $CARD9) $trastuzumab) $postmenopausal_only) or(!$POU3F2 $RHOBTB1 $POLR2C)) 
-195 and(or(and(or(!$COL11A1 $AZIN1) $KEL $ZNF14) and(!$PYCARD !$IFIT1) and($ICT1 !$intarvenous !$other)) or(and(or(!$SAG $CARD9) $trastuzumab) $postmenopausal_only) or(!$POU3F2 $RHOBTB1 $POLR2C)) 
-195 and(or(and(or(!$COL11A1 $AZIN1) $KEL $ZNF14) and(!$PYCARD !$IFIT1 !$anastrozole) and($ICT1 !$intarvenous)) or(and(or(!$SAG $CARD9) $trastuzumab) $postmenopausal_only) or(!$POU3F2 $RHOBTB1 $POLR2C)) 
-195 and(or(and(or(!$COL11A1 $AZIN1) $KEL $ZNF14) and(!$PYCARD !$IFIT1 !$other) and($ICT1 !$intarvenous)) or(and(or(!$SAG $CARD9) $trastuzumab) $postmenopausal_only) or(!$POU3F2 $RHOBTB1 $POLR2C)) 
-195 and(or(and(or(!$COL11A1 $AZIN1) $KEL $ZNF14 !$fluorouracil) and(!$PYCARD !$IFIT1) and($ICT1 !$intarvenous)) or(and(or(!$SAG $CARD9) $trastuzumab) $postmenopausal_only) or(!$POU3F2 $RHOBTB1 $POLR2C)) 
-195 and(or(and(or(!$COL11A1 $AZIN1) $KEL $ZNF14 !$other) and(!$PYCARD !$IFIT1) and($ICT1 !$intarvenous)) or(and(or(!$SAG $CARD9) $trastuzumab) $postmenopausal_only) or(!$POU3F2 $RHOBTB1 $POLR2C)) 
-195 and(or(and(or(!$COL11A1 $AZIN1 !$C9orf38) $KEL $ZNF14) and(!$PYCARD !$IFIT1) and($ICT1 !$intarvenous)) or(and(or(!$SAG $CARD9) $trastuzumab) $postmenopausal_only) or(!$POU3F2 $RHOBTB1 $POLR2C)) 
-195 and(or(and(or(!$COL11A1 $AZIN1 $intarvenous) $KEL $ZNF14) and(!$PYCARD !$IFIT1) and($ICT1 !$intarvenous)) or(and(or(!$SAG $CARD9) $trastuzumab) $postmenopausal_only) or(!$POU3F2 $RHOBTB1 $POLR2C)) 
-195 and(or(and(or(!$COL11A1 $AZIN1 $chemotherapyClass) $KEL $ZNF14) and(!$PYCARD !$IFIT1) and($ICT1 !$intarvenous)) or(and(or(!$SAG $CARD9) $trastuzumab) $postmenopausal_only) or(!$POU3F2 $RHOBTB1 $POLR2C)) 
-195 and(or(and(or(!$COL11A1 $AZIN1 !$letrozole) $KEL $ZNF14) and(!$PYCARD !$IFIT1) and($ICT1 !$intarvenous)) or(and(or(!$SAG $CARD9) $trastuzumab) $postmenopausal_only) or(!$POU3F2 $RHOBTB1 $POLR2C)) 
-195 and(or(and(or(!$KCNH4 $IQCG $AZIN1) $KEL $ZNF14) and(!$PYCARD !$IFIT1) and($ICT1 !$intarvenous)) or(and(or(!$SAG $CARD9) $trastuzumab) $postmenopausal_only) or(!$POU3F2 $RHOBTB1 $POLR2C)) 
-195 and(or(and(or(!$KCNH4 $ETV7 $AZIN1) $KEL $ZNF14) and(!$PYCARD !$IFIT1) and($ICT1 !$intarvenous)) or(and(or(!$SAG $CARD9) $trastuzumab) $postmenopausal_only) or(!$POU3F2 $RHOBTB1 $POLR2C)) 
