-173 and(or(and(or($RHOBTB1 !$KRT15) $ICT1 !$FOS) !$IFIT1) $postmenopausal_only) 
-173 and(or(and(or(!$PPP1R12A !$KRT15) $ICT1 !$FOS) !$IFIT1) $postmenopausal_only) 
-172 and(or(and(or(!$PPP1R12A !$KRT15) $ICT1 !$FOS) !$TDP1 !$IFIT1) $postmenopausal_only) 
-171 and(or(and(or($PPEF1 $ICT1) or(!$PPP1R12A !$KRT15) !$FOS) !$TDP1 !$IFIT1) $postmenopausal_only) 
-174 and(or(and(or($DDN !$KRT15) $ICT1 !$FOS) !$IFIT1) $postmenopausal_only) 
-174 and(or(and(or($MGAT4A !$KRT15) $ICT1 !$FOS) !$IFIT1) $postmenopausal_only) 
-174 and(or(and(or(!$KRT15 $SLC6A8) $ICT1 !$FOS) !$IFIT1) $postmenopausal_only) 
-174 and(or(and(or(!$KRT15 !$intarvenous) $ICT1 !$FOS) !$IFIT1) $postmenopausal_only) 
-174 and(or(and(or(!$KRT15 !$taxaneGeneral) $ICT1 !$FOS) !$IFIT1) $postmenopausal_only) 
-173 and(or(and(or(!$MYBPC2 $RHOBTB1 !$KRT15) $ICT1 !$FOS) !$IFIT1) $postmenopausal_only) 
-173 and(or(and(or(!$MYBPC2 !$PPP1R12A !$KRT15) $ICT1 !$FOS) !$IFIT1) $postmenopausal_only) 
-173 and(or(and(or($RHOBTB1 !$PPP1R12A !$KRT15) $ICT1 !$FOS) !$IFIT1) $postmenopausal_only) 
-173 and(or(and(or($RHOBTB1 !$KRT15) $DDN $ICT1 !$FOS) !$IFIT1) $postmenopausal_only) 
-173 and(or(and(or($RHOBTB1 !$KRT15) $GABRQ $ICT1 !$FOS) !$IFIT1) $postmenopausal_only) 
-173 and(or(and(or($RHOBTB1 !$KRT15) $DUOX2 $ICT1 !$FOS) !$IFIT1) $postmenopausal_only) 
-173 and(or(and(or($RHOBTB1 !$KRT15) $ICT1 $CBX4 !$FOS) !$IFIT1) $postmenopausal_only) 
-173 and(or(and(or($RHOBTB1 !$KRT15) $ICT1 !$FOS) !$C9 !$IFIT1) $postmenopausal_only) 
-173 and(or(and(or($RHOBTB1 !$KRT15) $ICT1 !$FOS) $NHLH2 !$IFIT1) $postmenopausal_only) 
-173 and(or(and(or($RHOBTB1 !$KRT15) $ICT1 !$FOS) !$IFIT1) $KLRF1 $postmenopausal_only) 
-173 and(or(and(or($RHOBTB1 !$KRT15) $ICT1 !$FOS) !$IFIT1) $LY6H $postmenopausal_only) 
-173 and(or(and(or($RHOBTB1 !$KRT15) $ICT1 !$FOS !$chemotherapyClass) !$IFIT1) $postmenopausal_only) 
-173 and(or(and(or($RHOBTB1 !$KRT15 $doxorubicin) $ICT1 !$FOS) !$IFIT1) $postmenopausal_only) 
-173 and(or(and(or($RHOBTB1 !$KRT15 $trastuzumab) $ICT1 !$FOS) !$IFIT1) $postmenopausal_only) 
-173 and(or(and(or(!$PPP1R12A !$RPL36 !$KRT15) $ICT1 !$FOS) !$IFIT1) $postmenopausal_only) 
-173 and(or(and(or(!$PPP1R12A !$KRT15) $EIF1AY $ICT1 !$FOS) !$IFIT1) $postmenopausal_only) 
-173 and(or(and(or(!$PPP1R12A !$KRT15) $DUOX2 $ICT1 !$FOS) !$IFIT1) $postmenopausal_only) 
-173 and(or(and(or(!$PPP1R12A !$KRT15) $ARHGAP15 $ICT1 !$FOS) !$IFIT1) $postmenopausal_only) 
-173 and(or(and(or(!$PPP1R12A !$KRT15) $ICT1 !$FOS) !$DDN !$IFIT1) $postmenopausal_only) 
-173 and(or(and(or(!$PPP1R12A !$KRT15) $ICT1 !$FOS) !$KCNH4 !$IFIT1) $postmenopausal_only) 
-173 and(or(and(or(!$PPP1R12A !$KRT15) $ICT1 !$FOS) !$KEL !$IFIT1) $postmenopausal_only) 
-173 and(or(and(or(!$PPP1R12A !$KRT15) $ICT1 !$FOS) !$IRS4 !$IFIT1) $postmenopausal_only) 
-173 and(or(and(or(!$PPP1R12A !$KRT15) $ICT1 !$FOS) !$SLCO4A1 !$IFIT1) $postmenopausal_only) 
-173 and(or(and(or(!$PPP1R12A !$KRT15) $ICT1 !$FOS) !$IFIT1) $C9 $postmenopausal_only) 
-173 and(or(and(or(!$PPP1R12A !$KRT15) $ICT1 !$FOS) !$IFIT1) $POU3F2 $postmenopausal_only) 
-173 and(or(and(or(!$PPP1R12A !$KRT15) $ICT1 !$FOS) !$IFIT1) $ZNF613 $postmenopausal_only) 
-173 and(or(and(or(!$PPP1R12A !$KRT15) $ICT1 !$FOS) !$IFIT1) $postmenopausal_only !$taxane) 
-173 and(or(and(or(!$PPP1R12A !$KRT15) $ICT1 !$FOS) !$IFIT1) $postmenopausal_only !$anti_HER2) 
-173 and(or(and(or(!$PPP1R12A !$KRT15) $ICT1 !$FOS) !$IFIT1) $postmenopausal_only !$doxorubicin) 
-173 and(or(and(or(!$PPP1R12A !$KRT15) $ICT1 !$FOS) !$IFIT1) $postmenopausal_only !$docetaxel) 
-173 and(or(and(or(!$PPP1R12A !$KRT15) $ICT1 !$FOS) !$IFIT1 !$C9orf38) $postmenopausal_only) 
-173 and(or(and(or(!$PPP1R12A !$KRT15) $ICT1 !$FOS) !$IFIT1 $fluorouracil) $postmenopausal_only) 
-173 and(or(and(or(!$PPP1R12A !$KRT15) $ICT1 !$FOS) !$IFIT1 $other) $postmenopausal_only) 
-173 and(or(and(or(!$PPP1R12A !$KRT15) $ICT1 !$FOS $F2RL3) !$IFIT1) $postmenopausal_only) 
-173 and(or(and(or(!$PPP1R12A !$KRT15) $ICT1 !$FOS !$taxane) !$IFIT1) $postmenopausal_only) 
-173 and(or(and(or(!$PPP1R12A !$KRT15) $ICT1 !$FOS $estrogen_receptor_blocker_and_stops_production) !$IFIT1) $postmenopausal_only) 
-173 and(or(and(or(!$PPP1R12A !$KRT15) $ICT1 !$FOS !$paclitaxel) !$IFIT1) $postmenopausal_only) 
-173 and(or(and(or(!$PPP1R12A !$KRT15 $trastuzumab) $ICT1 !$FOS) !$IFIT1) $postmenopausal_only) 
-173 and(or(and(!$CLINT1 $PTGES) and($ICT1 !$KRT15 !$FOS) !$IFIT1) $postmenopausal_only) 
-173 and(or(and(or(and(!$SGK2 $RHOBTB1) !$KRT15) $ICT1 !$FOS) !$IFIT1) $postmenopausal_only) 
-173 and(or(and(or(and($CCR4 !$KRT15) !$PPP1R12A) $ICT1 !$FOS) !$IFIT1) $postmenopausal_only) 
-173 and(or(and(or(and(!$DAO $RHOBTB1) !$KRT15) $ICT1 !$FOS) !$IFIT1) $postmenopausal_only) 
-173 and(or(and(or(and($RHOBTB1 $KEL) !$KRT15) $ICT1 !$FOS) !$IFIT1) $postmenopausal_only) 
-173 and(or(and(or(and($RHOBTB1 !$PFN2) !$KRT15) $ICT1 !$FOS) !$IFIT1) $postmenopausal_only) 
-173 and(or(and(or(and($RHOBTB1 !$paclitaxel) !$KRT15) $ICT1 !$FOS) !$IFIT1) $postmenopausal_only) 
-173 and(or(and(or(and($CARD9 !$KRT15) $RHOBTB1) $ICT1 !$FOS) !$IFIT1) $postmenopausal_only) 
-173 and(or(and(or(and(!$KRT15 $MYO1A) !$PPP1R12A) $ICT1 !$FOS) !$IFIT1) $postmenopausal_only) 
-173 and(or(and(or(and(!$KRT15 !$anti_HER2) !$PPP1R12A) $ICT1 !$FOS) !$IFIT1) $postmenopausal_only) 
-173 and(or(and(or(and(!$KRT15 !$anastrozole) !$PPP1R12A) $ICT1 !$FOS) !$IFIT1) $postmenopausal_only) 
-173 and(or(and(or(0<($tumor_size_cm_preTrt_preSurgery) !$PPP1R12A !$KRT15) $ICT1 !$FOS) !$IFIT1) $postmenopausal_only) 
-173 and(or(and(or(!$OR12D3 !$FOS) or(!$PPP1R12A !$KRT15) $ICT1) !$IFIT1) $postmenopausal_only) 
-173 and(or(and(or(!$DDN !$FOS) or(!$PPP1R12A !$KRT15) $ICT1) !$IFIT1) $postmenopausal_only) 
-173 and(or(and(or($F2R !$FOS) or(!$PPP1R12A !$KRT15) $ICT1) !$IFIT1) $postmenopausal_only) 
-173 and(or(and(or(!$DUOX2 !$FOS) or(!$PPP1R12A !$KRT15) $ICT1) !$IFIT1) $postmenopausal_only) 
-173 and(or(and(or($RHOBTB1 !$KRT15) or($ICT1 !$CBX8) !$FOS) !$IFIT1) $postmenopausal_only) 
-173 and(or(and(or($RHOBTB1 !$KRT15) or($ICT1 !$LY6H) !$FOS) !$IFIT1) $postmenopausal_only) 
-173 and(or(and(or($RHOBTB1 !$KRT15) or(!$FOS !$F2RL3) $ICT1) !$IFIT1) $postmenopausal_only) 
-173 and(or(and(or($RHOBTB1 !$KRT15) or(!$FOS !$IFIT1) $ICT1) !$IFIT1) $postmenopausal_only) 
-173 and(or(and(or($RHOBTB1 !$KRT15) or(!$FOS !$aromatase_inhibitor) $ICT1) !$IFIT1) $postmenopausal_only) 
-173 and(or(and(or($RHOBTB1 !$KRT15) or(!$FOS $taxaneGeneral) $ICT1) !$IFIT1) $postmenopausal_only) 
-173 and(or(and(or($RHOBTB1 !$KRT15) $ICT1 !$FOS) and($DUOX2 !$IFIT1)) $postmenopausal_only) 
-173 and(or(and(or(!$PPP1R12A !$KRT15) or($ICT1 $taxane) !$FOS) !$IFIT1) $postmenopausal_only) 
-173 and(or(and(or(!$PPP1R12A !$KRT15) or($ICT1 !$anti_estrogen) !$FOS) !$IFIT1) $postmenopausal_only) 
-173 and(or(and(or(!$PPP1R12A !$KRT15) or(!$IRS4 !$FOS) $ICT1) !$IFIT1) $postmenopausal_only) 
-173 and(or(and(or(!$PPP1R12A !$KRT15) or($OTOR !$FOS) $ICT1) !$IFIT1) $postmenopausal_only) 
-173 and(or(and(or(!$PPP1R12A !$KRT15) or($CTNNA1 !$FOS) $ICT1) !$IFIT1) $postmenopausal_only) 
-173 and(or(and(or(!$PPP1R12A !$KRT15) or(!$FOS !$oral) $ICT1) !$IFIT1) $postmenopausal_only) 
-173 and(or(and(or(!$PPP1R12A !$KRT15) or(!$FOS $cyclophosphamide) $ICT1) !$IFIT1) $postmenopausal_only) 
-173 and(or(and(or(!$PPP1R12A !$KRT15) or(!$FOS $taxaneGeneral) $ICT1) !$IFIT1) $postmenopausal_only) 
-173 and(or(and(or(!$PPP1R12A !$KRT15) $ICT1 !$FOS) and($CARD9 !$IFIT1)) $postmenopausal_only) 
-173 and(or(and(or(!$PPP1R12A !$KRT15) $ICT1 !$FOS) and($F2RL3 !$IFIT1)) $postmenopausal_only) 
-173 and(or(and(or(!$PPP1R12A !$KRT15) $ICT1 !$FOS) and(!$IFIT1 !$docetaxel)) $postmenopausal_only) 
-173 and(or(and(or(!$PPP1R12A !$KRT15) $ICT1 !$FOS) 0<($age) !$IFIT1) $postmenopausal_only) 
-173 and(or(and(or($RHOBTB1 !$KRT15) not(0<($race)) $ICT1 !$FOS) !$IFIT1) $postmenopausal_only) 
-173 or(and(or(and(or($RHOBTB1 !$KRT15) $ICT1 !$FOS) !$IFIT1) $postmenopausal_only) 0<($nuclear_grade_preTrt)) 
-172 and(or(and(or(!$GZMM !$PPP1R12A !$KRT15) $ICT1 !$FOS) !$TDP1 !$IFIT1) $postmenopausal_only) 
-172 and(or(and(or(!$MYBPC2 !$PPP1R12A !$KRT15) $ICT1 !$FOS) !$TDP1 !$IFIT1) $postmenopausal_only) 
-172 and(or(and(or(!$PPP1R12A $SERPINB2 !$KRT15) $ICT1 !$FOS) !$TDP1 !$IFIT1) $postmenopausal_only) 
-172 and(or(and(or(!$PPP1R12A !$RPL36 !$KRT15) $ICT1 !$FOS) !$TDP1 !$IFIT1) $postmenopausal_only) 
-172 and(or(and(or(!$PPP1R12A !$MGAT4A !$KRT15) $ICT1 !$FOS) !$TDP1 !$IFIT1) $postmenopausal_only) 
-172 and(or(and(or(!$PPP1R12A !$KRT15) $EIF1AY $ICT1 !$FOS) !$TDP1 !$IFIT1) $postmenopausal_only) 
-172 and(or(and(or(!$PPP1R12A !$KRT15) $MYBPC2 $ICT1 !$FOS) !$TDP1 !$IFIT1) $postmenopausal_only) 
-172 and(or(and(or(!$PPP1R12A !$KRT15) $ICT1 !$FOS) !$TDP1 !$KEL !$IFIT1) $postmenopausal_only) 
-172 and(or(and(or(!$PPP1R12A !$KRT15) $ICT1 !$FOS) !$TDP1 !$IFIT1) $oral $postmenopausal_only) 
-172 and(or(and(or(!$PPP1R12A !$KRT15) $ICT1 !$FOS) !$TDP1 !$IFIT1) $postmenopausal_only !$taxane) 
-172 and(or(and(or(!$PPP1R12A !$KRT15) $ICT1 !$FOS) !$TDP1 !$IFIT1) $postmenopausal_only !$paclitaxel) 
-172 and(or(and(or(!$PPP1R12A !$KRT15) $ICT1 !$FOS) !$TDP1 !$IFIT1 $other) $postmenopausal_only) 
-172 and(or(and(or(!$PPP1R12A !$KRT15) $ICT1 !$FOS $GALNT8) !$TDP1 !$IFIT1) $postmenopausal_only) 
-172 and(or(and(or(!$PPP1R12A !$KRT15) $ICT1 !$FOS !$cyclophosphamide) !$TDP1 !$IFIT1) $postmenopausal_only) 
-172 and(or(and(or(!$PPP1R12A !$KRT15) $ICT1 !$FOS !$taxaneGeneral) !$TDP1 !$IFIT1) $postmenopausal_only) 
-172 and(or(and(or(!$PPP1R12A !$KRT15 $RBM23) $ICT1 !$FOS) !$TDP1 !$IFIT1) $postmenopausal_only) 
