-190 and(or(and(or(and(!$ICT1 !$IFIT1) $PPEF1) or($ZNF14 !$anti_HER2)) and($CCNE2 !$ING2 $SLC6A8) and($ICT1 $estrogen_receptor_blocker_and_stops_production)) or($CARD9 !$C7orf10) $hormone_therapyClass) 
-189 and(or(and(or(and(!$ICT1 !$IFIT1) $PPEF1) or($ZNF14 !$anti_HER2)) and($CCNE2 !$ING2 $OTOR $SLC6A8) and($ICT1 $estrogen_receptor_blocker_and_stops_production)) or($CARD9 !$C7orf10) $hormone_therapyClass) 
-189 and(or(and(or(and(!$ICT1 !$IFIT1) $PPEF1 $epirubicin) or($ZNF14 !$anti_HER2)) and($CCNE2 !$ING2 $SLC6A8) and($ICT1 $estrogen_receptor_blocker_and_stops_production)) or($CARD9 !$C7orf10) $hormone_therapyClass) 
-189 and(or(and(or(and(!$ICT1 !$IFIT1) $PPEF1 $paclitaxel) or($ZNF14 !$anti_HER2)) and($CCNE2 !$ING2 $SLC6A8) and($ICT1 $estrogen_receptor_blocker_and_stops_production)) or($CARD9 !$C7orf10) $hormone_therapyClass) 
-189 and(or(and(or(and(or($TNNI1 !$ICT1) !$IFIT1) $PPEF1) or($ZNF14 !$anti_HER2)) and($CCNE2 !$ING2 $SLC6A8) and($ICT1 $estrogen_receptor_blocker_and_stops_production)) or($CARD9 !$C7orf10) $hormone_therapyClass) 
-189 and(or(and(or(and(or(!$ICT1 !$SLC6A8) !$IFIT1) $PPEF1) or($ZNF14 !$anti_HER2)) and($CCNE2 !$ING2 $SLC6A8) and($ICT1 $estrogen_receptor_blocker_and_stops_production)) or($CARD9 !$C7orf10) $hormone_therapyClass) 
-188 and(or(and(or(and(or(!$ICT1 !$SLC6A8) !$IFIT1) $PPEF1) or($ZNF14 !$anti_HER2)) and($CCNE2 !$ING2 $OTOR $SLC6A8) and($ICT1 $estrogen_receptor_blocker_and_stops_production)) or($CARD9 !$C7orf10) $hormone_therapyClass) 
-188 and(or(and(or(and(or(!$ICT1 $fluorouracil) !$IFIT1) $PPEF1) or($ZNF14 !$anti_HER2)) and($CCNE2 !$ING2 $OTOR $SLC6A8) and($ICT1 $estrogen_receptor_blocker_and_stops_production)) or($CARD9 !$C7orf10) $hormone_therapyClass) 
-188 and(or(and(or(and(!$ICT1 !$IFIT1) and(!$TTC31 !$SLCO4A1) $PPEF1) or($ZNF14 !$anti_HER2)) and($CCNE2 !$ING2 $SLC6A8) and($ICT1 $estrogen_receptor_blocker_and_stops_production)) or($CARD9 !$C7orf10) $hormone_therapyClass) 
-190 and(or(and(or(and(!$ICT1 $ZNF613 !$IFIT1) $PPEF1) or($ZNF14 !$anti_HER2)) and($CCNE2 !$ING2 $SLC6A8) and($ICT1 $estrogen_receptor_blocker_and_stops_production)) or($CARD9 !$C7orf10) $hormone_therapyClass) 
-190 and(or(and(or(and(!$ICT1 !$IFIT1) $PPEF1) or($ZNF14 !$hormone_therapyClass !$anti_HER2)) and($CCNE2 !$ING2 $SLC6A8) and($ICT1 $estrogen_receptor_blocker_and_stops_production)) or($CARD9 !$C7orf10) $hormone_therapyClass) 
-190 and(or(and(or(and(!$ICT1 !$IFIT1) $PPEF1) or($ZNF14 !$anti_HER2)) and($EIF1AY $ICT1 $estrogen_receptor_blocker_and_stops_production) and($CCNE2 !$ING2 $SLC6A8)) or($CARD9 !$C7orf10) $hormone_therapyClass) 
-190 and(or(and(or(and(!$ICT1 !$IFIT1) $PPEF1) or($ZNF14 !$anti_HER2)) and($KCNH4 $ICT1 $estrogen_receptor_blocker_and_stops_production) and($CCNE2 !$ING2 $SLC6A8)) or($CARD9 !$C7orf10) $hormone_therapyClass) 
-190 and(or(and(or(and(!$ICT1 !$IFIT1) $PPEF1) or($ZNF14 !$anti_HER2)) and($DUOX2 $ICT1 $estrogen_receptor_blocker_and_stops_production) and($CCNE2 !$ING2 $SLC6A8)) or($CARD9 !$C7orf10) $hormone_therapyClass) 
-190 and(or(and(or(and(!$ICT1 !$IFIT1) $PPEF1) or($ZNF14 !$anti_HER2)) and(!$PPEF1 $ICT1 $estrogen_receptor_blocker_and_stops_production) and($CCNE2 !$ING2 $SLC6A8)) or($CARD9 !$C7orf10) $hormone_therapyClass) 
-190 and(or(and(or(and(!$ICT1 !$IFIT1) $PPEF1) or($ZNF14 !$anti_HER2)) and($CCNE2 !$ING2 $SLC6A8) and($KLRF1 $ICT1 $estrogen_receptor_blocker_and_stops_production)) or($CARD9 !$C7orf10) $hormone_therapyClass) 
-190 and(or(and(or(and(!$ICT1 !$IFIT1) $PPEF1) or($ZNF14 !$anti_HER2)) and($CCNE2 !$ING2 $SLC6A8) and($ICT1 $ZNF613 $estrogen_receptor_blocker_and_stops_production)) or($CARD9 !$C7orf10) $hormone_therapyClass) 
-190 and(or(and(or(and(!$ICT1 !$IFIT1) $PPEF1) or($ZNF14 !$anti_HER2)) and($CCNE2 !$ING2 $SLC6A8) and($ICT1 $postmenopausal_only $estrogen_receptor_blocker_and_stops_production)) or($CARD9 !$C7orf10) $hormone_therapyClass) 
-190 and(or(and(or(and(!$ICT1 !$IFIT1) $PPEF1) or($ZNF14 !$anti_HER2)) and($CCNE2 !$ING2 $SLC6A8) and($ICT1 $aromatase_inhibitor $estrogen_receptor_blocker_and_stops_production)) or($CARD9 !$C7orf10) $hormone_therapyClass) 
-190 and(or(and(or(and(!$ICT1 !$IFIT1) $PPEF1) or($ZNF14 !$anti_HER2)) and($CCNE2 !$ING2 $SLC6A8) and($ICT1 $estrogen_receptor_blocker_and_stops_production)) or($CARD9 !$C7orf10 !$oral) $hormone_therapyClass) 
-190 and(or(and(or(and(!$ICT1 !$IFIT1) $PPEF1) or($ZNF14 !$anti_HER2)) and($CCNE2 !$ING2 $SLC6A8) and($ICT1 $estrogen_receptor_blocker_and_stops_production !$anti_HER2)) or($CARD9 !$C7orf10) $hormone_therapyClass) 
-190 and(or(and(or(and(!$ICT1 !$IFIT1) $PPEF1) or($ZNF14 !$anti_HER2)) and($CCNE2 !$ING2 $SLC6A8) and($ICT1 $estrogen_receptor_blocker_and_stops_production !$paclitaxel)) or($CARD9 !$C7orf10) $hormone_therapyClass) 
-190 and(or(and(or(and(!$ICT1 !$IFIT1) $PPEF1) or($ZNF14 !$anti_HER2)) and($CCNE2 !$ING2 $SLC6A8) and($ICT1 $estrogen_receptor_blocker_and_stops_production $letrozole)) or($CARD9 !$C7orf10) $hormone_therapyClass) 
-190 and(or(and(or(and(!$ICT1 !$IFIT1) $PPEF1) or($ZNF14 !$anti_HER2)) and($CCNE2 !$ING2 $SLC6A8 !$F2RL3) and($ICT1 $estrogen_receptor_blocker_and_stops_production)) or($CARD9 !$C7orf10) $hormone_therapyClass) 
-190 and(or(and(or(and(!$ICT1 !$IFIT1) $PPEF1) or($ZNF14 !$anti_HER2)) and($CCNE2 !$ING2 $SLC6A8 $anti_HER2) and($ICT1 $estrogen_receptor_blocker_and_stops_production)) or($CARD9 !$C7orf10) $hormone_therapyClass) 
-190 and(or(and(or(and(!$ICT1 !$IFIT1) $PPEF1) or($ZNF14 !$anti_HER2)) and($CCNE2 !$ING2 $SLC6A8 !$epirubicin) and($ICT1 $estrogen_receptor_blocker_and_stops_production)) or($CARD9 !$C7orf10) $hormone_therapyClass) 
-190 and(or(and(or(and(!$ICT1 !$IFIT1) $PPEF1) or($ZNF14 !$anti_HER2)) and($CCNE2 !$ING2 $SLC6A8 !$fluorouracil) and($ICT1 $estrogen_receptor_blocker_and_stops_production)) or($CARD9 !$C7orf10) $hormone_therapyClass) 
-190 and(or(and(or(and(!$ICT1 !$IFIT1) $PPEF1) or($ZNF14 !$anti_HER2) !$other) and($CCNE2 !$ING2 $SLC6A8) and($ICT1 $estrogen_receptor_blocker_and_stops_production)) or($CARD9 !$C7orf10) $hormone_therapyClass) 
-190 and(or(and(or(and(!$ICT1 !$IFIT1) $PPEF1 !$CBX4) or($ZNF14 !$anti_HER2)) and($CCNE2 !$ING2 $SLC6A8) and($ICT1 $estrogen_receptor_blocker_and_stops_production)) or($CARD9 !$C7orf10) $hormone_therapyClass) 
-190 and(or(and(or(and(!$TTC31 !$SLCO4A1) $PPEF1 !$IFIT1) or($ZNF14 !$anti_HER2)) and($CCNE2 !$ING2 $SLC6A8) and($ICT1 $estrogen_receptor_blocker_and_stops_production)) or($CARD9 !$C7orf10) $hormone_therapyClass) 
-190 and(or(and(or(and(or(!$TSPAN32 !$ICT1) !$IFIT1) $PPEF1) or($ZNF14 !$anti_HER2)) and($CCNE2 !$ING2 $SLC6A8) and($ICT1 $estrogen_receptor_blocker_and_stops_production)) or($CARD9 !$C7orf10) $hormone_therapyClass) 
-190 and(or(and(or(and(or($COL11A1 !$ICT1) !$IFIT1) $PPEF1) or($ZNF14 !$anti_HER2)) and($CCNE2 !$ING2 $SLC6A8) and($ICT1 $estrogen_receptor_blocker_and_stops_production)) or($CARD9 !$C7orf10) $hormone_therapyClass) 
-190 and(or(and(or(and(or($F2R !$ICT1) !$IFIT1) $PPEF1) or($ZNF14 !$anti_HER2)) and($CCNE2 !$ING2 $SLC6A8) and($ICT1 $estrogen_receptor_blocker_and_stops_production)) or($CARD9 !$C7orf10) $hormone_therapyClass) 
-190 and(or(and(or(and(or($POU3F2 !$ICT1) !$IFIT1) $PPEF1) or($ZNF14 !$anti_HER2)) and($CCNE2 !$ING2 $SLC6A8) and($ICT1 $estrogen_receptor_blocker_and_stops_production)) or($CARD9 !$C7orf10) $hormone_therapyClass) 
-190 and(or(and(or(and(or($RACGAP1 !$ICT1) !$IFIT1) $PPEF1) or($ZNF14 !$anti_HER2)) and($CCNE2 !$ING2 $SLC6A8) and($ICT1 $estrogen_receptor_blocker_and_stops_production)) or($CARD9 !$C7orf10) $hormone_therapyClass) 
-190 and(or(and(or(and(or($VPS8 !$ICT1) !$IFIT1) $PPEF1) or($ZNF14 !$anti_HER2)) and($CCNE2 !$ING2 $SLC6A8) and($ICT1 $estrogen_receptor_blocker_and_stops_production)) or($CARD9 !$C7orf10) $hormone_therapyClass) 
-190 and(or(and(or(and(or(!$ICT1 !$RAD50) !$IFIT1) $PPEF1) or($ZNF14 !$anti_HER2)) and($CCNE2 !$ING2 $SLC6A8) and($ICT1 $estrogen_receptor_blocker_and_stops_production)) or($CARD9 !$C7orf10) $hormone_therapyClass) 
-190 and(or(and(or(and(or(!$KEL !$IFIT1) !$ICT1) $PPEF1) or($ZNF14 !$anti_HER2)) and($CCNE2 !$ING2 $SLC6A8) and($ICT1 $estrogen_receptor_blocker_and_stops_production)) or($CARD9 !$C7orf10) $hormone_therapyClass) 
-190 and(or(and(or(and(!$PYCARD !$anti_HER2) $ZNF14) or(and(!$ICT1 !$IFIT1) $PPEF1)) and($CCNE2 !$ING2 $SLC6A8) and($ICT1 $estrogen_receptor_blocker_and_stops_production)) or($CARD9 !$C7orf10) $hormone_therapyClass) 
-190 and(or(and(or(and($DUOX2 !$anti_HER2) $ZNF14) or(and(!$ICT1 !$IFIT1) $PPEF1)) and($CCNE2 !$ING2 $SLC6A8) and($ICT1 $estrogen_receptor_blocker_and_stops_production)) or($CARD9 !$C7orf10) $hormone_therapyClass) 
-190 and(or(and(or(and($CARD9 !$anti_HER2) $ZNF14) or(and(!$ICT1 !$IFIT1) $PPEF1)) and($CCNE2 !$ING2 $SLC6A8) and($ICT1 $estrogen_receptor_blocker_and_stops_production)) or($CARD9 !$C7orf10) $hormone_therapyClass) 
-190 and(or(and(or(and(!$ICT1 !$IFIT1) $PPEF1) or(and($MGAT4A !$anti_HER2) $ZNF14)) and($CCNE2 !$ING2 $SLC6A8) and($ICT1 $estrogen_receptor_blocker_and_stops_production)) or($CARD9 !$C7orf10) $hormone_therapyClass) 
-190 and(or(and(or(and(!$ICT1 !$IFIT1) $PPEF1) or(and(!$MAP3K7 !$anti_HER2) $ZNF14)) and($CCNE2 !$ING2 $SLC6A8) and($ICT1 $estrogen_receptor_blocker_and_stops_production)) or($CARD9 !$C7orf10) $hormone_therapyClass) 
-190 and(or(and(or(and(!$ICT1 !$IFIT1) $PPEF1) or(and($postmenopausal_only !$anti_HER2) $ZNF14)) and($CCNE2 !$ING2 $SLC6A8) and($ICT1 $estrogen_receptor_blocker_and_stops_production)) or($CARD9 !$C7orf10) $hormone_therapyClass) 
-190 and(or(and(or(and(!$ICT1 !$IFIT1) $PPEF1) or(and(!$anti_HER2 !$epirubicin) $ZNF14)) and($CCNE2 !$ING2 $SLC6A8) and($ICT1 $estrogen_receptor_blocker_and_stops_production)) or($CARD9 !$C7orf10) $hormone_therapyClass) 
-190 and(or(and(or(and(!$ICT1 !$IFIT1) $PPEF1) or(and(!$anti_HER2 !$paclitaxel) $ZNF14)) and($CCNE2 !$ING2 $SLC6A8) and($ICT1 $estrogen_receptor_blocker_and_stops_production)) or($CARD9 !$C7orf10) $hormone_therapyClass) 
-190 and(or(and(or(and(!$ICT1 !$IFIT1) $PPEF1) or($ZNF14 !$anti_HER2)) and(or(!$KCNH4 $ICT1) $estrogen_receptor_blocker_and_stops_production) and($CCNE2 !$ING2 $SLC6A8)) or($CARD9 !$C7orf10) $hormone_therapyClass) 
-190 and(or(and(or(and(!$ICT1 !$IFIT1) $PPEF1) or($ZNF14 !$anti_HER2)) and(or($CCNE2 !$IRS4) !$ING2 $SLC6A8) and($ICT1 $estrogen_receptor_blocker_and_stops_production)) or($CARD9 !$C7orf10) $hormone_therapyClass) 
-190 and(or(and(or(and(!$ICT1 !$IFIT1) $PPEF1) or($ZNF14 !$anti_HER2)) and(or($CCNE2 $epirubicin) !$ING2 $SLC6A8) and($ICT1 $estrogen_receptor_blocker_and_stops_production)) or($CARD9 !$C7orf10) $hormone_therapyClass) 
-190 and(or(and(or(and(!$ICT1 !$IFIT1) $PPEF1) or($ZNF14 !$anti_HER2)) and(or($RPL36 $SLC6A8) $CCNE2 !$ING2) and($ICT1 $estrogen_receptor_blocker_and_stops_production)) or($CARD9 !$C7orf10) $hormone_therapyClass) 
-190 and(or(and(or(and(!$ICT1 !$IFIT1) $PPEF1) or($ZNF14 !$anti_HER2)) and(or($ICT1 !$ZNF613) $estrogen_receptor_blocker_and_stops_production) and($CCNE2 !$ING2 $SLC6A8)) or($CARD9 !$C7orf10) $hormone_therapyClass) 
-190 and(or(and(or(and(!$ICT1 !$IFIT1) $PPEF1) or($ZNF14 !$anti_HER2)) and(or($ICT1 !$F2RL3) $estrogen_receptor_blocker_and_stops_production) and($CCNE2 !$ING2 $SLC6A8)) or($CARD9 !$C7orf10) $hormone_therapyClass) 
-190 and(or(and(or(and(!$ICT1 !$IFIT1) $PPEF1) or($ZNF14 !$anti_HER2)) and(or($ICT1 $chemotherapyClass) $estrogen_receptor_blocker_and_stops_production) and($CCNE2 !$ING2 $SLC6A8)) or($CARD9 !$C7orf10) $hormone_therapyClass) 
-190 and(or(and(or(and(!$ICT1 !$IFIT1) $PPEF1) or($ZNF14 !$anti_HER2)) and(or($ICT1 !$aromatase_inhibitor) $estrogen_receptor_blocker_and_stops_production) and($CCNE2 !$ING2 $SLC6A8)) or($CARD9 !$C7orf10) $hormone_therapyClass) 
-190 and(or(and(or(and(!$ICT1 !$IFIT1) $PPEF1) or($ZNF14 !$anti_HER2)) and(or($ICT1 $trastuzumab) $estrogen_receptor_blocker_and_stops_production) and($CCNE2 !$ING2 $SLC6A8)) or($CARD9 !$C7orf10) $hormone_therapyClass) 
-190 and(or(and(or(and(!$ICT1 !$IFIT1) $PPEF1) or($ZNF14 !$anti_HER2)) and(or(!$ING2 $F2RL3) $CCNE2 $SLC6A8) and($ICT1 $estrogen_receptor_blocker_and_stops_production)) or($CARD9 !$C7orf10) $hormone_therapyClass) 
-190 and(or(and(or(and(!$ICT1 !$IFIT1) $PPEF1) or($ZNF14 !$anti_HER2)) and(or(!$ING2 !$taxane) $CCNE2 $SLC6A8) and($ICT1 $estrogen_receptor_blocker_and_stops_production)) or($CARD9 !$C7orf10) $hormone_therapyClass) 
-190 and(or(and(or(and(!$ICT1 !$IFIT1) $PPEF1) or($ZNF14 !$anti_HER2)) and(or($SLC6A8 $C16orf58) $CCNE2 !$ING2) and($ICT1 $estrogen_receptor_blocker_and_stops_production)) or($CARD9 !$C7orf10) $hormone_therapyClass) 
-190 and(or(and(or(and(!$ICT1 !$IFIT1) $PPEF1) or($ZNF14 !$anti_HER2)) and(or($SLC6A8 !$PFN2) $CCNE2 !$ING2) and($ICT1 $estrogen_receptor_blocker_and_stops_production)) or($CARD9 !$C7orf10) $hormone_therapyClass) 
-190 and(or(and(or(and(!$ICT1 !$IFIT1) $PPEF1) or($ZNF14 !$anti_HER2)) and(or($SLC6A8 !$aromatase_inhibitor) $CCNE2 !$ING2) and($ICT1 $estrogen_receptor_blocker_and_stops_production)) or($CARD9 !$C7orf10) $hormone_therapyClass) 
-190 and(or(and(or(and(!$ICT1 !$IFIT1) $PPEF1) or($ZNF14 !$anti_HER2)) and(or($SLC6A8 $fluorouracil) $CCNE2 !$ING2) and($ICT1 $estrogen_receptor_blocker_and_stops_production)) or($CARD9 !$C7orf10) $hormone_therapyClass) 
-190 and(or(and(or(and(!$ICT1 !$IFIT1) $PPEF1) or($ZNF14 !$anti_HER2)) and($CCNE2 !$ING2 $SLC6A8) and($ICT1 $estrogen_receptor_blocker_and_stops_production)) or(and(!$MAP1S !$C7orf10) $CARD9) $hormone_therapyClass) 
-190 and(or(and(or(and(!$ICT1 !$IFIT1) $PPEF1) or($ZNF14 !$anti_HER2)) and($CCNE2 !$ING2 $SLC6A8) and($ICT1 $estrogen_receptor_blocker_and_stops_production)) or(and($ING2 !$C7orf10) $CARD9) $hormone_therapyClass) 
-189 and(or(and(or(and($KLRF1 !$ICT1 !$IFIT1) $PPEF1 $paclitaxel) or($ZNF14 !$anti_HER2)) and($CCNE2 !$ING2 $SLC6A8) and($ICT1 $estrogen_receptor_blocker_and_stops_production)) or($CARD9 !$C7orf10) $hormone_therapyClass) 
-189 and(or(and(or(and(!$ICT1 !$IFIT1) $PPEF1) or($ZNF14 !$anti_HER2)) and($CCNE2 !$ING2 $OTOR $SLC6A8) and($ICT1 $CBX4 $estrogen_receptor_blocker_and_stops_production)) or($CARD9 !$C7orf10) $hormone_therapyClass) 
-189 and(or(and(or(and(!$ICT1 !$IFIT1) $PPEF1) or($ZNF14 !$anti_HER2)) and($CCNE2 !$ING2 $OTOR $SLC6A8) and($ICT1 $aromatase_inhibitor $estrogen_receptor_blocker_and_stops_production)) or($CARD9 !$C7orf10) $hormone_therapyClass) 
-189 and(or(and(or(and(!$ICT1 !$IFIT1) $PPEF1) or($ZNF14 !$anti_HER2)) and($CCNE2 !$ING2 $OTOR $SLC6A8 !$epirubicin) and($ICT1 $estrogen_receptor_blocker_and_stops_production)) or($CARD9 !$C7orf10) $hormone_therapyClass) 
-189 and(or(and(or(and(!$ICT1 !$IFIT1) $PPEF1) or($ZNF14 !$anti_HER2)) and($CCNE2 !$ING2 $OTOR $SLC6A8 !$fluorouracil) and($ICT1 $estrogen_receptor_blocker_and_stops_production)) or($CARD9 !$C7orf10) $hormone_therapyClass) 
-189 and(or(and(or(and(!$ICT1 !$IFIT1) $PPEF1) or($ZNF14 !$anti_HER2) !$other) and($CCNE2 !$ING2 $OTOR $SLC6A8) and($ICT1 $estrogen_receptor_blocker_and_stops_production)) or($CARD9 !$C7orf10) $hormone_therapyClass) 
-189 and(or(and(or(and(!$ICT1 !$IFIT1) $PPEF1 !$IRS4 $epirubicin) or($ZNF14 !$anti_HER2)) and($CCNE2 !$ING2 $SLC6A8) and($ICT1 $estrogen_receptor_blocker_and_stops_production)) or($CARD9 !$C7orf10) $hormone_therapyClass) 
-189 and(or(and(or(and(!$ICT1 !$IFIT1) $PPEF1 !$oral $paclitaxel) or($ZNF14 !$anti_HER2)) and($CCNE2 !$ING2 $SLC6A8) and($ICT1 $estrogen_receptor_blocker_and_stops_production)) or($CARD9 !$C7orf10) $hormone_therapyClass) 
-189 and(or(and(or(and(!$ICT1 !$IFIT1) $PPEF1 $epirubicin) or($ZNF14 !$anti_HER2)) and(!$TSPAN32 $ICT1 $estrogen_receptor_blocker_and_stops_production) and($CCNE2 !$ING2 $SLC6A8)) or($CARD9 !$C7orf10) $hormone_therapyClass) 
-189 and(or(and(or(and(!$ICT1 !$IFIT1) $PPEF1 $epirubicin) or($ZNF14 !$anti_HER2)) and($DLX6 $ICT1 $estrogen_receptor_blocker_and_stops_production) and($CCNE2 !$ING2 $SLC6A8)) or($CARD9 !$C7orf10) $hormone_therapyClass) 
-189 and(or(and(or(and(!$ICT1 !$IFIT1) $PPEF1 $epirubicin) or($ZNF14 !$anti_HER2)) and($CCNE2 !$ING2 $SLC6A8) and($ICT1 !$chemotherapyClass $estrogen_receptor_blocker_and_stops_production)) or($CARD9 !$C7orf10) $hormone_therapyClass) 
-189 and(or(and(or(and(!$ICT1 !$IFIT1) $PPEF1 $epirubicin) or($ZNF14 !$anti_HER2)) and($CCNE2 !$ING2 $SLC6A8) and($ICT1 $estrogen_receptor_blocker_and_stops_production !$other)) or($CARD9 !$C7orf10) $hormone_therapyClass) 
-189 and(or(and(or(and(!$ICT1 !$IFIT1) $PPEF1 $paclitaxel) or($ZNF14 !$anti_HER2)) and($CCNE2 !$GPM6B !$ING2 $SLC6A8) and($ICT1 $estrogen_receptor_blocker_and_stops_production)) or($CARD9 !$C7orf10) $hormone_therapyClass) 
-189 and(or(and(or(and(!$ICT1 !$IFIT1) $PPEF1 $paclitaxel) or($ZNF14 !$anti_HER2)) and($CCNE2 !$ING2 $SLC6A8) and($ICT1 $KEL $estrogen_receptor_blocker_and_stops_production)) or($CARD9 !$C7orf10) $hormone_therapyClass) 
-189 and(or(and(or(and(!$ICT1 !$IFIT1) $PPEF1 $paclitaxel) or($ZNF14 !$anti_HER2)) and($CCNE2 !$ING2 $SLC6A8) and($ICT1 $C9orf38 $estrogen_receptor_blocker_and_stops_production)) or($CARD9 !$C7orf10) $hormone_therapyClass) 
-189 and(or(and(or(and(!$ICT1 !$IFIT1) $PPEF1 $paclitaxel) or($ZNF14 !$anti_HER2)) and($CCNE2 !$ING2 $SLC6A8) and($ICT1 $estrogen_receptor_blocker_and_stops_production !$anastrozole)) or($CARD9 !$C7orf10) $hormone_therapyClass) 
-189 and(or(and(or(and(!$ICT1 !$IFIT1 !$fluorouracil) $PPEF1 $epirubicin) or($ZNF14 !$anti_HER2)) and($CCNE2 !$ING2 $SLC6A8) and($ICT1 $estrogen_receptor_blocker_and_stops_production)) or($CARD9 !$C7orf10) $hormone_therapyClass) 
-189 and(or(and(or(and(or(!$TSPAN32 !$ICT1) !$IFIT1) $PPEF1) or($ZNF14 !$anti_HER2)) and($CCNE2 !$ING2 $OTOR $SLC6A8) and($ICT1 $estrogen_receptor_blocker_and_stops_production)) or($CARD9 !$C7orf10) $hormone_therapyClass) 
-189 and(or(and(or(and(or(!$TSPAN32 !$ICT1) !$IFIT1) $PPEF1) or($ZNF14 !$anti_HER2)) and($CCNE2 !$ING2 $SLC6A8) and($RPL36 $ICT1 $estrogen_receptor_blocker_and_stops_production)) or($CARD9 !$C7orf10) $hormone_therapyClass) 
-189 and(or(and(or(and(or(!$TSPAN32 !$ICT1) !$IFIT1) $PPEF1 !$CARD9) or($ZNF14 !$anti_HER2)) and($CCNE2 !$ING2 $SLC6A8) and($ICT1 $estrogen_receptor_blocker_and_stops_production)) or($CARD9 !$C7orf10) $hormone_therapyClass) 
-189 and(or(and(or(and(or($COL11A1 !$ICT1 !$SLC6A8) !$IFIT1) $PPEF1) or($ZNF14 !$anti_HER2)) and($CCNE2 !$ING2 $SLC6A8) and($ICT1 $estrogen_receptor_blocker_and_stops_production)) or($CARD9 !$C7orf10) $hormone_therapyClass) 
-189 and(or(and(or(and(or($KCNH4 !$ICT1) !$IFIT1) $PPEF1 $paclitaxel) or($ZNF14 !$anti_HER2)) and($CCNE2 !$ING2 $SLC6A8) and($ICT1 $estrogen_receptor_blocker_and_stops_production)) or($CARD9 !$C7orf10) $hormone_therapyClass) 
-189 and(or(and(or(and(or($POU3F2 !$ICT1) !$IFIT1) $PPEF1) or($ZNF14 !$anti_HER2)) and($CCNE2 !$ING2 $OTOR $SLC6A8) and($ICT1 $estrogen_receptor_blocker_and_stops_production)) or($CARD9 !$C7orf10) $hormone_therapyClass) 
-189 and(or(and(or(and(or($TNNI1 !$ICT1) !$IFIT1) !$GZMM $PPEF1) or($ZNF14 !$anti_HER2)) and($CCNE2 !$ING2 $SLC6A8) and($ICT1 $estrogen_receptor_blocker_and_stops_production)) or($CARD9 !$C7orf10) $hormone_therapyClass) 
-189 and(or(and(or(and(or($TNNI1 !$ICT1) !$IFIT1) $PPEF1) or($ZNF14 !$anti_HER2)) and(!$C9 $CCNE2 !$ING2 $SLC6A8) and($ICT1 $estrogen_receptor_blocker_and_stops_production)) or($CARD9 !$C7orf10) $hormone_therapyClass) 
-189 and(or(and(or(and(or($TNNI1 !$ICT1) !$IFIT1) $PPEF1) or($ZNF14 !$anti_HER2)) and($PSMD5 $CCNE2 !$ING2 $SLC6A8) and($ICT1 $estrogen_receptor_blocker_and_stops_production)) or($CARD9 !$C7orf10) $hormone_therapyClass) 
-189 and(or(and(or(and(or($TNNI1 !$ICT1) !$IFIT1) $PPEF1) or($ZNF14 !$anti_HER2) !$anastrozole) and($CCNE2 !$ING2 $SLC6A8) and($ICT1 $estrogen_receptor_blocker_and_stops_production)) or($CARD9 !$C7orf10) $hormone_therapyClass) 
-189 and(or(and(or(and(or($TNNI1 !$ICT1 $PFN2) !$IFIT1) $PPEF1) or($ZNF14 !$anti_HER2)) and($CCNE2 !$ING2 $SLC6A8) and($ICT1 $estrogen_receptor_blocker_and_stops_production)) or($CARD9 !$C7orf10) $hormone_therapyClass) 
-189 and(or(and(or(and(or($TNNI1 !$ICT1 $anti_estrogen) !$IFIT1) $PPEF1) or($ZNF14 !$anti_HER2)) and($CCNE2 !$ING2 $SLC6A8) and($ICT1 $estrogen_receptor_blocker_and_stops_production)) or($CARD9 !$C7orf10) $hormone_therapyClass) 
-189 and(or(and(or(and(or($RACGAP1 !$ICT1 !$SLC6A8) !$IFIT1) $PPEF1) or($ZNF14 !$anti_HER2)) and($CCNE2 !$ING2 $SLC6A8) and($ICT1 $estrogen_receptor_blocker_and_stops_production)) or($CARD9 !$C7orf10) $hormone_therapyClass) 
-189 and(or(and(or(and(or(!$ICT1 !$SLC6A8) $ZNF613 !$IFIT1) $PPEF1) or($ZNF14 !$anti_HER2)) and($CCNE2 !$ING2 $SLC6A8) and($ICT1 $estrogen_receptor_blocker_and_stops_production)) or($CARD9 !$C7orf10) $hormone_therapyClass) 
-189 and(or(and(or(and(or(!$ICT1 !$SLC6A8) !$IFIT1) $PPEF1) or($ZNF14 !$anti_HER2)) and($CCNE2 !$ING2 $SLC6A8) and($KLRF1 $ICT1 $estrogen_receptor_blocker_and_stops_production)) or($CARD9 !$C7orf10) $hormone_therapyClass) 
-189 and(or(and(or(and(or(!$ICT1 !$SLC6A8) !$IFIT1) $PPEF1) or($ZNF14 !$anti_HER2)) and($CCNE2 !$ING2 $SLC6A8) and($ICT1 $ZNF613 $estrogen_receptor_blocker_and_stops_production)) or($CARD9 !$C7orf10) $hormone_therapyClass) 
-189 and(or(and(or(and(or(!$ICT1 !$SLC6A8) !$IFIT1) $PPEF1) or($ZNF14 !$anti_HER2)) and($CCNE2 !$ING2 $SLC6A8) and($ICT1 $postmenopausal_only $estrogen_receptor_blocker_and_stops_production)) or($CARD9 !$C7orf10) $hormone_therapyClass) 
-189 and(or(and(or(and(or(!$ICT1 !$SLC6A8) !$IFIT1) $PPEF1) or($ZNF14 !$anti_HER2)) and($CCNE2 !$ING2 $SLC6A8) and($ICT1 $aromatase_inhibitor $estrogen_receptor_blocker_and_stops_production)) or($CARD9 !$C7orf10) $hormone_therapyClass) 
-189 and(or(and(or(and(or(!$ICT1 !$SLC6A8) !$IFIT1) $PPEF1) or($ZNF14 !$anti_HER2)) and($CCNE2 !$ING2 $SLC6A8) and($ICT1 $estrogen_receptor_blocker_and_stops_production)) or($CARD9 !$C7orf10 !$oral) $hormone_therapyClass) 
-189 and(or(and(or(and(or(!$ICT1 !$SLC6A8) !$IFIT1) $PPEF1) or($ZNF14 !$anti_HER2)) and($CCNE2 !$ING2 $SLC6A8 !$epirubicin) and($ICT1 $estrogen_receptor_blocker_and_stops_production)) or($CARD9 !$C7orf10) $hormone_therapyClass) 
