-186 and(or(and($ICT1 !$FOS) !$IFIT1) $postmenopausal_only) 
-185 and(or(and(or(!$FOS $PTGES) $ICT1) !$IFIT1) $postmenopausal_only) 
-186 and(or(and($C9 $ICT1 !$FOS) !$IFIT1) $postmenopausal_only) 
-186 and(or(and($DDN $ICT1 !$FOS) !$IFIT1) $postmenopausal_only) 
-186 and(or(and($POU3F2 $ICT1 !$FOS) !$IFIT1) $postmenopausal_only) 
-186 and(or(and($DUOX2 $ICT1 !$FOS) !$IFIT1) $postmenopausal_only) 
-186 and(or(and(!$SAG $ICT1 !$FOS) !$IFIT1) $postmenopausal_only) 
-186 and(or(and($TDP1 $ICT1 !$FOS) !$IFIT1) $postmenopausal_only) 
-186 and(or(and($ARHGAP15 $ICT1 !$FOS) !$IFIT1) $postmenopausal_only) 
-186 and(or(and($ICT1 $CBX4 !$FOS) !$IFIT1) $postmenopausal_only) 
-186 and(or(and($ICT1 !$FOS) !$IFIT1) $DDN $postmenopausal_only) 
-186 and(or(and($ICT1 !$FOS) !$IFIT1) $EIF1AY $postmenopausal_only) 
-186 and(or(and($ICT1 !$FOS) !$IFIT1) $POU3F2 $postmenopausal_only) 
-186 and(or(and($ICT1 !$FOS) !$IFIT1) $DUOX2 $postmenopausal_only) 
-186 and(or(and($ICT1 !$FOS) !$IFIT1) $TDP1 $postmenopausal_only) 
-186 and(or(and($ICT1 !$FOS) !$IFIT1) $DLX6 $postmenopausal_only) 
-186 and(or(and($ICT1 !$FOS) !$IFIT1) $TNNI1 $postmenopausal_only) 
-186 and(or(and($ICT1 !$FOS) !$IFIT1) $LY6H $postmenopausal_only) 
-186 and(or(and($ICT1 !$FOS) !$IFIT1) $CWF19L1 $postmenopausal_only) 
-186 and(or(and($ICT1 !$FOS) !$IFIT1) $postmenopausal_only !$anthracycline) 
-186 and(or(and($ICT1 !$FOS) !$IFIT1) $postmenopausal_only $anti_estrogen) 
-186 and(or(and($ICT1 !$FOS) !$IFIT1) $postmenopausal_only !$anastrozole) 
-186 and(or(and($ICT1 !$FOS) !$IFIT1) $postmenopausal_only !$other) 
-186 and(or(and($ICT1 !$FOS) !$IFIT1 $anastrozole) $postmenopausal_only) 
-186 and(or(and($ICT1 !$FOS !$intarvenous) !$IFIT1) $postmenopausal_only) 
-186 and(or(and($ICT1 !$FOS !$taxane) !$IFIT1) $postmenopausal_only) 
-186 and(or(and($ICT1 !$FOS !$capecitabine) !$IFIT1) $postmenopausal_only) 
-186 and(or(and(or(!$EIF1AY !$FOS) $ICT1) !$IFIT1) $postmenopausal_only) 
-186 and(or(and(or(!$POU3F2 !$FOS) $ICT1) !$IFIT1) $postmenopausal_only) 
-186 and(or(and(or(!$MYBPC2 !$FOS) $ICT1) !$IFIT1) $postmenopausal_only) 
-186 and(or(and(or(!$KLRF1 !$FOS) $ICT1) !$IFIT1) $postmenopausal_only) 
-186 and(or(and(or($ETV7 !$FOS) $ICT1) !$IFIT1) $postmenopausal_only) 
-186 and(or(and(or($ICT1 $epirubicin) !$FOS) !$IFIT1) $postmenopausal_only) 
-186 and(or(and(or(!$TTC31 !$FOS) $ICT1) !$IFIT1) $postmenopausal_only) 
-186 and(or(and(or(!$FOS !$MYO1A) $ICT1) !$IFIT1) $postmenopausal_only) 
-186 and(or(and(or(!$FOS !$C9orf38) $ICT1) !$IFIT1) $postmenopausal_only) 
-186 and(or(and(or(!$FOS !$hormone_therapyClass) $ICT1) !$IFIT1) $postmenopausal_only) 
-186 and(or(and(or(!$FOS $docetaxel) $ICT1) !$IFIT1) $postmenopausal_only) 
-186 and(or(and($ICT1 !$FOS) !$IFIT1) or($postmenopausal_only $anti_estrogen)) 
-186 and(or(and($ICT1 !$FOS) !$IFIT1) or($postmenopausal_only $aromatase_inhibitor)) 
-186 and(or(and($ICT1 !$FOS) !$IFIT1) or($postmenopausal_only $letrozole)) 
-186 and(or(and(or(0<($race) !$FOS) $ICT1) !$IFIT1) $postmenopausal_only) 
-186 and(or(and($ICT1 !$FOS) !$IFIT1) not(0<($race)) $postmenopausal_only) 
-185 and(or(and($DUOX2 $ICT1 !$FOS) !$TDP1 !$IFIT1) $postmenopausal_only) 
-185 and(or(and($ARHGAP15 $ICT1 !$FOS) !$TDP1 !$IFIT1) $postmenopausal_only) 
-185 and(or(and($ICT1 !$FOS !$taxane) !$TDP1 !$IFIT1) $postmenopausal_only) 
-185 and(or(and(or($SGK2 !$FOS $PTGES) $ICT1) !$IFIT1) $postmenopausal_only) 
-185 and(or(and(or(!$EIF1AY !$TDP1 !$FOS) $ICT1) !$IFIT1) $postmenopausal_only) 
-185 and(or(and(or($SAG !$FOS $PTGES) $ICT1) !$IFIT1) $postmenopausal_only) 
-185 and(or(and(or($PPEF1 $ICT1) $ARHGAP15 !$FOS) !$IFIT1) $postmenopausal_only) 
-185 and(or(and(or($PPEF1 $ICT1) !$FOS) !$IFIT1) $EIF1AY $postmenopausal_only) 
-185 and(or(and(or(!$TDP1 !$FOS) $ICT1) !$IFIT1) $EIF1AY $postmenopausal_only) 
-185 and(or(and(or(!$VPS8 !$FOS) $ICT1) !$IFIT1) $postmenopausal_only !$other) 
-185 and(or(and(or(!$VPS8 !$FOS !$C9orf38) $ICT1) !$IFIT1) $postmenopausal_only) 
-185 and(or(and(or(!$IRS4 !$FOS $PTGES) $ICT1) !$IFIT1) $postmenopausal_only) 
-185 and(or(and(or(!$FOS $PTGES) $C9 $ICT1) !$IFIT1) $postmenopausal_only) 
-185 and(or(and(or(!$FOS $PTGES) $POU3F2 $ICT1) !$IFIT1) $postmenopausal_only) 
-185 and(or(and(or(!$FOS $PTGES) $DUOX2 $ICT1) !$IFIT1) $postmenopausal_only) 
-185 and(or(and(or(!$FOS $PTGES) $ARHGAP15 $ICT1) !$IFIT1) $postmenopausal_only) 
-185 and(or(and(or(!$FOS $PTGES) $ICT1) !$IFIT1) $DDN $postmenopausal_only) 
-185 and(or(and(or(!$FOS $PTGES) $ICT1) !$IFIT1) $DLX6 $postmenopausal_only) 
-185 and(or(and(or(!$FOS $PTGES) $ICT1) !$IFIT1) $TNNI1 $postmenopausal_only) 
-185 and(or(and(or(!$FOS $PTGES) $ICT1) !$IFIT1) $CWF19L1 $postmenopausal_only) 
-185 and(or(and(or(!$FOS $PTGES) $ICT1) !$IFIT1) $postmenopausal_only !$anthracycline) 
-185 and(or(and(or(!$FOS $PTGES) $ICT1) !$IFIT1 !$MYO1A) $postmenopausal_only) 
-185 and(or(and(or(!$FOS $PTGES) $ICT1) !$IFIT1 $docetaxel) $postmenopausal_only) 
-185 and(or(and(or(!$FOS $PTGES) $ICT1 $KEL) !$IFIT1) $postmenopausal_only) 
-185 and(or(and(or(!$FOS $PTGES) $ICT1 !$anthracycline) !$IFIT1) $postmenopausal_only) 
-185 and(or(and(or(!$FOS $PTGES) $ICT1 !$taxane) !$IFIT1) $postmenopausal_only) 
-185 and(or(and(or(and(!$TDP1 $ETV7) !$FOS) $ICT1) !$IFIT1) $postmenopausal_only) 
-185 and(or(and(or(and($TNNI1 $PTGES) !$FOS) $ICT1) !$IFIT1) $postmenopausal_only) 
-185 and(or(and(or(and($GPI $PTGES) !$FOS) $ICT1) !$IFIT1) $postmenopausal_only) 
-185 and(or(and(or(and($CREB3 $PTGES) !$FOS) $ICT1) !$IFIT1) $postmenopausal_only) 
-185 and(or(and(or(0<($race) !$FOS $PTGES) $ICT1) !$IFIT1) $postmenopausal_only) 
-185 and(or(and(or(!$EIF1AY !$FOS) or($PPEF1 $ICT1)) !$IFIT1) $postmenopausal_only) 
-185 and(or(and(or(!$FOS $PTGES) $ICT1) !$IFIT1) or($postmenopausal_only $aromatase_inhibitor)) 
-185 and(or(and(or(!$FOS $PTGES) $ICT1) !$IFIT1) or($postmenopausal_only $letrozole)) 
-185 and(or(and(or(!$FOS $PTGES) $ICT1) !$IFIT1) not(0<($race)) $postmenopausal_only) 
-184 and(or(and(or($PPEF1 $ICT1) $ARHGAP15 !$FOS) !$TDP1 !$IFIT1) $postmenopausal_only) 
-184 and(or(and(or(!$EIF1AY !$TDP1 !$FOS) or($PPEF1 $ICT1)) !$IFIT1) $postmenopausal_only) 
-184 and(or(and(or($PPEF1 $ICT1) or(!$TDP1 !$FOS)) !$IFIT1) $EIF1AY $postmenopausal_only) 
-189 and(or($ICT1 !$IFIT1) $postmenopausal_only) 
-187 and(or(and(!$SGK2 $ICT1 !$FOS) !$IFIT1) $postmenopausal_only) 
-187 and(or(and($ICT1 !$FOS) !$C9 !$IFIT1) $postmenopausal_only) 
-187 and(or(and($ICT1 !$FOS) !$DTX2 !$IFIT1) $postmenopausal_only) 
-187 and(or(and($ICT1 !$FOS) !$KLRF1 !$IFIT1) $postmenopausal_only) 
-187 and(or(and($ICT1 !$FOS) !$LY6H !$IFIT1) $postmenopausal_only) 
-187 and(or(and($ICT1 !$FOS) !$IFIT1 !$C9orf38) $postmenopausal_only) 
-187 and(or(and(or($F2R !$FOS) $ICT1) !$IFIT1) $postmenopausal_only) 
-187 and(or(and(or($GPM6B !$FOS) $ICT1) !$IFIT1) $postmenopausal_only) 
-187 and(or(and(or(!$PRPSAP2 !$FOS) $ICT1) !$IFIT1) $postmenopausal_only) 
-187 and(or(and(or(!$GPI !$FOS) $ICT1) !$IFIT1) $postmenopausal_only) 
-187 and(or(and(or($ICT1 $ING2) !$FOS) !$IFIT1) $postmenopausal_only) 
-187 and(or(and(or($ICT1 !$SLCO4A1) !$FOS) !$IFIT1) $postmenopausal_only) 
-187 and(or(and(or($ICT1 !$LY6H) !$FOS) !$IFIT1) $postmenopausal_only) 
-187 and(or(and(or(!$FBXO7 !$FOS) $ICT1) !$IFIT1) $postmenopausal_only) 
-187 and(or(and(or(!$ARID4B !$FOS) $ICT1) !$IFIT1) $postmenopausal_only) 
-187 and(or(and(or(!$FOS !$AZIN1) $ICT1) !$IFIT1) $postmenopausal_only) 
-187 and(or(and(or(!$FOS $PFN2) $ICT1) !$IFIT1) $postmenopausal_only) 
-187 and(or(and($DTX2 !$IFIT1) and($ICT1 !$FOS)) $postmenopausal_only) 
